2022-08-24 10:40:10,733 - /root/PycharmProjects/paper/Logger.py[line:40] - INFO: estimation:[-769.42664]
2022-08-24 10:40:10,733 - /root/PycharmProjects/paper/Logger.py[line:40] - INFO: estimation:[-769.42664]
2022-08-24 10:40:10,821 - /root/PycharmProjects/paper/Logger.py[line:40] - INFO: estimation:[-732.4511]
2022-08-24 10:40:10,821 - /root/PycharmProjects/paper/Logger.py[line:40] - INFO: estimation:[-732.4511]
2022-08-24 10:40:10,905 - /root/PycharmProjects/paper/Logger.py[line:40] - INFO: estimation:[-713.08655]
2022-08-24 10:40:10,905 - /root/PycharmProjects/paper/Logger.py[line:40] - INFO: estimation:[-713.08655]
2022-08-24 10:40:10,991 - /root/PycharmProjects/paper/Logger.py[line:40] - INFO: estimation:[-701.4889]
2022-08-24 10:40:10,991 - /root/PycharmProjects/paper/Logger.py[line:40] - INFO: estimation:[-701.4889]
2022-08-24 10:40:11,070 - /root/PycharmProjects/paper/Logger.py[line:40] - INFO: estimation:[-644.44934]
2022-08-24 10:40:11,070 - /root/PycharmProjects/paper/Logger.py[line:40] - INFO: estimation:[-644.44934]
2022-08-24 10:40:11,152 - /root/PycharmProjects/paper/Logger.py[line:40] - INFO: estimation:[-729.97485]
2022-08-24 10:40:11,152 - /root/PycharmProjects/paper/Logger.py[line:40] - INFO: estimation:[-729.97485]
2022-08-24 10:40:11,236 - /root/PycharmProjects/paper/Logger.py[line:40] - INFO: estimation:[-656.61]
2022-08-24 10:40:11,236 - /root/PycharmProjects/paper/Logger.py[line:40] - INFO: estimation:[-656.61]
2022-08-24 10:40:11,320 - /root/PycharmProjects/paper/Logger.py[line:40] - INFO: estimation:[-758.1887]
2022-08-24 10:40:11,320 - /root/PycharmProjects/paper/Logger.py[line:40] - INFO: estimation:[-758.1887]
2022-08-24 10:40:11,406 - /root/PycharmProjects/paper/Logger.py[line:40] - INFO: estimation:[-688.64905]
2022-08-24 10:40:11,406 - /root/PycharmProjects/paper/Logger.py[line:40] - INFO: estimation:[-688.64905]
2022-08-24 10:40:11,529 - /root/PycharmProjects/paper/Logger.py[line:40] - INFO: estimation:[-675.6294]
2022-08-24 10:40:11,529 - /root/PycharmProjects/paper/Logger.py[line:40] - INFO: estimation:[-675.6294]
2022-08-24 10:40:11,640 - /root/PycharmProjects/paper/Logger.py[line:40] - INFO: estimation:[-692.07043]
2022-08-24 10:40:11,640 - /root/PycharmProjects/paper/Logger.py[line:40] - INFO: estimation:[-692.07043]
2022-08-24 10:40:11,733 - /root/PycharmProjects/paper/Logger.py[line:40] - INFO: estimation:[-710.26434]
2022-08-24 10:40:11,733 - /root/PycharmProjects/paper/Logger.py[line:40] - INFO: estimation:[-710.26434]
2022-08-24 10:40:11,768 - /root/PycharmProjects/paper/Logger.py[line:40] - INFO: real ate:0.47330272
2022-08-24 10:40:11,768 - /root/PycharmProjects/paper/Logger.py[line:40] - INFO: real ate:0.47330272
2022-08-24 10:40:11,768 - /root/PycharmProjects/paper/Logger.py[line:40] - INFO: real ate:0.47330272
2022-08-24 10:40:11,768 - /root/PycharmProjects/paper/Logger.py[line:40] - INFO: real ate:0.47330272
2022-08-24 10:40:11,777 - /root/PycharmProjects/paper/Logger.py[line:40] - INFO: rl predict ate:-0.11048249
2022-08-24 10:40:11,777 - /root/PycharmProjects/paper/Logger.py[line:40] - INFO: rl predict ate:-0.11048249
2022-08-24 10:40:11,777 - /root/PycharmProjects/paper/Logger.py[line:40] - INFO: rl predict ate:-0.11048249
2022-08-24 10:40:11,777 - /root/PycharmProjects/paper/Logger.py[line:40] - INFO: rl predict ate:-0.11048249
2022-08-24 10:40:11,785 - /root/PycharmProjects/paper/Logger.py[line:40] - INFO: rl predict ate diff:0.3408052016335752
2022-08-24 10:40:11,785 - /root/PycharmProjects/paper/Logger.py[line:40] - INFO: rl predict ate diff:0.3408052016335752
2022-08-24 10:40:11,785 - /root/PycharmProjects/paper/Logger.py[line:40] - INFO: rl predict ate diff:0.3408052016335752
2022-08-24 10:40:11,785 - /root/PycharmProjects/paper/Logger.py[line:40] - INFO: rl predict ate diff:0.3408052016335752
2022-08-24 10:40:11,793 - /root/PycharmProjects/paper/Logger.py[line:40] - INFO: rl predict ate diff mean:0.3408052016335752
2022-08-24 10:40:11,793 - /root/PycharmProjects/paper/Logger.py[line:40] - INFO: rl predict ate diff mean:0.3408052016335752
2022-08-24 10:40:11,793 - /root/PycharmProjects/paper/Logger.py[line:40] - INFO: rl predict ate diff mean:0.3408052016335752
2022-08-24 10:40:11,793 - /root/PycharmProjects/paper/Logger.py[line:40] - INFO: rl predict ate diff mean:0.3408052016335752
2022-08-24 10:40:11,827 - /root/PycharmProjects/paper/Logger.py[line:40] - INFO: real ate:0.4455781
2022-08-24 10:40:11,827 - /root/PycharmProjects/paper/Logger.py[line:40] - INFO: real ate:0.4455781
2022-08-24 10:40:11,827 - /root/PycharmProjects/paper/Logger.py[line:40] - INFO: real ate:0.4455781
2022-08-24 10:40:11,827 - /root/PycharmProjects/paper/Logger.py[line:40] - INFO: real ate:0.4455781
2022-08-24 10:40:11,836 - /root/PycharmProjects/paper/Logger.py[line:40] - INFO: rl predict ate:-0.11048249
2022-08-24 10:40:11,836 - /root/PycharmProjects/paper/Logger.py[line:40] - INFO: rl predict ate:-0.11048249
2022-08-24 10:40:11,836 - /root/PycharmProjects/paper/Logger.py[line:40] - INFO: rl predict ate:-0.11048249
2022-08-24 10:40:11,836 - /root/PycharmProjects/paper/Logger.py[line:40] - INFO: rl predict ate:-0.11048249
2022-08-24 10:40:11,844 - /root/PycharmProjects/paper/Logger.py[line:40] - INFO: rl predict ate diff:0.309203404442119
2022-08-24 10:40:11,844 - /root/PycharmProjects/paper/Logger.py[line:40] - INFO: rl predict ate diff:0.309203404442119
2022-08-24 10:40:11,844 - /root/PycharmProjects/paper/Logger.py[line:40] - INFO: rl predict ate diff:0.309203404442119
2022-08-24 10:40:11,844 - /root/PycharmProjects/paper/Logger.py[line:40] - INFO: rl predict ate diff:0.309203404442119
2022-08-24 10:40:11,852 - /root/PycharmProjects/paper/Logger.py[line:40] - INFO: rl predict ate diff mean:0.3250043030378471
2022-08-24 10:40:11,852 - /root/PycharmProjects/paper/Logger.py[line:40] - INFO: rl predict ate diff mean:0.3250043030378471
2022-08-24 10:40:11,852 - /root/PycharmProjects/paper/Logger.py[line:40] - INFO: rl predict ate diff mean:0.3250043030378471
2022-08-24 10:40:11,852 - /root/PycharmProjects/paper/Logger.py[line:40] - INFO: rl predict ate diff mean:0.3250043030378471
2022-08-24 10:40:11,885 - /root/PycharmProjects/paper/Logger.py[line:40] - INFO: real ate:0.4636904
2022-08-24 10:40:11,885 - /root/PycharmProjects/paper/Logger.py[line:40] - INFO: real ate:0.4636904
2022-08-24 10:40:11,885 - /root/PycharmProjects/paper/Logger.py[line:40] - INFO: real ate:0.4636904
2022-08-24 10:40:11,885 - /root/PycharmProjects/paper/Logger.py[line:40] - INFO: real ate:0.4636904
2022-08-24 10:40:11,893 - /root/PycharmProjects/paper/Logger.py[line:40] - INFO: rl predict ate:-0.11048249
2022-08-24 10:40:11,893 - /root/PycharmProjects/paper/Logger.py[line:40] - INFO: rl predict ate:-0.11048249
2022-08-24 10:40:11,893 - /root/PycharmProjects/paper/Logger.py[line:40] - INFO: rl predict ate:-0.11048249
2022-08-24 10:40:11,893 - /root/PycharmProjects/paper/Logger.py[line:40] - INFO: rl predict ate:-0.11048249
2022-08-24 10:40:11,901 - /root/PycharmProjects/paper/Logger.py[line:40] - INFO: rl predict ate diff:0.3296745352035977
2022-08-24 10:40:11,901 - /root/PycharmProjects/paper/Logger.py[line:40] - INFO: rl predict ate diff:0.3296745352035977
2022-08-24 10:40:11,901 - /root/PycharmProjects/paper/Logger.py[line:40] - INFO: rl predict ate diff:0.3296745352035977
2022-08-24 10:40:11,901 - /root/PycharmProjects/paper/Logger.py[line:40] - INFO: rl predict ate diff:0.3296745352035977
2022-08-24 10:40:11,910 - /root/PycharmProjects/paper/Logger.py[line:40] - INFO: rl predict ate diff mean:0.3265610470930973
2022-08-24 10:40:11,910 - /root/PycharmProjects/paper/Logger.py[line:40] - INFO: rl predict ate diff mean:0.3265610470930973
2022-08-24 10:40:11,910 - /root/PycharmProjects/paper/Logger.py[line:40] - INFO: rl predict ate diff mean:0.3265610470930973
2022-08-24 10:40:11,910 - /root/PycharmProjects/paper/Logger.py[line:40] - INFO: rl predict ate diff mean:0.3265610470930973
2022-08-24 10:40:11,942 - /root/PycharmProjects/paper/Logger.py[line:40] - INFO: real ate:0.4579382
2022-08-24 10:40:11,942 - /root/PycharmProjects/paper/Logger.py[line:40] - INFO: real ate:0.4579382
2022-08-24 10:40:11,942 - /root/PycharmProjects/paper/Logger.py[line:40] - INFO: real ate:0.4579382
2022-08-24 10:40:11,942 - /root/PycharmProjects/paper/Logger.py[line:40] - INFO: real ate:0.4579382
2022-08-24 10:40:11,951 - /root/PycharmProjects/paper/Logger.py[line:40] - INFO: rl predict ate:-0.11048249
2022-08-24 10:40:11,951 - /root/PycharmProjects/paper/Logger.py[line:40] - INFO: rl predict ate:-0.11048249
2022-08-24 10:40:11,951 - /root/PycharmProjects/paper/Logger.py[line:40] - INFO: rl predict ate:-0.11048249
2022-08-24 10:40:11,951 - /root/PycharmProjects/paper/Logger.py[line:40] - INFO: rl predict ate:-0.11048249
2022-08-24 10:40:11,958 - /root/PycharmProjects/paper/Logger.py[line:40] - INFO: rl predict ate diff:0.3231021014872546
2022-08-24 10:40:11,958 - /root/PycharmProjects/paper/Logger.py[line:40] - INFO: rl predict ate diff:0.3231021014872546
2022-08-24 10:40:11,958 - /root/PycharmProjects/paper/Logger.py[line:40] - INFO: rl predict ate diff:0.3231021014872546
2022-08-24 10:40:11,958 - /root/PycharmProjects/paper/Logger.py[line:40] - INFO: rl predict ate diff:0.3231021014872546
2022-08-24 10:40:11,964 - /root/PycharmProjects/paper/Logger.py[line:40] - INFO: rl predict ate diff mean:0.3256963106916366
2022-08-24 10:40:11,964 - /root/PycharmProjects/paper/Logger.py[line:40] - INFO: rl predict ate diff mean:0.3256963106916366
2022-08-24 10:40:11,964 - /root/PycharmProjects/paper/Logger.py[line:40] - INFO: rl predict ate diff mean:0.3256963106916366
2022-08-24 10:40:11,964 - /root/PycharmProjects/paper/Logger.py[line:40] - INFO: rl predict ate diff mean:0.3256963106916366
2022-08-24 10:40:12,001 - /root/PycharmProjects/paper/Logger.py[line:40] - INFO: real ate:0.44600928
2022-08-24 10:40:12,001 - /root/PycharmProjects/paper/Logger.py[line:40] - INFO: real ate:0.44600928
2022-08-24 10:40:12,001 - /root/PycharmProjects/paper/Logger.py[line:40] - INFO: real ate:0.44600928
2022-08-24 10:40:12,001 - /root/PycharmProjects/paper/Logger.py[line:40] - INFO: real ate:0.44600928
2022-08-24 10:40:12,009 - /root/PycharmProjects/paper/Logger.py[line:40] - INFO: rl predict ate:-0.11048249
2022-08-24 10:40:12,009 - /root/PycharmProjects/paper/Logger.py[line:40] - INFO: rl predict ate:-0.11048249
2022-08-24 10:40:12,009 - /root/PycharmProjects/paper/Logger.py[line:40] - INFO: rl predict ate:-0.11048249
2022-08-24 10:40:12,009 - /root/PycharmProjects/paper/Logger.py[line:40] - INFO: rl predict ate:-0.11048249
2022-08-24 10:40:12,015 - /root/PycharmProjects/paper/Logger.py[line:40] - INFO: rl predict ate diff:0.30968311478818933
2022-08-24 10:40:12,015 - /root/PycharmProjects/paper/Logger.py[line:40] - INFO: rl predict ate diff:0.30968311478818933
2022-08-24 10:40:12,015 - /root/PycharmProjects/paper/Logger.py[line:40] - INFO: rl predict ate diff:0.30968311478818933
2022-08-24 10:40:12,015 - /root/PycharmProjects/paper/Logger.py[line:40] - INFO: rl predict ate diff:0.30968311478818933
2022-08-24 10:40:12,021 - /root/PycharmProjects/paper/Logger.py[line:40] - INFO: rl predict ate diff mean:0.32249367151094716
2022-08-24 10:40:12,021 - /root/PycharmProjects/paper/Logger.py[line:40] - INFO: rl predict ate diff mean:0.32249367151094716
2022-08-24 10:40:12,021 - /root/PycharmProjects/paper/Logger.py[line:40] - INFO: rl predict ate diff mean:0.32249367151094716
2022-08-24 10:40:12,021 - /root/PycharmProjects/paper/Logger.py[line:40] - INFO: rl predict ate diff mean:0.32249367151094716
2022-08-24 10:40:12,057 - /root/PycharmProjects/paper/Logger.py[line:40] - INFO: real ate:0.42234898
2022-08-24 10:40:12,057 - /root/PycharmProjects/paper/Logger.py[line:40] - INFO: real ate:0.42234898
2022-08-24 10:40:12,057 - /root/PycharmProjects/paper/Logger.py[line:40] - INFO: real ate:0.42234898
2022-08-24 10:40:12,057 - /root/PycharmProjects/paper/Logger.py[line:40] - INFO: real ate:0.42234898
2022-08-24 10:40:12,065 - /root/PycharmProjects/paper/Logger.py[line:40] - INFO: rl predict ate:-0.11048249
2022-08-24 10:40:12,065 - /root/PycharmProjects/paper/Logger.py[line:40] - INFO: rl predict ate:-0.11048249
2022-08-24 10:40:12,065 - /root/PycharmProjects/paper/Logger.py[line:40] - INFO: rl predict ate:-0.11048249
2022-08-24 10:40:12,065 - /root/PycharmProjects/paper/Logger.py[line:40] - INFO: rl predict ate:-0.11048249
2022-08-24 10:40:12,073 - /root/PycharmProjects/paper/Logger.py[line:40] - INFO: rl predict ate diff:0.2839093967780606
2022-08-24 10:40:12,073 - /root/PycharmProjects/paper/Logger.py[line:40] - INFO: rl predict ate diff:0.2839093967780606
2022-08-24 10:40:12,073 - /root/PycharmProjects/paper/Logger.py[line:40] - INFO: rl predict ate diff:0.2839093967780606
2022-08-24 10:40:12,073 - /root/PycharmProjects/paper/Logger.py[line:40] - INFO: rl predict ate diff:0.2839093967780606
2022-08-24 10:40:12,081 - /root/PycharmProjects/paper/Logger.py[line:40] - INFO: rl predict ate diff mean:0.31606295905546605
2022-08-24 10:40:12,081 - /root/PycharmProjects/paper/Logger.py[line:40] - INFO: rl predict ate diff mean:0.31606295905546605
2022-08-24 10:40:12,081 - /root/PycharmProjects/paper/Logger.py[line:40] - INFO: rl predict ate diff mean:0.31606295905546605
2022-08-24 10:40:12,081 - /root/PycharmProjects/paper/Logger.py[line:40] - INFO: rl predict ate diff mean:0.31606295905546605
2022-08-24 10:40:12,114 - /root/PycharmProjects/paper/Logger.py[line:40] - INFO: real ate:0.454273
2022-08-24 10:40:12,114 - /root/PycharmProjects/paper/Logger.py[line:40] - INFO: real ate:0.454273
2022-08-24 10:40:12,114 - /root/PycharmProjects/paper/Logger.py[line:40] - INFO: real ate:0.454273
2022-08-24 10:40:12,114 - /root/PycharmProjects/paper/Logger.py[line:40] - INFO: real ate:0.454273
2022-08-24 10:40:12,124 - /root/PycharmProjects/paper/Logger.py[line:40] - INFO: rl predict ate:-0.11048249
2022-08-24 10:40:12,124 - /root/PycharmProjects/paper/Logger.py[line:40] - INFO: rl predict ate:-0.11048249
2022-08-24 10:40:12,124 - /root/PycharmProjects/paper/Logger.py[line:40] - INFO: rl predict ate:-0.11048249
2022-08-24 10:40:12,124 - /root/PycharmProjects/paper/Logger.py[line:40] - INFO: rl predict ate:-0.11048249
2022-08-24 10:40:12,133 - /root/PycharmProjects/paper/Logger.py[line:40] - INFO: rl predict ate diff:0.31894877406069
2022-08-24 10:40:12,133 - /root/PycharmProjects/paper/Logger.py[line:40] - INFO: rl predict ate diff:0.31894877406069
2022-08-24 10:40:12,133 - /root/PycharmProjects/paper/Logger.py[line:40] - INFO: rl predict ate diff:0.31894877406069
2022-08-24 10:40:12,133 - /root/PycharmProjects/paper/Logger.py[line:40] - INFO: rl predict ate diff:0.31894877406069
2022-08-24 10:40:12,141 - /root/PycharmProjects/paper/Logger.py[line:40] - INFO: rl predict ate diff mean:0.31647521834192666
2022-08-24 10:40:12,141 - /root/PycharmProjects/paper/Logger.py[line:40] - INFO: rl predict ate diff mean:0.31647521834192666
2022-08-24 10:40:12,141 - /root/PycharmProjects/paper/Logger.py[line:40] - INFO: rl predict ate diff mean:0.31647521834192666
2022-08-24 10:40:12,141 - /root/PycharmProjects/paper/Logger.py[line:40] - INFO: rl predict ate diff mean:0.31647521834192666
2022-08-24 10:40:12,171 - /root/PycharmProjects/paper/Logger.py[line:40] - INFO: real ate:0.44385695
2022-08-24 10:40:12,171 - /root/PycharmProjects/paper/Logger.py[line:40] - INFO: real ate:0.44385695
2022-08-24 10:40:12,171 - /root/PycharmProjects/paper/Logger.py[line:40] - INFO: real ate:0.44385695
2022-08-24 10:40:12,171 - /root/PycharmProjects/paper/Logger.py[line:40] - INFO: real ate:0.44385695
2022-08-24 10:40:12,180 - /root/PycharmProjects/paper/Logger.py[line:40] - INFO: rl predict ate:-0.11048249
2022-08-24 10:40:12,180 - /root/PycharmProjects/paper/Logger.py[line:40] - INFO: rl predict ate:-0.11048249
2022-08-24 10:40:12,180 - /root/PycharmProjects/paper/Logger.py[line:40] - INFO: rl predict ate:-0.11048249
2022-08-24 10:40:12,180 - /root/PycharmProjects/paper/Logger.py[line:40] - INFO: rl predict ate:-0.11048249
2022-08-24 10:40:12,189 - /root/PycharmProjects/paper/Logger.py[line:40] - INFO: rl predict ate diff:0.30729224631375374
2022-08-24 10:40:12,189 - /root/PycharmProjects/paper/Logger.py[line:40] - INFO: rl predict ate diff:0.30729224631375374
2022-08-24 10:40:12,189 - /root/PycharmProjects/paper/Logger.py[line:40] - INFO: rl predict ate diff:0.30729224631375374
2022-08-24 10:40:12,189 - /root/PycharmProjects/paper/Logger.py[line:40] - INFO: rl predict ate diff:0.30729224631375374
2022-08-24 10:40:12,197 - /root/PycharmProjects/paper/Logger.py[line:40] - INFO: rl predict ate diff mean:0.315327346838405
2022-08-24 10:40:12,197 - /root/PycharmProjects/paper/Logger.py[line:40] - INFO: rl predict ate diff mean:0.315327346838405
2022-08-24 10:40:12,197 - /root/PycharmProjects/paper/Logger.py[line:40] - INFO: rl predict ate diff mean:0.315327346838405
2022-08-24 10:40:12,197 - /root/PycharmProjects/paper/Logger.py[line:40] - INFO: rl predict ate diff mean:0.315327346838405
2022-08-24 10:40:12,231 - /root/PycharmProjects/paper/Logger.py[line:40] - INFO: real ate:0.41958737
2022-08-24 10:40:12,231 - /root/PycharmProjects/paper/Logger.py[line:40] - INFO: real ate:0.41958737
2022-08-24 10:40:12,231 - /root/PycharmProjects/paper/Logger.py[line:40] - INFO: real ate:0.41958737
2022-08-24 10:40:12,231 - /root/PycharmProjects/paper/Logger.py[line:40] - INFO: real ate:0.41958737
2022-08-24 10:40:12,240 - /root/PycharmProjects/paper/Logger.py[line:40] - INFO: rl predict ate:-0.11048249
2022-08-24 10:40:12,240 - /root/PycharmProjects/paper/Logger.py[line:40] - INFO: rl predict ate:-0.11048249
2022-08-24 10:40:12,240 - /root/PycharmProjects/paper/Logger.py[line:40] - INFO: rl predict ate:-0.11048249
2022-08-24 10:40:12,240 - /root/PycharmProjects/paper/Logger.py[line:40] - INFO: rl predict ate:-0.11048249
2022-08-24 10:40:12,248 - /root/PycharmProjects/paper/Logger.py[line:40] - INFO: rl predict ate diff:0.2809740857806595
2022-08-24 10:40:12,248 - /root/PycharmProjects/paper/Logger.py[line:40] - INFO: rl predict ate diff:0.2809740857806595
2022-08-24 10:40:12,248 - /root/PycharmProjects/paper/Logger.py[line:40] - INFO: rl predict ate diff:0.2809740857806595
2022-08-24 10:40:12,248 - /root/PycharmProjects/paper/Logger.py[line:40] - INFO: rl predict ate diff:0.2809740857806595
2022-08-24 10:40:12,257 - /root/PycharmProjects/paper/Logger.py[line:40] - INFO: rl predict ate diff mean:0.31151031783198885
2022-08-24 10:40:12,257 - /root/PycharmProjects/paper/Logger.py[line:40] - INFO: rl predict ate diff mean:0.31151031783198885
2022-08-24 10:40:12,257 - /root/PycharmProjects/paper/Logger.py[line:40] - INFO: rl predict ate diff mean:0.31151031783198885
2022-08-24 10:40:12,257 - /root/PycharmProjects/paper/Logger.py[line:40] - INFO: rl predict ate diff mean:0.31151031783198885
2022-08-24 10:40:12,294 - /root/PycharmProjects/paper/Logger.py[line:40] - INFO: real ate:0.49218094
2022-08-24 10:40:12,294 - /root/PycharmProjects/paper/Logger.py[line:40] - INFO: real ate:0.49218094
2022-08-24 10:40:12,294 - /root/PycharmProjects/paper/Logger.py[line:40] - INFO: real ate:0.49218094
2022-08-24 10:40:12,294 - /root/PycharmProjects/paper/Logger.py[line:40] - INFO: real ate:0.49218094
2022-08-24 10:40:12,304 - /root/PycharmProjects/paper/Logger.py[line:40] - INFO: rl predict ate:-0.11048249
2022-08-24 10:40:12,304 - /root/PycharmProjects/paper/Logger.py[line:40] - INFO: rl predict ate:-0.11048249
2022-08-24 10:40:12,304 - /root/PycharmProjects/paper/Logger.py[line:40] - INFO: rl predict ate:-0.11048249
2022-08-24 10:40:12,304 - /root/PycharmProjects/paper/Logger.py[line:40] - INFO: rl predict ate:-0.11048249
2022-08-24 10:40:12,312 - /root/PycharmProjects/paper/Logger.py[line:40] - INFO: rl predict ate diff:0.36320324287766326
2022-08-24 10:40:12,312 - /root/PycharmProjects/paper/Logger.py[line:40] - INFO: rl predict ate diff:0.36320324287766326
2022-08-24 10:40:12,312 - /root/PycharmProjects/paper/Logger.py[line:40] - INFO: rl predict ate diff:0.36320324287766326
2022-08-24 10:40:12,312 - /root/PycharmProjects/paper/Logger.py[line:40] - INFO: rl predict ate diff:0.36320324287766326
2022-08-24 10:40:12,320 - /root/PycharmProjects/paper/Logger.py[line:40] - INFO: rl predict ate diff mean:0.3166796103365563
2022-08-24 10:40:12,320 - /root/PycharmProjects/paper/Logger.py[line:40] - INFO: rl predict ate diff mean:0.3166796103365563
2022-08-24 10:40:12,320 - /root/PycharmProjects/paper/Logger.py[line:40] - INFO: rl predict ate diff mean:0.3166796103365563
2022-08-24 10:40:12,320 - /root/PycharmProjects/paper/Logger.py[line:40] - INFO: rl predict ate diff mean:0.3166796103365563
2022-08-24 10:40:12,353 - /root/PycharmProjects/paper/Logger.py[line:40] - INFO: real ate:0.46048498
2022-08-24 10:40:12,353 - /root/PycharmProjects/paper/Logger.py[line:40] - INFO: real ate:0.46048498
2022-08-24 10:40:12,353 - /root/PycharmProjects/paper/Logger.py[line:40] - INFO: real ate:0.46048498
2022-08-24 10:40:12,353 - /root/PycharmProjects/paper/Logger.py[line:40] - INFO: real ate:0.46048498
2022-08-24 10:40:12,363 - /root/PycharmProjects/paper/Logger.py[line:40] - INFO: rl predict ate:-0.11048249
2022-08-24 10:40:12,363 - /root/PycharmProjects/paper/Logger.py[line:40] - INFO: rl predict ate:-0.11048249
2022-08-24 10:40:12,363 - /root/PycharmProjects/paper/Logger.py[line:40] - INFO: rl predict ate:-0.11048249
2022-08-24 10:40:12,363 - /root/PycharmProjects/paper/Logger.py[line:40] - INFO: rl predict ate:-0.11048249
2022-08-24 10:40:12,371 - /root/PycharmProjects/paper/Logger.py[line:40] - INFO: rl predict ate diff:0.3260038808506671
2022-08-24 10:40:12,371 - /root/PycharmProjects/paper/Logger.py[line:40] - INFO: rl predict ate diff:0.3260038808506671
2022-08-24 10:40:12,371 - /root/PycharmProjects/paper/Logger.py[line:40] - INFO: rl predict ate diff:0.3260038808506671
2022-08-24 10:40:12,371 - /root/PycharmProjects/paper/Logger.py[line:40] - INFO: rl predict ate diff:0.3260038808506671
2022-08-24 10:40:12,379 - /root/PycharmProjects/paper/Logger.py[line:40] - INFO: rl predict ate diff mean:0.31752727129238456
2022-08-24 10:40:12,379 - /root/PycharmProjects/paper/Logger.py[line:40] - INFO: rl predict ate diff mean:0.31752727129238456
2022-08-24 10:40:12,379 - /root/PycharmProjects/paper/Logger.py[line:40] - INFO: rl predict ate diff mean:0.31752727129238456
2022-08-24 10:40:12,379 - /root/PycharmProjects/paper/Logger.py[line:40] - INFO: rl predict ate diff mean:0.31752727129238456
2022-08-24 10:40:12,419 - /root/PycharmProjects/paper/Logger.py[line:40] - INFO: real ate:0.48948097
2022-08-24 10:40:12,419 - /root/PycharmProjects/paper/Logger.py[line:40] - INFO: real ate:0.48948097
2022-08-24 10:40:12,419 - /root/PycharmProjects/paper/Logger.py[line:40] - INFO: real ate:0.48948097
2022-08-24 10:40:12,419 - /root/PycharmProjects/paper/Logger.py[line:40] - INFO: real ate:0.48948097
2022-08-24 10:40:12,429 - /root/PycharmProjects/paper/Logger.py[line:40] - INFO: rl predict ate:-0.11048249
2022-08-24 10:40:12,429 - /root/PycharmProjects/paper/Logger.py[line:40] - INFO: rl predict ate:-0.11048249
2022-08-24 10:40:12,429 - /root/PycharmProjects/paper/Logger.py[line:40] - INFO: rl predict ate:-0.11048249
2022-08-24 10:40:12,429 - /root/PycharmProjects/paper/Logger.py[line:40] - INFO: rl predict ate:-0.11048249
2022-08-24 10:40:12,440 - /root/PycharmProjects/paper/Logger.py[line:40] - INFO: rl predict ate diff:0.3599561847667907
2022-08-24 10:40:12,440 - /root/PycharmProjects/paper/Logger.py[line:40] - INFO: rl predict ate diff:0.3599561847667907
2022-08-24 10:40:12,440 - /root/PycharmProjects/paper/Logger.py[line:40] - INFO: rl predict ate diff:0.3599561847667907
2022-08-24 10:40:12,440 - /root/PycharmProjects/paper/Logger.py[line:40] - INFO: rl predict ate diff:0.3599561847667907
2022-08-24 10:40:12,450 - /root/PycharmProjects/paper/Logger.py[line:40] - INFO: rl predict ate diff mean:0.3210630140819184
2022-08-24 10:40:12,450 - /root/PycharmProjects/paper/Logger.py[line:40] - INFO: rl predict ate diff mean:0.3210630140819184
2022-08-24 10:40:12,450 - /root/PycharmProjects/paper/Logger.py[line:40] - INFO: rl predict ate diff mean:0.3210630140819184
2022-08-24 10:40:12,450 - /root/PycharmProjects/paper/Logger.py[line:40] - INFO: rl predict ate diff mean:0.3210630140819184
