2023-03-09 21:45:58,134 - /root/PycharmProjects/paper/Logger.py[line:40] - INFO: estimation:[-2784.556]
2023-03-09 21:45:58,205 - /root/PycharmProjects/paper/Logger.py[line:40] - INFO: estimation:[-2668.9524]
2023-03-09 21:45:58,271 - /root/PycharmProjects/paper/Logger.py[line:40] - INFO: estimation:[-2754.4546]
2023-03-09 21:45:58,343 - /root/PycharmProjects/paper/Logger.py[line:40] - INFO: estimation:[-2733.5835]
2023-03-09 21:45:58,416 - /root/PycharmProjects/paper/Logger.py[line:40] - INFO: estimation:[-2146.085]
2023-03-09 21:45:58,490 - /root/PycharmProjects/paper/Logger.py[line:40] - INFO: estimation:[-2833.7026]
2023-03-09 21:45:58,563 - /root/PycharmProjects/paper/Logger.py[line:40] - INFO: estimation:[-2408.0217]
2023-03-09 21:45:58,631 - /root/PycharmProjects/paper/Logger.py[line:40] - INFO: estimation:[-3004.1396]
2023-03-09 21:45:58,699 - /root/PycharmProjects/paper/Logger.py[line:40] - INFO: estimation:[-2506.1318]
2023-03-09 21:45:58,771 - /root/PycharmProjects/paper/Logger.py[line:40] - INFO: estimation:[-2708.1633]
2023-03-09 21:45:58,846 - /root/PycharmProjects/paper/Logger.py[line:40] - INFO: estimation:[-2773.0918]
2023-03-09 21:45:58,919 - /root/PycharmProjects/paper/Logger.py[line:40] - INFO: estimation:[-2477.729]
2023-03-09 21:45:58,943 - /root/PycharmProjects/paper/Logger.py[line:40] - INFO: real ate:0.47330272
2023-03-09 21:45:58,943 - /root/PycharmProjects/paper/Logger.py[line:40] - INFO: real ate:0.47330272
2023-03-09 21:45:58,943 - /root/PycharmProjects/paper/Logger.py[line:40] - INFO: rl predict ate:-1.0
2023-03-09 21:45:58,943 - /root/PycharmProjects/paper/Logger.py[line:40] - INFO: rl predict ate:-1.0
2023-03-09 21:45:58,943 - /root/PycharmProjects/paper/Logger.py[line:40] - INFO: rl predict ate diff:2.1706209105855265
2023-03-09 21:45:58,943 - /root/PycharmProjects/paper/Logger.py[line:40] - INFO: rl predict ate diff:2.1706209105855265
2023-03-09 21:45:58,943 - /root/PycharmProjects/paper/Logger.py[line:40] - INFO: rl predict ate diff MAE:1.4733027
2023-03-09 21:45:58,943 - /root/PycharmProjects/paper/Logger.py[line:40] - INFO: rl predict ate diff MAE:1.4733027
2023-03-09 21:45:58,943 - /root/PycharmProjects/paper/Logger.py[line:40] - INFO: rl predict ate diff MSE mean:2.1706209105855265
2023-03-09 21:45:58,943 - /root/PycharmProjects/paper/Logger.py[line:40] - INFO: rl predict ate diff MSE mean:2.1706209105855265
2023-03-09 21:45:58,944 - /root/PycharmProjects/paper/Logger.py[line:40] - INFO: rl predict ate diff MAE mean:1.4733027219772339
2023-03-09 21:45:58,944 - /root/PycharmProjects/paper/Logger.py[line:40] - INFO: rl predict ate diff MAE mean:1.4733027219772339
2023-03-09 21:45:58,944 - /root/PycharmProjects/paper/Logger.py[line:40] - INFO: rl predict ate diff RMSE mean:1.4733027219772339
2023-03-09 21:45:58,944 - /root/PycharmProjects/paper/Logger.py[line:40] - INFO: rl predict ate diff RMSE mean:1.4733027219772339
2023-03-09 21:45:58,967 - /root/PycharmProjects/paper/Logger.py[line:40] - INFO: real ate:0.4455781
2023-03-09 21:45:58,967 - /root/PycharmProjects/paper/Logger.py[line:40] - INFO: real ate:0.4455781
2023-03-09 21:45:58,967 - /root/PycharmProjects/paper/Logger.py[line:40] - INFO: rl predict ate:-1.0
2023-03-09 21:45:58,967 - /root/PycharmProjects/paper/Logger.py[line:40] - INFO: rl predict ate:-1.0
2023-03-09 21:45:58,967 - /root/PycharmProjects/paper/Logger.py[line:40] - INFO: rl predict ate diff:2.0896960382763154
2023-03-09 21:45:58,967 - /root/PycharmProjects/paper/Logger.py[line:40] - INFO: rl predict ate diff:2.0896960382763154
2023-03-09 21:45:58,967 - /root/PycharmProjects/paper/Logger.py[line:40] - INFO: rl predict ate diff MAE:1.4455781
2023-03-09 21:45:58,967 - /root/PycharmProjects/paper/Logger.py[line:40] - INFO: rl predict ate diff MAE:1.4455781
2023-03-09 21:45:58,967 - /root/PycharmProjects/paper/Logger.py[line:40] - INFO: rl predict ate diff MSE mean:2.130158474430921
2023-03-09 21:45:58,967 - /root/PycharmProjects/paper/Logger.py[line:40] - INFO: rl predict ate diff MSE mean:2.130158474430921
2023-03-09 21:45:58,967 - /root/PycharmProjects/paper/Logger.py[line:40] - INFO: rl predict ate diff MAE mean:1.4594404697418213
2023-03-09 21:45:58,967 - /root/PycharmProjects/paper/Logger.py[line:40] - INFO: rl predict ate diff MAE mean:1.4594404697418213
2023-03-09 21:45:58,967 - /root/PycharmProjects/paper/Logger.py[line:40] - INFO: rl predict ate diff RMSE mean:1.4595062433682566
2023-03-09 21:45:58,967 - /root/PycharmProjects/paper/Logger.py[line:40] - INFO: rl predict ate diff RMSE mean:1.4595062433682566
2023-03-09 21:45:58,992 - /root/PycharmProjects/paper/Logger.py[line:40] - INFO: real ate:0.4636904
2023-03-09 21:45:58,992 - /root/PycharmProjects/paper/Logger.py[line:40] - INFO: real ate:0.4636904
2023-03-09 21:45:58,992 - /root/PycharmProjects/paper/Logger.py[line:40] - INFO: rl predict ate:-1.0
2023-03-09 21:45:58,992 - /root/PycharmProjects/paper/Logger.py[line:40] - INFO: rl predict ate:-1.0
2023-03-09 21:45:58,992 - /root/PycharmProjects/paper/Logger.py[line:40] - INFO: rl predict ate diff:2.142389587413973
2023-03-09 21:45:58,992 - /root/PycharmProjects/paper/Logger.py[line:40] - INFO: rl predict ate diff:2.142389587413973
2023-03-09 21:45:58,992 - /root/PycharmProjects/paper/Logger.py[line:40] - INFO: rl predict ate diff MAE:1.4636904
2023-03-09 21:45:58,992 - /root/PycharmProjects/paper/Logger.py[line:40] - INFO: rl predict ate diff MAE:1.4636904
2023-03-09 21:45:58,992 - /root/PycharmProjects/paper/Logger.py[line:40] - INFO: rl predict ate diff MSE mean:2.1342355120919385
2023-03-09 21:45:58,992 - /root/PycharmProjects/paper/Logger.py[line:40] - INFO: rl predict ate diff MSE mean:2.1342355120919385
2023-03-09 21:45:58,993 - /root/PycharmProjects/paper/Logger.py[line:40] - INFO: rl predict ate diff MAE mean:1.4608570337295532
2023-03-09 21:45:58,993 - /root/PycharmProjects/paper/Logger.py[line:40] - INFO: rl predict ate diff MAE mean:1.4608570337295532
2023-03-09 21:45:58,993 - /root/PycharmProjects/paper/Logger.py[line:40] - INFO: rl predict ate diff RMSE mean:1.460902293821164
2023-03-09 21:45:58,993 - /root/PycharmProjects/paper/Logger.py[line:40] - INFO: rl predict ate diff RMSE mean:1.460902293821164
2023-03-09 21:45:59,018 - /root/PycharmProjects/paper/Logger.py[line:40] - INFO: real ate:0.4579382
2023-03-09 21:45:59,018 - /root/PycharmProjects/paper/Logger.py[line:40] - INFO: real ate:0.4579382
2023-03-09 21:45:59,018 - /root/PycharmProjects/paper/Logger.py[line:40] - INFO: rl predict ate:-1.0
2023-03-09 21:45:59,018 - /root/PycharmProjects/paper/Logger.py[line:40] - INFO: rl predict ate:-1.0
2023-03-09 21:45:59,018 - /root/PycharmProjects/paper/Logger.py[line:40] - INFO: rl predict ate diff:2.125583778325563
2023-03-09 21:45:59,018 - /root/PycharmProjects/paper/Logger.py[line:40] - INFO: rl predict ate diff:2.125583778325563
2023-03-09 21:45:59,018 - /root/PycharmProjects/paper/Logger.py[line:40] - INFO: rl predict ate diff MAE:1.4579382
2023-03-09 21:45:59,018 - /root/PycharmProjects/paper/Logger.py[line:40] - INFO: rl predict ate diff MAE:1.4579382
2023-03-09 21:45:59,019 - /root/PycharmProjects/paper/Logger.py[line:40] - INFO: rl predict ate diff MSE mean:2.1320725786503445
2023-03-09 21:45:59,019 - /root/PycharmProjects/paper/Logger.py[line:40] - INFO: rl predict ate diff MSE mean:2.1320725786503445
2023-03-09 21:45:59,019 - /root/PycharmProjects/paper/Logger.py[line:40] - INFO: rl predict ate diff MAE mean:1.460127353668213
2023-03-09 21:45:59,019 - /root/PycharmProjects/paper/Logger.py[line:40] - INFO: rl predict ate diff MAE mean:1.460127353668213
2023-03-09 21:45:59,019 - /root/PycharmProjects/paper/Logger.py[line:40] - INFO: rl predict ate diff RMSE mean:1.4601618330343882
2023-03-09 21:45:59,019 - /root/PycharmProjects/paper/Logger.py[line:40] - INFO: rl predict ate diff RMSE mean:1.4601618330343882
2023-03-09 21:45:59,041 - /root/PycharmProjects/paper/Logger.py[line:40] - INFO: real ate:0.44600928
2023-03-09 21:45:59,041 - /root/PycharmProjects/paper/Logger.py[line:40] - INFO: real ate:0.44600928
2023-03-09 21:45:59,042 - /root/PycharmProjects/paper/Logger.py[line:40] - INFO: rl predict ate:-1.0
2023-03-09 21:45:59,042 - /root/PycharmProjects/paper/Logger.py[line:40] - INFO: rl predict ate:-1.0
2023-03-09 21:45:59,042 - /root/PycharmProjects/paper/Logger.py[line:40] - INFO: rl predict ate diff:2.090942832922238
2023-03-09 21:45:59,042 - /root/PycharmProjects/paper/Logger.py[line:40] - INFO: rl predict ate diff:2.090942832922238
2023-03-09 21:45:59,042 - /root/PycharmProjects/paper/Logger.py[line:40] - INFO: rl predict ate diff MAE:1.4460093
2023-03-09 21:45:59,042 - /root/PycharmProjects/paper/Logger.py[line:40] - INFO: rl predict ate diff MAE:1.4460093
2023-03-09 21:45:59,042 - /root/PycharmProjects/paper/Logger.py[line:40] - INFO: rl predict ate diff MSE mean:2.1238466295047234
2023-03-09 21:45:59,042 - /root/PycharmProjects/paper/Logger.py[line:40] - INFO: rl predict ate diff MSE mean:2.1238466295047234
2023-03-09 21:45:59,042 - /root/PycharmProjects/paper/Logger.py[line:40] - INFO: rl predict ate diff MAE mean:1.457303762435913
2023-03-09 21:45:59,042 - /root/PycharmProjects/paper/Logger.py[line:40] - INFO: rl predict ate diff MAE mean:1.457303762435913
2023-03-09 21:45:59,042 - /root/PycharmProjects/paper/Logger.py[line:40] - INFO: rl predict ate diff RMSE mean:1.4573423172009805
2023-03-09 21:45:59,042 - /root/PycharmProjects/paper/Logger.py[line:40] - INFO: rl predict ate diff RMSE mean:1.4573423172009805
2023-03-09 21:45:59,066 - /root/PycharmProjects/paper/Logger.py[line:40] - INFO: real ate:0.42234898
2023-03-09 21:45:59,066 - /root/PycharmProjects/paper/Logger.py[line:40] - INFO: real ate:0.42234898
2023-03-09 21:45:59,066 - /root/PycharmProjects/paper/Logger.py[line:40] - INFO: rl predict ate:-1.0
2023-03-09 21:45:59,066 - /root/PycharmProjects/paper/Logger.py[line:40] - INFO: rl predict ate:-1.0
2023-03-09 21:45:59,066 - /root/PycharmProjects/paper/Logger.py[line:40] - INFO: rl predict ate diff:2.023076609913005
2023-03-09 21:45:59,066 - /root/PycharmProjects/paper/Logger.py[line:40] - INFO: rl predict ate diff:2.023076609913005
2023-03-09 21:45:59,066 - /root/PycharmProjects/paper/Logger.py[line:40] - INFO: rl predict ate diff MAE:1.422349
2023-03-09 21:45:59,066 - /root/PycharmProjects/paper/Logger.py[line:40] - INFO: rl predict ate diff MAE:1.422349
2023-03-09 21:45:59,066 - /root/PycharmProjects/paper/Logger.py[line:40] - INFO: rl predict ate diff MSE mean:2.107051626239437
2023-03-09 21:45:59,066 - /root/PycharmProjects/paper/Logger.py[line:40] - INFO: rl predict ate diff MSE mean:2.107051626239437
2023-03-09 21:45:59,066 - /root/PycharmProjects/paper/Logger.py[line:40] - INFO: rl predict ate diff MAE mean:1.4514780044555664
2023-03-09 21:45:59,066 - /root/PycharmProjects/paper/Logger.py[line:40] - INFO: rl predict ate diff MAE mean:1.4514780044555664
2023-03-09 21:45:59,066 - /root/PycharmProjects/paper/Logger.py[line:40] - INFO: rl predict ate diff RMSE mean:1.451568677755013
2023-03-09 21:45:59,066 - /root/PycharmProjects/paper/Logger.py[line:40] - INFO: rl predict ate diff RMSE mean:1.451568677755013
2023-03-09 21:45:59,093 - /root/PycharmProjects/paper/Logger.py[line:40] - INFO: real ate:0.454273
2023-03-09 21:45:59,093 - /root/PycharmProjects/paper/Logger.py[line:40] - INFO: real ate:0.454273
2023-03-09 21:45:59,094 - /root/PycharmProjects/paper/Logger.py[line:40] - INFO: rl predict ate:-1.0
2023-03-09 21:45:59,094 - /root/PycharmProjects/paper/Logger.py[line:40] - INFO: rl predict ate:-1.0
2023-03-09 21:45:59,094 - /root/PycharmProjects/paper/Logger.py[line:40] - INFO: rl predict ate diff:2.114909916234012
2023-03-09 21:45:59,094 - /root/PycharmProjects/paper/Logger.py[line:40] - INFO: rl predict ate diff:2.114909916234012
2023-03-09 21:45:59,094 - /root/PycharmProjects/paper/Logger.py[line:40] - INFO: rl predict ate diff MAE:1.454273
2023-03-09 21:45:59,094 - /root/PycharmProjects/paper/Logger.py[line:40] - INFO: rl predict ate diff MAE:1.454273
2023-03-09 21:45:59,094 - /root/PycharmProjects/paper/Logger.py[line:40] - INFO: rl predict ate diff MSE mean:2.108174239095805
2023-03-09 21:45:59,094 - /root/PycharmProjects/paper/Logger.py[line:40] - INFO: rl predict ate diff MSE mean:2.108174239095805
2023-03-09 21:45:59,094 - /root/PycharmProjects/paper/Logger.py[line:40] - INFO: rl predict ate diff MAE mean:1.4518773555755615
2023-03-09 21:45:59,094 - /root/PycharmProjects/paper/Logger.py[line:40] - INFO: rl predict ate diff MAE mean:1.4518773555755615
2023-03-09 21:45:59,094 - /root/PycharmProjects/paper/Logger.py[line:40] - INFO: rl predict ate diff RMSE mean:1.4519553158054848
2023-03-09 21:45:59,094 - /root/PycharmProjects/paper/Logger.py[line:40] - INFO: rl predict ate diff RMSE mean:1.4519553158054848
2023-03-09 21:45:59,117 - /root/PycharmProjects/paper/Logger.py[line:40] - INFO: real ate:0.44385695
2023-03-09 21:45:59,117 - /root/PycharmProjects/paper/Logger.py[line:40] - INFO: real ate:0.44385695
2023-03-09 21:45:59,117 - /root/PycharmProjects/paper/Logger.py[line:40] - INFO: rl predict ate:-1.0
2023-03-09 21:45:59,117 - /root/PycharmProjects/paper/Logger.py[line:40] - INFO: rl predict ate:-1.0
2023-03-09 21:45:59,117 - /root/PycharmProjects/paper/Logger.py[line:40] - INFO: rl predict ate diff:2.084722905273395
2023-03-09 21:45:59,117 - /root/PycharmProjects/paper/Logger.py[line:40] - INFO: rl predict ate diff:2.084722905273395
2023-03-09 21:45:59,117 - /root/PycharmProjects/paper/Logger.py[line:40] - INFO: rl predict ate diff MAE:1.443857
2023-03-09 21:45:59,117 - /root/PycharmProjects/paper/Logger.py[line:40] - INFO: rl predict ate diff MAE:1.443857
2023-03-09 21:45:59,118 - /root/PycharmProjects/paper/Logger.py[line:40] - INFO: rl predict ate diff MSE mean:2.1052428223680035
2023-03-09 21:45:59,118 - /root/PycharmProjects/paper/Logger.py[line:40] - INFO: rl predict ate diff MSE mean:2.1052428223680035
2023-03-09 21:45:59,118 - /root/PycharmProjects/paper/Logger.py[line:40] - INFO: rl predict ate diff MAE mean:1.45087468624115
2023-03-09 21:45:59,118 - /root/PycharmProjects/paper/Logger.py[line:40] - INFO: rl predict ate diff MAE mean:1.45087468624115
2023-03-09 21:45:59,118 - /root/PycharmProjects/paper/Logger.py[line:40] - INFO: rl predict ate diff RMSE mean:1.4509454925558036
2023-03-09 21:45:59,118 - /root/PycharmProjects/paper/Logger.py[line:40] - INFO: rl predict ate diff RMSE mean:1.4509454925558036
2023-03-09 21:45:59,143 - /root/PycharmProjects/paper/Logger.py[line:40] - INFO: real ate:0.41958737
2023-03-09 21:45:59,143 - /root/PycharmProjects/paper/Logger.py[line:40] - INFO: real ate:0.41958737
2023-03-09 21:45:59,143 - /root/PycharmProjects/paper/Logger.py[line:40] - INFO: rl predict ate:-1.0
2023-03-09 21:45:59,143 - /root/PycharmProjects/paper/Logger.py[line:40] - INFO: rl predict ate:-1.0
2023-03-09 21:45:59,143 - /root/PycharmProjects/paper/Logger.py[line:40] - INFO: rl predict ate diff:2.015228311663634
2023-03-09 21:45:59,143 - /root/PycharmProjects/paper/Logger.py[line:40] - INFO: rl predict ate diff:2.015228311663634
2023-03-09 21:45:59,143 - /root/PycharmProjects/paper/Logger.py[line:40] - INFO: rl predict ate diff MAE:1.4195874
2023-03-09 21:45:59,143 - /root/PycharmProjects/paper/Logger.py[line:40] - INFO: rl predict ate diff MAE:1.4195874
2023-03-09 21:45:59,143 - /root/PycharmProjects/paper/Logger.py[line:40] - INFO: rl predict ate diff MSE mean:2.095241210067518
2023-03-09 21:45:59,143 - /root/PycharmProjects/paper/Logger.py[line:40] - INFO: rl predict ate diff MSE mean:2.095241210067518
2023-03-09 21:45:59,143 - /root/PycharmProjects/paper/Logger.py[line:40] - INFO: rl predict ate diff MAE mean:1.44739830493927
2023-03-09 21:45:59,143 - /root/PycharmProjects/paper/Logger.py[line:40] - INFO: rl predict ate diff MAE mean:1.44739830493927
2023-03-09 21:45:59,143 - /root/PycharmProjects/paper/Logger.py[line:40] - INFO: rl predict ate diff RMSE mean:1.4474948048499234
2023-03-09 21:45:59,143 - /root/PycharmProjects/paper/Logger.py[line:40] - INFO: rl predict ate diff RMSE mean:1.4474948048499234
2023-03-09 21:45:59,169 - /root/PycharmProjects/paper/Logger.py[line:40] - INFO: real ate:0.49218094
2023-03-09 21:45:59,169 - /root/PycharmProjects/paper/Logger.py[line:40] - INFO: real ate:0.49218094
2023-03-09 21:45:59,169 - /root/PycharmProjects/paper/Logger.py[line:40] - INFO: rl predict ate:-1.0
2023-03-09 21:45:59,169 - /root/PycharmProjects/paper/Logger.py[line:40] - INFO: rl predict ate:-1.0
2023-03-09 21:45:59,169 - /root/PycharmProjects/paper/Logger.py[line:40] - INFO: rl predict ate diff:2.226603968111945
2023-03-09 21:45:59,169 - /root/PycharmProjects/paper/Logger.py[line:40] - INFO: rl predict ate diff:2.226603968111945
2023-03-09 21:45:59,169 - /root/PycharmProjects/paper/Logger.py[line:40] - INFO: rl predict ate diff MAE:1.492181
2023-03-09 21:45:59,169 - /root/PycharmProjects/paper/Logger.py[line:40] - INFO: rl predict ate diff MAE:1.492181
2023-03-09 21:45:59,170 - /root/PycharmProjects/paper/Logger.py[line:40] - INFO: rl predict ate diff MSE mean:2.108377485871961
2023-03-09 21:45:59,170 - /root/PycharmProjects/paper/Logger.py[line:40] - INFO: rl predict ate diff MSE mean:2.108377485871961
2023-03-09 21:45:59,170 - /root/PycharmProjects/paper/Logger.py[line:40] - INFO: rl predict ate diff MAE mean:1.4518765211105347
2023-03-09 21:45:59,170 - /root/PycharmProjects/paper/Logger.py[line:40] - INFO: rl predict ate diff MAE mean:1.4518765211105347
2023-03-09 21:45:59,170 - /root/PycharmProjects/paper/Logger.py[line:40] - INFO: rl predict ate diff RMSE mean:1.4520253048318272
2023-03-09 21:45:59,170 - /root/PycharmProjects/paper/Logger.py[line:40] - INFO: rl predict ate diff RMSE mean:1.4520253048318272
2023-03-09 21:45:59,196 - /root/PycharmProjects/paper/Logger.py[line:40] - INFO: real ate:0.46048498
2023-03-09 21:45:59,196 - /root/PycharmProjects/paper/Logger.py[line:40] - INFO: real ate:0.46048498
2023-03-09 21:45:59,196 - /root/PycharmProjects/paper/Logger.py[line:40] - INFO: rl predict ate:-1.0
2023-03-09 21:45:59,196 - /root/PycharmProjects/paper/Logger.py[line:40] - INFO: rl predict ate:-1.0
2023-03-09 21:45:59,196 - /root/PycharmProjects/paper/Logger.py[line:40] - INFO: rl predict ate diff:2.1330163812947376
2023-03-09 21:45:59,196 - /root/PycharmProjects/paper/Logger.py[line:40] - INFO: rl predict ate diff:2.1330163812947376
2023-03-09 21:45:59,196 - /root/PycharmProjects/paper/Logger.py[line:40] - INFO: rl predict ate diff MAE:1.460485
2023-03-09 21:45:59,196 - /root/PycharmProjects/paper/Logger.py[line:40] - INFO: rl predict ate diff MAE:1.460485
2023-03-09 21:45:59,196 - /root/PycharmProjects/paper/Logger.py[line:40] - INFO: rl predict ate diff MSE mean:2.1106173854558494
2023-03-09 21:45:59,196 - /root/PycharmProjects/paper/Logger.py[line:40] - INFO: rl predict ate diff MSE mean:2.1106173854558494
2023-03-09 21:45:59,196 - /root/PycharmProjects/paper/Logger.py[line:40] - INFO: rl predict ate diff MAE mean:1.4526591300964355
2023-03-09 21:45:59,196 - /root/PycharmProjects/paper/Logger.py[line:40] - INFO: rl predict ate diff MAE mean:1.4526591300964355
2023-03-09 21:45:59,196 - /root/PycharmProjects/paper/Logger.py[line:40] - INFO: rl predict ate diff RMSE mean:1.452796401928312
2023-03-09 21:45:59,196 - /root/PycharmProjects/paper/Logger.py[line:40] - INFO: rl predict ate diff RMSE mean:1.452796401928312
2023-03-09 21:45:59,223 - /root/PycharmProjects/paper/Logger.py[line:40] - INFO: real ate:0.48948097
2023-03-09 21:45:59,223 - /root/PycharmProjects/paper/Logger.py[line:40] - INFO: real ate:0.48948097
2023-03-09 21:45:59,223 - /root/PycharmProjects/paper/Logger.py[line:40] - INFO: rl predict ate:-1.0
2023-03-09 21:45:59,223 - /root/PycharmProjects/paper/Logger.py[line:40] - INFO: rl predict ate:-1.0
2023-03-09 21:45:59,223 - /root/PycharmProjects/paper/Logger.py[line:40] - INFO: rl predict ate diff:2.21855356681408
2023-03-09 21:45:59,223 - /root/PycharmProjects/paper/Logger.py[line:40] - INFO: rl predict ate diff:2.21855356681408
2023-03-09 21:45:59,223 - /root/PycharmProjects/paper/Logger.py[line:40] - INFO: rl predict ate diff MAE:1.489481
2023-03-09 21:45:59,223 - /root/PycharmProjects/paper/Logger.py[line:40] - INFO: rl predict ate diff MAE:1.489481
2023-03-09 21:45:59,223 - /root/PycharmProjects/paper/Logger.py[line:40] - INFO: rl predict ate diff MSE mean:2.119612067235702
2023-03-09 21:45:59,223 - /root/PycharmProjects/paper/Logger.py[line:40] - INFO: rl predict ate diff MSE mean:2.119612067235702
2023-03-09 21:45:59,223 - /root/PycharmProjects/paper/Logger.py[line:40] - INFO: rl predict ate diff MAE mean:1.4557275772094727
2023-03-09 21:45:59,223 - /root/PycharmProjects/paper/Logger.py[line:40] - INFO: rl predict ate diff MAE mean:1.4557275772094727
2023-03-09 21:45:59,223 - /root/PycharmProjects/paper/Logger.py[line:40] - INFO: rl predict ate diff RMSE mean:1.4558887551031163
2023-03-09 21:45:59,223 - /root/PycharmProjects/paper/Logger.py[line:40] - INFO: rl predict ate diff RMSE mean:1.4558887551031163
