2023-03-12 18:31:16,156 - /root/PycharmProjects/paper/Logger.py[line:40] - INFO: rewards data_subset_refuter:0.31999999999999995
2023-03-12 18:31:16,156 - /root/PycharmProjects/paper/Logger.py[line:40] - INFO: rewards data_subset_refuter:0.31999999999999995
2023-03-12 18:31:16,158 - /root/PycharmProjects/paper/Logger.py[line:40] - INFO: rewards random_add_unobserved_common_cause:0.18000000000000005
2023-03-12 18:31:16,158 - /root/PycharmProjects/paper/Logger.py[line:40] - INFO: rewards random_add_unobserved_common_cause:0.18000000000000005
2023-03-12 18:31:16,158 - /root/PycharmProjects/paper/Logger.py[line:40] - INFO: real ate:0.47330272
2023-03-12 18:31:16,158 - /root/PycharmProjects/paper/Logger.py[line:40] - INFO: real ate:0.47330272
2023-03-12 18:31:16,159 - /root/PycharmProjects/paper/Logger.py[line:40] - INFO: Base method ate:0.0
2023-03-12 18:31:16,159 - /root/PycharmProjects/paper/Logger.py[line:40] - INFO: Base method ate:0.0
2023-03-12 18:32:52,102 - /root/PycharmProjects/paper/Logger.py[line:40] - INFO: rewards data_subset_refuter:-0.040000000000000036
2023-03-12 18:32:52,102 - /root/PycharmProjects/paper/Logger.py[line:40] - INFO: rewards data_subset_refuter:-0.040000000000000036
2023-03-12 18:32:52,103 - /root/PycharmProjects/paper/Logger.py[line:40] - INFO: rewards random_add_unobserved_common_cause:0.06000000000000005
2023-03-12 18:32:52,103 - /root/PycharmProjects/paper/Logger.py[line:40] - INFO: rewards random_add_unobserved_common_cause:0.06000000000000005
2023-03-12 18:32:52,103 - /root/PycharmProjects/paper/Logger.py[line:40] - INFO: real ate:0.4455781
2023-03-12 18:32:52,103 - /root/PycharmProjects/paper/Logger.py[line:40] - INFO: real ate:0.4455781
2023-03-12 18:32:52,104 - /root/PycharmProjects/paper/Logger.py[line:40] - INFO: Base method ate:0.0
2023-03-12 18:32:52,104 - /root/PycharmProjects/paper/Logger.py[line:40] - INFO: Base method ate:0.0
2023-03-12 18:34:31,050 - /root/PycharmProjects/paper/Logger.py[line:40] - INFO: rewards data_subset_refuter:0.8
2023-03-12 18:34:31,050 - /root/PycharmProjects/paper/Logger.py[line:40] - INFO: rewards data_subset_refuter:0.8
2023-03-12 18:34:31,051 - /root/PycharmProjects/paper/Logger.py[line:40] - INFO: rewards random_add_unobserved_common_cause:0.8600000000000001
2023-03-12 18:34:31,051 - /root/PycharmProjects/paper/Logger.py[line:40] - INFO: rewards random_add_unobserved_common_cause:0.8600000000000001
2023-03-12 18:34:31,051 - /root/PycharmProjects/paper/Logger.py[line:40] - INFO: real ate:0.4636904
2023-03-12 18:34:31,051 - /root/PycharmProjects/paper/Logger.py[line:40] - INFO: real ate:0.4636904
2023-03-12 18:34:31,052 - /root/PycharmProjects/paper/Logger.py[line:40] - INFO: Base method ate:0.12437784344324689
2023-03-12 18:34:31,052 - /root/PycharmProjects/paper/Logger.py[line:40] - INFO: Base method ate:0.12437784344324689
2023-03-12 18:36:05,877 - /root/PycharmProjects/paper/Logger.py[line:40] - INFO: rewards data_subset_refuter:0.6399999999999999
2023-03-12 18:36:05,877 - /root/PycharmProjects/paper/Logger.py[line:40] - INFO: rewards data_subset_refuter:0.6399999999999999
2023-03-12 18:36:05,878 - /root/PycharmProjects/paper/Logger.py[line:40] - INFO: rewards random_add_unobserved_common_cause:0.9199999999999999
2023-03-12 18:36:05,878 - /root/PycharmProjects/paper/Logger.py[line:40] - INFO: rewards random_add_unobserved_common_cause:0.9199999999999999
2023-03-12 18:36:05,878 - /root/PycharmProjects/paper/Logger.py[line:40] - INFO: real ate:0.4579382
2023-03-12 18:36:05,878 - /root/PycharmProjects/paper/Logger.py[line:40] - INFO: real ate:0.4579382
2023-03-12 18:36:05,879 - /root/PycharmProjects/paper/Logger.py[line:40] - INFO: Base method ate:5.763888514841289e-17
2023-03-12 18:36:05,879 - /root/PycharmProjects/paper/Logger.py[line:40] - INFO: Base method ate:5.763888514841289e-17
2023-03-12 18:37:41,120 - /root/PycharmProjects/paper/Logger.py[line:40] - INFO: rewards data_subset_refuter:-0.1399999999999999
2023-03-12 18:37:41,120 - /root/PycharmProjects/paper/Logger.py[line:40] - INFO: rewards data_subset_refuter:-0.1399999999999999
2023-03-12 18:37:41,121 - /root/PycharmProjects/paper/Logger.py[line:40] - INFO: rewards random_add_unobserved_common_cause:-0.43999999999999995
2023-03-12 18:37:41,121 - /root/PycharmProjects/paper/Logger.py[line:40] - INFO: rewards random_add_unobserved_common_cause:-0.43999999999999995
2023-03-12 18:37:41,121 - /root/PycharmProjects/paper/Logger.py[line:40] - INFO: real ate:0.44600928
2023-03-12 18:37:41,121 - /root/PycharmProjects/paper/Logger.py[line:40] - INFO: real ate:0.44600928
2023-03-12 18:37:41,122 - /root/PycharmProjects/paper/Logger.py[line:40] - INFO: Base method ate:0.0
2023-03-12 18:37:41,122 - /root/PycharmProjects/paper/Logger.py[line:40] - INFO: Base method ate:0.0
2023-03-12 18:39:18,451 - /root/PycharmProjects/paper/Logger.py[line:40] - INFO: rewards data_subset_refuter:0.020000000000000018
2023-03-12 18:39:18,451 - /root/PycharmProjects/paper/Logger.py[line:40] - INFO: rewards data_subset_refuter:0.020000000000000018
2023-03-12 18:39:18,452 - /root/PycharmProjects/paper/Logger.py[line:40] - INFO: rewards random_add_unobserved_common_cause:0.24
2023-03-12 18:39:18,452 - /root/PycharmProjects/paper/Logger.py[line:40] - INFO: rewards random_add_unobserved_common_cause:0.24
2023-03-12 18:39:18,453 - /root/PycharmProjects/paper/Logger.py[line:40] - INFO: real ate:0.42234898
2023-03-12 18:39:18,453 - /root/PycharmProjects/paper/Logger.py[line:40] - INFO: real ate:0.42234898
2023-03-12 18:39:18,454 - /root/PycharmProjects/paper/Logger.py[line:40] - INFO: Base method ate:1.3723534734601838e-17
2023-03-12 18:39:18,454 - /root/PycharmProjects/paper/Logger.py[line:40] - INFO: Base method ate:1.3723534734601838e-17
2023-03-12 18:40:54,016 - /root/PycharmProjects/paper/Logger.py[line:40] - INFO: rewards data_subset_refuter:0.15999999999999992
2023-03-12 18:40:54,016 - /root/PycharmProjects/paper/Logger.py[line:40] - INFO: rewards data_subset_refuter:0.15999999999999992
2023-03-12 18:40:54,017 - /root/PycharmProjects/paper/Logger.py[line:40] - INFO: rewards random_add_unobserved_common_cause:0.6599999999999999
2023-03-12 18:40:54,017 - /root/PycharmProjects/paper/Logger.py[line:40] - INFO: rewards random_add_unobserved_common_cause:0.6599999999999999
2023-03-12 18:40:54,017 - /root/PycharmProjects/paper/Logger.py[line:40] - INFO: real ate:0.454273
2023-03-12 18:40:54,017 - /root/PycharmProjects/paper/Logger.py[line:40] - INFO: real ate:0.454273
2023-03-12 18:40:54,018 - /root/PycharmProjects/paper/Logger.py[line:40] - INFO: Base method ate:3.0741373500566453e-17
2023-03-12 18:40:54,018 - /root/PycharmProjects/paper/Logger.py[line:40] - INFO: Base method ate:3.0741373500566453e-17
2023-03-12 18:42:31,263 - /root/PycharmProjects/paper/Logger.py[line:40] - INFO: rewards data_subset_refuter:0.020000000000000018
2023-03-12 18:42:31,263 - /root/PycharmProjects/paper/Logger.py[line:40] - INFO: rewards data_subset_refuter:0.020000000000000018
2023-03-12 18:42:31,264 - /root/PycharmProjects/paper/Logger.py[line:40] - INFO: rewards random_add_unobserved_common_cause:0.15999999999999992
2023-03-12 18:42:31,264 - /root/PycharmProjects/paper/Logger.py[line:40] - INFO: rewards random_add_unobserved_common_cause:0.15999999999999992
2023-03-12 18:42:31,264 - /root/PycharmProjects/paper/Logger.py[line:40] - INFO: real ate:0.44385695
2023-03-12 18:42:31,264 - /root/PycharmProjects/paper/Logger.py[line:40] - INFO: real ate:0.44385695
2023-03-12 18:42:31,265 - /root/PycharmProjects/paper/Logger.py[line:40] - INFO: Base method ate:2.940129146647892e-17
2023-03-12 18:42:31,265 - /root/PycharmProjects/paper/Logger.py[line:40] - INFO: Base method ate:2.940129146647892e-17
2023-03-12 18:44:09,815 - /root/PycharmProjects/paper/Logger.py[line:40] - INFO: rewards data_subset_refuter:0.6
2023-03-12 18:44:09,815 - /root/PycharmProjects/paper/Logger.py[line:40] - INFO: rewards data_subset_refuter:0.6
2023-03-12 18:44:09,816 - /root/PycharmProjects/paper/Logger.py[line:40] - INFO: rewards random_add_unobserved_common_cause:0.36
2023-03-12 18:44:09,816 - /root/PycharmProjects/paper/Logger.py[line:40] - INFO: rewards random_add_unobserved_common_cause:0.36
2023-03-12 18:44:09,817 - /root/PycharmProjects/paper/Logger.py[line:40] - INFO: real ate:0.41958737
2023-03-12 18:44:09,817 - /root/PycharmProjects/paper/Logger.py[line:40] - INFO: real ate:0.41958737
2023-03-12 18:44:09,817 - /root/PycharmProjects/paper/Logger.py[line:40] - INFO: Base method ate:-0.0028935490268727515
2023-03-12 18:44:09,817 - /root/PycharmProjects/paper/Logger.py[line:40] - INFO: Base method ate:-0.0028935490268727515
2023-03-12 18:45:46,982 - /root/PycharmProjects/paper/Logger.py[line:40] - INFO: rewards data_subset_refuter:0.30000000000000004
2023-03-12 18:45:46,982 - /root/PycharmProjects/paper/Logger.py[line:40] - INFO: rewards data_subset_refuter:0.30000000000000004
2023-03-12 18:45:46,983 - /root/PycharmProjects/paper/Logger.py[line:40] - INFO: rewards random_add_unobserved_common_cause:-0.7
2023-03-12 18:45:46,983 - /root/PycharmProjects/paper/Logger.py[line:40] - INFO: rewards random_add_unobserved_common_cause:-0.7
2023-03-12 18:45:46,984 - /root/PycharmProjects/paper/Logger.py[line:40] - INFO: real ate:0.49218094
2023-03-12 18:45:46,984 - /root/PycharmProjects/paper/Logger.py[line:40] - INFO: real ate:0.49218094
2023-03-12 18:45:46,984 - /root/PycharmProjects/paper/Logger.py[line:40] - INFO: Base method ate:0.0
2023-03-12 18:45:46,984 - /root/PycharmProjects/paper/Logger.py[line:40] - INFO: Base method ate:0.0
2023-03-12 18:47:26,227 - /root/PycharmProjects/paper/Logger.py[line:40] - INFO: rewards data_subset_refuter:0.33999999999999997
2023-03-12 18:47:26,227 - /root/PycharmProjects/paper/Logger.py[line:40] - INFO: rewards data_subset_refuter:0.33999999999999997
2023-03-12 18:47:26,228 - /root/PycharmProjects/paper/Logger.py[line:40] - INFO: rewards random_add_unobserved_common_cause:0.040000000000000036
2023-03-12 18:47:26,228 - /root/PycharmProjects/paper/Logger.py[line:40] - INFO: rewards random_add_unobserved_common_cause:0.040000000000000036
2023-03-12 18:47:26,229 - /root/PycharmProjects/paper/Logger.py[line:40] - INFO: real ate:0.46048498
2023-03-12 18:47:26,229 - /root/PycharmProjects/paper/Logger.py[line:40] - INFO: real ate:0.46048498
2023-03-12 18:47:26,229 - /root/PycharmProjects/paper/Logger.py[line:40] - INFO: Base method ate:-0.01403299487631945
2023-03-12 18:47:26,229 - /root/PycharmProjects/paper/Logger.py[line:40] - INFO: Base method ate:-0.01403299487631945
2023-03-12 18:49:03,490 - /root/PycharmProjects/paper/Logger.py[line:40] - INFO: rewards data_subset_refuter:0.14
2023-03-12 18:49:03,490 - /root/PycharmProjects/paper/Logger.py[line:40] - INFO: rewards data_subset_refuter:0.14
2023-03-12 18:49:03,491 - /root/PycharmProjects/paper/Logger.py[line:40] - INFO: rewards random_add_unobserved_common_cause:0.06000000000000005
2023-03-12 18:49:03,491 - /root/PycharmProjects/paper/Logger.py[line:40] - INFO: rewards random_add_unobserved_common_cause:0.06000000000000005
2023-03-12 18:49:03,491 - /root/PycharmProjects/paper/Logger.py[line:40] - INFO: real ate:0.48948097
2023-03-12 18:49:03,491 - /root/PycharmProjects/paper/Logger.py[line:40] - INFO: real ate:0.48948097
2023-03-12 18:49:03,492 - /root/PycharmProjects/paper/Logger.py[line:40] - INFO: Base method ate:1.4070534878179713e-17
2023-03-12 18:49:03,492 - /root/PycharmProjects/paper/Logger.py[line:40] - INFO: Base method ate:1.4070534878179713e-17
2023-03-12 18:49:03,492 - /root/PycharmProjects/paper/Logger.py[line:40] - INFO: Base method ate diff MSE mean:0.20113022733539665
2023-03-12 18:49:03,492 - /root/PycharmProjects/paper/Logger.py[line:40] - INFO: Base method ate diff MSE mean:0.20113022733539665
2023-03-12 18:49:03,493 - /root/PycharmProjects/paper/Logger.py[line:40] - INFO: Base method ate diff MAE mean:0.4467733817206611
2023-03-12 18:49:03,493 - /root/PycharmProjects/paper/Logger.py[line:40] - INFO: Base method ate diff MAE mean:0.4467733817206611
2023-03-12 18:49:03,494 - /root/PycharmProjects/paper/Logger.py[line:40] - INFO: Base method ate diff RMSE mean:0.4484754478624183
2023-03-12 18:49:03,494 - /root/PycharmProjects/paper/Logger.py[line:40] - INFO: Base method ate diff RMSE mean:0.4484754478624183
2023-03-12 18:49:03,494 - /root/PycharmProjects/paper/Logger.py[line:40] - INFO: Base method total_p_value_mean_subset:0.2633333333333333
2023-03-12 18:49:03,494 - /root/PycharmProjects/paper/Logger.py[line:40] - INFO: Base method total_p_value_mean_subset:0.2633333333333333
2023-03-12 18:49:03,495 - /root/PycharmProjects/paper/Logger.py[line:40] - INFO: Base method total_p_value_mean_random:0.19999999999999998
2023-03-12 18:49:03,495 - /root/PycharmProjects/paper/Logger.py[line:40] - INFO: Base method total_p_value_mean_random:0.19999999999999998
