2023-03-30 14:26:17,629 - /root/PycharmProjects/paper/Logger.py[line:40] - INFO: rewards random_add_unobserved_common_cause:0.19999999999999996
2023-03-30 14:26:17,631 - /root/PycharmProjects/paper/Logger.py[line:40] - INFO: real ate:0.47330272
2023-03-30 14:26:17,631 - /root/PycharmProjects/paper/Logger.py[line:40] - INFO: Base method ate:0.0
2023-03-30 14:27:52,992 - /root/PycharmProjects/paper/Logger.py[line:40] - INFO: rewards random_add_unobserved_common_cause:0.19999999999999996
2023-03-30 14:27:52,993 - /root/PycharmProjects/paper/Logger.py[line:40] - INFO: real ate:0.4455781
2023-03-30 14:27:52,993 - /root/PycharmProjects/paper/Logger.py[line:40] - INFO: Base method ate:6.894895741086061e-18
2023-03-30 14:29:21,654 - /root/PycharmProjects/paper/Logger.py[line:40] - INFO: rewards random_add_unobserved_common_cause:0.21999999999999997
2023-03-30 14:29:21,654 - /root/PycharmProjects/paper/Logger.py[line:40] - INFO: real ate:0.4636904
2023-03-30 14:29:21,654 - /root/PycharmProjects/paper/Logger.py[line:40] - INFO: Base method ate:0.04211858734590833
2023-03-30 14:30:51,005 - /root/PycharmProjects/paper/Logger.py[line:40] - INFO: rewards random_add_unobserved_common_cause:0.5800000000000001
2023-03-30 14:30:51,005 - /root/PycharmProjects/paper/Logger.py[line:40] - INFO: real ate:0.4579382
2023-03-30 14:30:51,005 - /root/PycharmProjects/paper/Logger.py[line:40] - INFO: Base method ate:1.129524499186988e-17
2023-03-30 14:32:22,961 - /root/PycharmProjects/paper/Logger.py[line:40] - INFO: rewards random_add_unobserved_common_cause:0.1200000000000001
2023-03-30 14:32:22,961 - /root/PycharmProjects/paper/Logger.py[line:40] - INFO: real ate:0.44600928
2023-03-30 14:32:22,961 - /root/PycharmProjects/paper/Logger.py[line:40] - INFO: Base method ate:3.5852883518512324e-18
2023-03-30 14:33:52,093 - /root/PycharmProjects/paper/Logger.py[line:40] - INFO: rewards random_add_unobserved_common_cause:0.6
2023-03-30 14:33:52,093 - /root/PycharmProjects/paper/Logger.py[line:40] - INFO: real ate:0.42234898
2023-03-30 14:33:52,093 - /root/PycharmProjects/paper/Logger.py[line:40] - INFO: Base method ate:-4.925983207704431e-18
2023-03-30 14:35:24,573 - /root/PycharmProjects/paper/Logger.py[line:40] - INFO: rewards random_add_unobserved_common_cause:-0.10000000000000009
2023-03-30 14:35:24,574 - /root/PycharmProjects/paper/Logger.py[line:40] - INFO: real ate:0.454273
2023-03-30 14:35:24,574 - /root/PycharmProjects/paper/Logger.py[line:40] - INFO: Base method ate:0.0
2023-03-30 14:36:54,913 - /root/PycharmProjects/paper/Logger.py[line:40] - INFO: rewards random_add_unobserved_common_cause:0.18000000000000005
2023-03-30 14:36:54,913 - /root/PycharmProjects/paper/Logger.py[line:40] - INFO: real ate:0.44385695
2023-03-30 14:36:54,913 - /root/PycharmProjects/paper/Logger.py[line:40] - INFO: Base method ate:0.0
2023-03-30 14:38:24,147 - /root/PycharmProjects/paper/Logger.py[line:40] - INFO: rewards random_add_unobserved_common_cause:0.43999999999999995
2023-03-30 14:38:24,148 - /root/PycharmProjects/paper/Logger.py[line:40] - INFO: real ate:0.41958737
2023-03-30 14:38:24,148 - /root/PycharmProjects/paper/Logger.py[line:40] - INFO: Base method ate:-0.008459076490797935
2023-03-30 14:39:58,297 - /root/PycharmProjects/paper/Logger.py[line:40] - INFO: rewards random_add_unobserved_common_cause:0.76
2023-03-30 14:39:58,297 - /root/PycharmProjects/paper/Logger.py[line:40] - INFO: real ate:0.49218094
2023-03-30 14:39:58,297 - /root/PycharmProjects/paper/Logger.py[line:40] - INFO: Base method ate:-0.02079058419508605
2023-03-30 14:41:30,191 - /root/PycharmProjects/paper/Logger.py[line:40] - INFO: rewards random_add_unobserved_common_cause:0.54
2023-03-30 14:41:30,191 - /root/PycharmProjects/paper/Logger.py[line:40] - INFO: real ate:0.46048498
2023-03-30 14:41:30,191 - /root/PycharmProjects/paper/Logger.py[line:40] - INFO: Base method ate:-0.049017544467787
2023-03-30 14:43:04,171 - /root/PycharmProjects/paper/Logger.py[line:40] - INFO: rewards random_add_unobserved_common_cause:0.4
2023-03-30 14:43:04,171 - /root/PycharmProjects/paper/Logger.py[line:40] - INFO: real ate:0.48948097
2023-03-30 14:43:04,171 - /root/PycharmProjects/paper/Logger.py[line:40] - INFO: Base method ate:0.0
2023-03-30 14:43:04,171 - /root/PycharmProjects/paper/Logger.py[line:40] - INFO: Base method ate diff MSE mean:0.21135078040269342
2023-03-30 14:43:04,171 - /root/PycharmProjects/paper/Logger.py[line:40] - INFO: Base method ate diff MAE mean:0.4587400414996459
2023-03-30 14:43:04,171 - /root/PycharmProjects/paper/Logger.py[line:40] - INFO: Base method ate diff RMSE mean:0.45972902932346293
2023-03-30 14:43:04,172 - /root/PycharmProjects/paper/Logger.py[line:40] - INFO: Base method total_p_value_mean_random:0.34500000000000003
2023-03-30 15:26:12,314 - /root/PycharmProjects/paper/Logger.py[line:40] - INFO: estimation:[-748.34705]
2023-03-30 15:26:12,391 - /root/PycharmProjects/paper/Logger.py[line:40] - INFO: estimation:[-650.00525]
2023-03-30 15:26:12,465 - /root/PycharmProjects/paper/Logger.py[line:40] - INFO: estimation:[-655.6197]
2023-03-30 15:26:12,540 - /root/PycharmProjects/paper/Logger.py[line:40] - INFO: estimation:[-656.37964]
2023-03-30 15:26:12,619 - /root/PycharmProjects/paper/Logger.py[line:40] - INFO: estimation:[-636.3356]
2023-03-30 15:26:12,695 - /root/PycharmProjects/paper/Logger.py[line:40] - INFO: estimation:[-735.3806]
2023-03-30 15:26:12,773 - /root/PycharmProjects/paper/Logger.py[line:40] - INFO: estimation:[-573.9635]
2023-03-30 15:26:12,849 - /root/PycharmProjects/paper/Logger.py[line:40] - INFO: estimation:[-715.0542]
2023-03-30 15:26:12,922 - /root/PycharmProjects/paper/Logger.py[line:40] - INFO: estimation:[-635.9876]
2023-03-30 15:26:13,002 - /root/PycharmProjects/paper/Logger.py[line:40] - INFO: estimation:[-657.95337]
2023-03-30 15:26:13,079 - /root/PycharmProjects/paper/Logger.py[line:40] - INFO: estimation:[-644.1063]
2023-03-30 15:26:13,157 - /root/PycharmProjects/paper/Logger.py[line:40] - INFO: estimation:[-626.21216]
2023-03-30 15:46:19,506 - /root/PycharmProjects/paper/Logger.py[line:40] - INFO: rewards random_add_unobserved_common_cause:0.19999999999999996
2023-03-30 15:46:19,506 - /root/PycharmProjects/paper/Logger.py[line:40] - INFO: real ate:0.47330272
2023-03-30 15:46:19,506 - /root/PycharmProjects/paper/Logger.py[line:40] - INFO: Base method ate:0.031411153038819514
2023-03-30 15:47:54,921 - /root/PycharmProjects/paper/Logger.py[line:40] - INFO: rewards random_add_unobserved_common_cause:0.1399999999999999
2023-03-30 15:47:54,922 - /root/PycharmProjects/paper/Logger.py[line:40] - INFO: real ate:0.4455781
2023-03-30 15:47:54,922 - /root/PycharmProjects/paper/Logger.py[line:40] - INFO: Base method ate:7.39993158092648e-18
2023-03-30 15:49:26,067 - /root/PycharmProjects/paper/Logger.py[line:40] - INFO: rewards random_add_unobserved_common_cause:0.8999999999999999
2023-03-30 15:49:26,067 - /root/PycharmProjects/paper/Logger.py[line:40] - INFO: real ate:0.4636904
2023-03-30 15:49:26,067 - /root/PycharmProjects/paper/Logger.py[line:40] - INFO: Base method ate:0.12642273873921522
2023-03-30 15:50:59,454 - /root/PycharmProjects/paper/Logger.py[line:40] - INFO: rewards random_add_unobserved_common_cause:0.7
2023-03-30 15:50:59,454 - /root/PycharmProjects/paper/Logger.py[line:40] - INFO: real ate:0.4579382
2023-03-30 15:50:59,454 - /root/PycharmProjects/paper/Logger.py[line:40] - INFO: Base method ate:9.644440499073406e-18
2023-03-30 15:52:30,318 - /root/PycharmProjects/paper/Logger.py[line:40] - INFO: rewards random_add_unobserved_common_cause:-0.15999999999999992
2023-03-30 15:52:30,319 - /root/PycharmProjects/paper/Logger.py[line:40] - INFO: real ate:0.44600928
2023-03-30 15:52:30,319 - /root/PycharmProjects/paper/Logger.py[line:40] - INFO: Base method ate:0.0
2023-03-30 15:54:04,090 - /root/PycharmProjects/paper/Logger.py[line:40] - INFO: rewards random_add_unobserved_common_cause:-0.08000000000000007
2023-03-30 15:54:04,090 - /root/PycharmProjects/paper/Logger.py[line:40] - INFO: real ate:0.42234898
2023-03-30 15:54:04,090 - /root/PycharmProjects/paper/Logger.py[line:40] - INFO: Base method ate:0.0
2023-03-30 15:55:34,634 - /root/PycharmProjects/paper/Logger.py[line:40] - INFO: rewards random_add_unobserved_common_cause:-0.21999999999999997
2023-03-30 15:55:34,635 - /root/PycharmProjects/paper/Logger.py[line:40] - INFO: real ate:0.454273
2023-03-30 15:55:34,635 - /root/PycharmProjects/paper/Logger.py[line:40] - INFO: Base method ate:0.0
2023-03-30 15:57:05,964 - /root/PycharmProjects/paper/Logger.py[line:40] - INFO: rewards random_add_unobserved_common_cause:0.38
2023-03-30 15:57:05,964 - /root/PycharmProjects/paper/Logger.py[line:40] - INFO: real ate:0.44385695
2023-03-30 15:57:05,964 - /root/PycharmProjects/paper/Logger.py[line:40] - INFO: Base method ate:7.282632519979815e-18
2023-03-30 15:58:39,579 - /root/PycharmProjects/paper/Logger.py[line:40] - INFO: rewards random_add_unobserved_common_cause:0.52
2023-03-30 15:58:39,579 - /root/PycharmProjects/paper/Logger.py[line:40] - INFO: real ate:0.41958737
2023-03-30 15:58:39,579 - /root/PycharmProjects/paper/Logger.py[line:40] - INFO: Base method ate:-0.006033110924709913
2023-03-30 16:00:10,904 - /root/PycharmProjects/paper/Logger.py[line:40] - INFO: rewards random_add_unobserved_common_cause:0.45999999999999996
2023-03-30 16:00:10,905 - /root/PycharmProjects/paper/Logger.py[line:40] - INFO: real ate:0.49218094
2023-03-30 16:00:10,905 - /root/PycharmProjects/paper/Logger.py[line:40] - INFO: Base method ate:-1.4423956830104248e-17
2023-03-30 16:01:45,240 - /root/PycharmProjects/paper/Logger.py[line:40] - INFO: rewards random_add_unobserved_common_cause:0.18000000000000005
2023-03-30 16:01:45,240 - /root/PycharmProjects/paper/Logger.py[line:40] - INFO: real ate:0.46048498
2023-03-30 16:01:45,241 - /root/PycharmProjects/paper/Logger.py[line:40] - INFO: Base method ate:-0.015169063913645565
2023-03-30 16:03:15,121 - /root/PycharmProjects/paper/Logger.py[line:40] - INFO: rewards random_add_unobserved_common_cause:0.21999999999999997
2023-03-30 16:03:15,122 - /root/PycharmProjects/paper/Logger.py[line:40] - INFO: real ate:0.48948097
2023-03-30 16:03:15,122 - /root/PycharmProjects/paper/Logger.py[line:40] - INFO: Base method ate:3.594938402570465e-18
2023-03-30 16:03:15,122 - /root/PycharmProjects/paper/Logger.py[line:40] - INFO: Base method ate diff MSE mean:0.19893116768880795
2023-03-30 16:03:15,122 - /root/PycharmProjects/paper/Logger.py[line:40] - INFO: Base method ate diff MAE mean:0.4443416802706924
2023-03-30 16:03:15,122 - /root/PycharmProjects/paper/Logger.py[line:40] - INFO: Base method ate diff RMSE mean:0.4460170038112986
2023-03-30 16:03:15,122 - /root/PycharmProjects/paper/Logger.py[line:40] - INFO: Base method total_p_value_mean_random:0.27
2023-03-30 16:46:31,029 - /root/PycharmProjects/paper/Logger.py[line:40] - INFO: estimation:[-780.4202]
2023-03-30 16:46:31,108 - /root/PycharmProjects/paper/Logger.py[line:40] - INFO: estimation:[-760.9778]
2023-03-30 16:46:31,188 - /root/PycharmProjects/paper/Logger.py[line:40] - INFO: estimation:[-709.249]
2023-03-30 16:46:31,263 - /root/PycharmProjects/paper/Logger.py[line:40] - INFO: estimation:[-738.2899]
2023-03-30 16:46:31,338 - /root/PycharmProjects/paper/Logger.py[line:40] - INFO: estimation:[-695.7269]
2023-03-30 16:46:31,419 - /root/PycharmProjects/paper/Logger.py[line:40] - INFO: estimation:[-755.0062]
2023-03-30 16:46:31,499 - /root/PycharmProjects/paper/Logger.py[line:40] - INFO: estimation:[-692.0272]
2023-03-30 16:46:31,573 - /root/PycharmProjects/paper/Logger.py[line:40] - INFO: estimation:[-817.9774]
2023-03-30 16:46:31,647 - /root/PycharmProjects/paper/Logger.py[line:40] - INFO: estimation:[-683.28894]
2023-03-30 16:46:31,723 - /root/PycharmProjects/paper/Logger.py[line:40] - INFO: estimation:[-769.8801]
2023-03-30 16:46:31,801 - /root/PycharmProjects/paper/Logger.py[line:40] - INFO: estimation:[-771.147]
2023-03-30 16:46:31,882 - /root/PycharmProjects/paper/Logger.py[line:40] - INFO: estimation:[-707.9302]
2023-03-30 17:06:35,863 - /root/PycharmProjects/paper/Logger.py[line:40] - INFO: rewards random_add_unobserved_common_cause:0.1399999999999999
2023-03-30 17:06:35,863 - /root/PycharmProjects/paper/Logger.py[line:40] - INFO: real ate:0.47330272
2023-03-30 17:06:35,863 - /root/PycharmProjects/paper/Logger.py[line:40] - INFO: Base method ate:2.0227257046504405e-17
2023-03-30 17:08:07,288 - /root/PycharmProjects/paper/Logger.py[line:40] - INFO: rewards random_add_unobserved_common_cause:0.9
2023-03-30 17:08:07,288 - /root/PycharmProjects/paper/Logger.py[line:40] - INFO: real ate:0.4455781
2023-03-30 17:08:07,288 - /root/PycharmProjects/paper/Logger.py[line:40] - INFO: Base method ate:-1.259370268037558e-17
2023-03-30 17:09:41,565 - /root/PycharmProjects/paper/Logger.py[line:40] - INFO: rewards random_add_unobserved_common_cause:0.8200000000000001
2023-03-30 17:09:41,565 - /root/PycharmProjects/paper/Logger.py[line:40] - INFO: real ate:0.4636904
2023-03-30 17:09:41,565 - /root/PycharmProjects/paper/Logger.py[line:40] - INFO: Base method ate:0.1064180796716293
2023-03-30 17:11:13,223 - /root/PycharmProjects/paper/Logger.py[line:40] - INFO: rewards random_add_unobserved_common_cause:0.6799999999999999
2023-03-30 17:11:13,224 - /root/PycharmProjects/paper/Logger.py[line:40] - INFO: real ate:0.4579382
2023-03-30 17:11:13,224 - /root/PycharmProjects/paper/Logger.py[line:40] - INFO: Base method ate:1.9113493330029378e-17
2023-03-30 17:12:47,953 - /root/PycharmProjects/paper/Logger.py[line:40] - INFO: rewards random_add_unobserved_common_cause:0.3400000000000001
2023-03-30 17:12:47,953 - /root/PycharmProjects/paper/Logger.py[line:40] - INFO: real ate:0.44600928
2023-03-30 17:12:47,953 - /root/PycharmProjects/paper/Logger.py[line:40] - INFO: Base method ate:7.274273049944952e-18
2023-03-30 17:14:18,760 - /root/PycharmProjects/paper/Logger.py[line:40] - INFO: rewards random_add_unobserved_common_cause:0.43999999999999995
2023-03-30 17:14:18,761 - /root/PycharmProjects/paper/Logger.py[line:40] - INFO: real ate:0.42234898
2023-03-30 17:14:18,761 - /root/PycharmProjects/paper/Logger.py[line:40] - INFO: Base method ate:0.020921832007739165
2023-03-30 17:15:49,921 - /root/PycharmProjects/paper/Logger.py[line:40] - INFO: rewards random_add_unobserved_common_cause:-0.28
2023-03-30 17:15:49,921 - /root/PycharmProjects/paper/Logger.py[line:40] - INFO: real ate:0.454273
2023-03-30 17:15:49,921 - /root/PycharmProjects/paper/Logger.py[line:40] - INFO: Base method ate:0.0
2023-03-30 17:17:25,307 - /root/PycharmProjects/paper/Logger.py[line:40] - INFO: rewards random_add_unobserved_common_cause:0.19999999999999996
2023-03-30 17:17:25,308 - /root/PycharmProjects/paper/Logger.py[line:40] - INFO: real ate:0.44385695
2023-03-30 17:17:25,308 - /root/PycharmProjects/paper/Logger.py[line:40] - INFO: Base method ate:0.0
2023-03-30 17:18:55,599 - /root/PycharmProjects/paper/Logger.py[line:40] - INFO: rewards random_add_unobserved_common_cause:0.48
2023-03-30 17:18:55,599 - /root/PycharmProjects/paper/Logger.py[line:40] - INFO: real ate:0.41958737
2023-03-30 17:18:55,599 - /root/PycharmProjects/paper/Logger.py[line:40] - INFO: Base method ate:-0.009844872360128494
2023-03-30 17:20:30,194 - /root/PycharmProjects/paper/Logger.py[line:40] - INFO: rewards random_add_unobserved_common_cause:0.78
2023-03-30 17:20:30,195 - /root/PycharmProjects/paper/Logger.py[line:40] - INFO: real ate:0.49218094
2023-03-30 17:20:30,195 - /root/PycharmProjects/paper/Logger.py[line:40] - INFO: Base method ate:-3.780849008100395e-17
2023-03-30 17:22:00,815 - /root/PycharmProjects/paper/Logger.py[line:40] - INFO: rewards random_add_unobserved_common_cause:0.06000000000000005
2023-03-30 17:22:00,815 - /root/PycharmProjects/paper/Logger.py[line:40] - INFO: real ate:0.46048498
2023-03-30 17:22:00,815 - /root/PycharmProjects/paper/Logger.py[line:40] - INFO: Base method ate:-0.023046331026182046
2023-03-30 17:23:34,593 - /root/PycharmProjects/paper/Logger.py[line:40] - INFO: rewards random_add_unobserved_common_cause:0.45999999999999996
2023-03-30 17:23:34,593 - /root/PycharmProjects/paper/Logger.py[line:40] - INFO: real ate:0.48948097
2023-03-30 17:23:34,593 - /root/PycharmProjects/paper/Logger.py[line:40] - INFO: Base method ate:0.06376585423343553
2023-03-30 17:23:34,593 - /root/PycharmProjects/paper/Logger.py[line:40] - INFO: Base method ate diff MSE mean:0.1970864338292501
2023-03-30 17:23:34,593 - /root/PycharmProjects/paper/Logger.py[line:40] - INFO: Base method ate diff MAE mean:0.4425431098051246
2023-03-30 17:23:34,593 - /root/PycharmProjects/paper/Logger.py[line:40] - INFO: Base method ate diff RMSE mean:0.44394417873112163
2023-03-30 17:23:34,593 - /root/PycharmProjects/paper/Logger.py[line:40] - INFO: Base method total_p_value_mean_random:0.4183333333333334
2023-03-30 18:06:30,605 - /root/PycharmProjects/paper/Logger.py[line:40] - INFO: estimation:[-698.38196]
2023-03-30 18:06:30,686 - /root/PycharmProjects/paper/Logger.py[line:40] - INFO: estimation:[-637.07654]
2023-03-30 18:06:30,760 - /root/PycharmProjects/paper/Logger.py[line:40] - INFO: estimation:[-618.54785]
2023-03-30 18:06:30,838 - /root/PycharmProjects/paper/Logger.py[line:40] - INFO: estimation:[-643.01874]
2023-03-30 18:06:30,916 - /root/PycharmProjects/paper/Logger.py[line:40] - INFO: estimation:[-673.2168]
2023-03-30 18:06:30,995 - /root/PycharmProjects/paper/Logger.py[line:40] - INFO: estimation:[-640.87787]
2023-03-30 18:06:31,070 - /root/PycharmProjects/paper/Logger.py[line:40] - INFO: estimation:[-609.8993]
2023-03-30 18:06:31,147 - /root/PycharmProjects/paper/Logger.py[line:40] - INFO: estimation:[-687.9497]
2023-03-30 18:06:31,223 - /root/PycharmProjects/paper/Logger.py[line:40] - INFO: estimation:[-602.6554]
2023-03-30 18:06:31,305 - /root/PycharmProjects/paper/Logger.py[line:40] - INFO: estimation:[-639.0077]
2023-03-30 18:06:31,380 - /root/PycharmProjects/paper/Logger.py[line:40] - INFO: estimation:[-658.77844]
2023-03-30 18:06:31,455 - /root/PycharmProjects/paper/Logger.py[line:40] - INFO: estimation:[-630.62946]
2023-03-30 18:27:18,912 - /root/PycharmProjects/paper/Logger.py[line:40] - INFO: rewards random_add_unobserved_common_cause:0.76
2023-03-30 18:27:18,913 - /root/PycharmProjects/paper/Logger.py[line:40] - INFO: real ate:0.47330272
2023-03-30 18:27:18,913 - /root/PycharmProjects/paper/Logger.py[line:40] - INFO: Base method ate:0.06601398423540829
2023-03-30 18:28:48,539 - /root/PycharmProjects/paper/Logger.py[line:40] - INFO: rewards random_add_unobserved_common_cause:0.52
2023-03-30 18:28:48,539 - /root/PycharmProjects/paper/Logger.py[line:40] - INFO: real ate:0.4455781
2023-03-30 18:28:48,539 - /root/PycharmProjects/paper/Logger.py[line:40] - INFO: Base method ate:2.4796639373116963e-17
2023-03-30 18:30:18,015 - /root/PycharmProjects/paper/Logger.py[line:40] - INFO: rewards random_add_unobserved_common_cause:0.8400000000000001
2023-03-30 18:30:18,016 - /root/PycharmProjects/paper/Logger.py[line:40] - INFO: real ate:0.4636904
2023-03-30 18:30:18,016 - /root/PycharmProjects/paper/Logger.py[line:40] - INFO: Base method ate:0.10993830024146405
2023-03-30 18:31:51,890 - /root/PycharmProjects/paper/Logger.py[line:40] - INFO: rewards random_add_unobserved_common_cause:-0.30000000000000004
2023-03-30 18:31:51,890 - /root/PycharmProjects/paper/Logger.py[line:40] - INFO: real ate:0.4579382
2023-03-30 18:31:51,890 - /root/PycharmProjects/paper/Logger.py[line:40] - INFO: Base method ate:0.0
2023-03-30 18:33:22,824 - /root/PycharmProjects/paper/Logger.py[line:40] - INFO: rewards random_add_unobserved_common_cause:-0.19999999999999996
2023-03-30 18:33:22,824 - /root/PycharmProjects/paper/Logger.py[line:40] - INFO: real ate:0.44600928
2023-03-30 18:33:22,824 - /root/PycharmProjects/paper/Logger.py[line:40] - INFO: Base method ate:0.0
2023-03-30 18:35:00,528 - /root/PycharmProjects/paper/Logger.py[line:40] - INFO: rewards random_add_unobserved_common_cause:0.56
2023-03-30 18:35:00,528 - /root/PycharmProjects/paper/Logger.py[line:40] - INFO: real ate:0.42234898
2023-03-30 18:35:00,529 - /root/PycharmProjects/paper/Logger.py[line:40] - INFO: Base method ate:0.0473864624752395
2023-03-30 18:36:33,548 - /root/PycharmProjects/paper/Logger.py[line:40] - INFO: rewards random_add_unobserved_common_cause:0.6799999999999999
2023-03-30 18:36:33,548 - /root/PycharmProjects/paper/Logger.py[line:40] - INFO: real ate:0.454273
2023-03-30 18:36:33,548 - /root/PycharmProjects/paper/Logger.py[line:40] - INFO: Base method ate:0.018703432040192612
2023-03-30 18:38:09,931 - /root/PycharmProjects/paper/Logger.py[line:40] - INFO: rewards random_add_unobserved_common_cause:0.24
2023-03-30 18:38:09,931 - /root/PycharmProjects/paper/Logger.py[line:40] - INFO: real ate:0.44385695
2023-03-30 18:38:09,931 - /root/PycharmProjects/paper/Logger.py[line:40] - INFO: Base method ate:3.5281305733466186e-18
2023-03-30 18:39:42,320 - /root/PycharmProjects/paper/Logger.py[line:40] - INFO: rewards random_add_unobserved_common_cause:0.52
2023-03-30 18:39:42,320 - /root/PycharmProjects/paper/Logger.py[line:40] - INFO: real ate:0.41958737
2023-03-30 18:39:42,320 - /root/PycharmProjects/paper/Logger.py[line:40] - INFO: Base method ate:-0.004496439474808759
2023-03-30 18:41:17,044 - /root/PycharmProjects/paper/Logger.py[line:40] - INFO: rewards random_add_unobserved_common_cause:-0.78
2023-03-30 18:41:17,044 - /root/PycharmProjects/paper/Logger.py[line:40] - INFO: real ate:0.49218094
2023-03-30 18:41:17,044 - /root/PycharmProjects/paper/Logger.py[line:40] - INFO: Base method ate:0.0
2023-03-30 18:42:51,251 - /root/PycharmProjects/paper/Logger.py[line:40] - INFO: rewards random_add_unobserved_common_cause:0.31999999999999995
2023-03-30 18:42:51,252 - /root/PycharmProjects/paper/Logger.py[line:40] - INFO: real ate:0.46048498
2023-03-30 18:42:51,252 - /root/PycharmProjects/paper/Logger.py[line:40] - INFO: Base method ate:-0.03584739580480834
2023-03-30 18:44:27,066 - /root/PycharmProjects/paper/Logger.py[line:40] - INFO: rewards random_add_unobserved_common_cause:0.3999999999999999
2023-03-30 18:44:27,067 - /root/PycharmProjects/paper/Logger.py[line:40] - INFO: real ate:0.48948097
2023-03-30 18:44:27,067 - /root/PycharmProjects/paper/Logger.py[line:40] - INFO: Base method ate:0.04414354454583779
2023-03-30 18:44:27,067 - /root/PycharmProjects/paper/Logger.py[line:40] - INFO: Base method ate diff MSE mean:0.19102360879945998
2023-03-30 18:44:27,067 - /root/PycharmProjects/paper/Logger.py[line:40] - INFO: Base method ate diff MAE mean:0.43524083266078856
2023-03-30 18:44:27,067 - /root/PycharmProjects/paper/Logger.py[line:40] - INFO: Base method ate diff RMSE mean:0.4370624769978086
2023-03-30 18:44:27,067 - /root/PycharmProjects/paper/Logger.py[line:40] - INFO: Base method total_p_value_mean_random:0.29666666666666663
2023-03-30 19:27:46,225 - /root/PycharmProjects/paper/Logger.py[line:40] - INFO: estimation:[-758.6958]
2023-03-30 19:27:46,302 - /root/PycharmProjects/paper/Logger.py[line:40] - INFO: estimation:[-734.9206]
2023-03-30 19:27:46,379 - /root/PycharmProjects/paper/Logger.py[line:40] - INFO: estimation:[-692.9374]
2023-03-30 19:27:46,461 - /root/PycharmProjects/paper/Logger.py[line:40] - INFO: estimation:[-709.69775]
2023-03-30 19:27:46,537 - /root/PycharmProjects/paper/Logger.py[line:40] - INFO: estimation:[-688.76965]
2023-03-30 19:27:46,613 - /root/PycharmProjects/paper/Logger.py[line:40] - INFO: estimation:[-781.777]
2023-03-30 19:27:46,688 - /root/PycharmProjects/paper/Logger.py[line:40] - INFO: estimation:[-674.501]
2023-03-30 19:27:46,765 - /root/PycharmProjects/paper/Logger.py[line:40] - INFO: estimation:[-730.53455]
2023-03-30 19:27:46,843 - /root/PycharmProjects/paper/Logger.py[line:40] - INFO: estimation:[-706.3804]
2023-03-30 19:27:46,938 - /root/PycharmProjects/paper/Logger.py[line:40] - INFO: estimation:[-733.804]
2023-03-30 19:27:47,032 - /root/PycharmProjects/paper/Logger.py[line:40] - INFO: estimation:[-708.49304]
2023-03-30 19:27:47,120 - /root/PycharmProjects/paper/Logger.py[line:40] - INFO: estimation:[-681.35114]
2023-03-30 19:48:06,554 - /root/PycharmProjects/paper/Logger.py[line:40] - INFO: rewards random_add_unobserved_common_cause:0.19999999999999996
2023-03-30 19:48:06,554 - /root/PycharmProjects/paper/Logger.py[line:40] - INFO: real ate:0.47330272
2023-03-30 19:48:06,554 - /root/PycharmProjects/paper/Logger.py[line:40] - INFO: Base method ate:0.0
2023-03-30 19:49:38,638 - /root/PycharmProjects/paper/Logger.py[line:40] - INFO: rewards random_add_unobserved_common_cause:-0.19999999999999996
2023-03-30 19:49:38,638 - /root/PycharmProjects/paper/Logger.py[line:40] - INFO: real ate:0.4455781
2023-03-30 19:49:38,639 - /root/PycharmProjects/paper/Logger.py[line:40] - INFO: Base method ate:0.0
2023-03-30 19:51:09,459 - /root/PycharmProjects/paper/Logger.py[line:40] - INFO: rewards random_add_unobserved_common_cause:0.040000000000000036
2023-03-30 19:51:09,459 - /root/PycharmProjects/paper/Logger.py[line:40] - INFO: real ate:0.4636904
2023-03-30 19:51:09,459 - /root/PycharmProjects/paper/Logger.py[line:40] - INFO: Base method ate:0.06277310707406787
2023-03-30 19:52:44,513 - /root/PycharmProjects/paper/Logger.py[line:40] - INFO: rewards random_add_unobserved_common_cause:0.76
2023-03-30 19:52:44,513 - /root/PycharmProjects/paper/Logger.py[line:40] - INFO: real ate:0.4579382
2023-03-30 19:52:44,513 - /root/PycharmProjects/paper/Logger.py[line:40] - INFO: Base method ate:3.2335772897330474e-17
2023-03-30 19:54:14,137 - /root/PycharmProjects/paper/Logger.py[line:40] - INFO: rewards random_add_unobserved_common_cause:0.72
2023-03-30 19:54:14,137 - /root/PycharmProjects/paper/Logger.py[line:40] - INFO: real ate:0.44600928
2023-03-30 19:54:14,137 - /root/PycharmProjects/paper/Logger.py[line:40] - INFO: Base method ate:2.7399893229823248e-17
2023-03-30 19:55:50,256 - /root/PycharmProjects/paper/Logger.py[line:40] - INFO: rewards random_add_unobserved_common_cause:0.6399999999999999
2023-03-30 19:55:50,256 - /root/PycharmProjects/paper/Logger.py[line:40] - INFO: real ate:0.42234898
2023-03-30 19:55:50,257 - /root/PycharmProjects/paper/Logger.py[line:40] - INFO: Base method ate:0.03275792518300166
2023-03-30 19:57:20,930 - /root/PycharmProjects/paper/Logger.py[line:40] - INFO: rewards random_add_unobserved_common_cause:0.6599999999999999
2023-03-30 19:57:20,930 - /root/PycharmProjects/paper/Logger.py[line:40] - INFO: real ate:0.454273
2023-03-30 19:57:20,930 - /root/PycharmProjects/paper/Logger.py[line:40] - INFO: Base method ate:3.2690423179134703e-17
2023-03-30 19:58:58,689 - /root/PycharmProjects/paper/Logger.py[line:40] - INFO: rewards random_add_unobserved_common_cause:0.19999999999999996
2023-03-30 19:58:58,690 - /root/PycharmProjects/paper/Logger.py[line:40] - INFO: real ate:0.44385695
2023-03-30 19:58:58,690 - /root/PycharmProjects/paper/Logger.py[line:40] - INFO: Base method ate:0.0
2023-03-30 20:00:31,926 - /root/PycharmProjects/paper/Logger.py[line:40] - INFO: rewards random_add_unobserved_common_cause:0.52
2023-03-30 20:00:31,926 - /root/PycharmProjects/paper/Logger.py[line:40] - INFO: real ate:0.41958737
2023-03-30 20:00:31,926 - /root/PycharmProjects/paper/Logger.py[line:40] - INFO: Base method ate:-0.011496475990342144
2023-03-30 20:02:11,033 - /root/PycharmProjects/paper/Logger.py[line:40] - INFO: rewards random_add_unobserved_common_cause:-0.5800000000000001
2023-03-30 20:02:11,033 - /root/PycharmProjects/paper/Logger.py[line:40] - INFO: real ate:0.49218094
2023-03-30 20:02:11,034 - /root/PycharmProjects/paper/Logger.py[line:40] - INFO: Base method ate:0.0
2023-03-30 20:03:44,385 - /root/PycharmProjects/paper/Logger.py[line:40] - INFO: rewards random_add_unobserved_common_cause:0.24
2023-03-30 20:03:44,386 - /root/PycharmProjects/paper/Logger.py[line:40] - INFO: real ate:0.46048498
2023-03-30 20:03:44,386 - /root/PycharmProjects/paper/Logger.py[line:40] - INFO: Base method ate:-1.1101533088307133e-17
2023-03-30 20:05:22,671 - /root/PycharmProjects/paper/Logger.py[line:40] - INFO: rewards random_add_unobserved_common_cause:0.19999999999999996
2023-03-30 20:05:22,671 - /root/PycharmProjects/paper/Logger.py[line:40] - INFO: real ate:0.48948097
2023-03-30 20:05:22,671 - /root/PycharmProjects/paper/Logger.py[line:40] - INFO: Base method ate:7.660949446087237e-18
2023-03-30 20:05:22,672 - /root/PycharmProjects/paper/Logger.py[line:40] - INFO: Base method ate diff MSE mean:0.20223243214896378
2023-03-30 20:05:22,672 - /root/PycharmProjects/paper/Logger.py[line:40] - INFO: Base method ate diff MAE mean:0.4487247769934384
2023-03-30 20:05:22,672 - /root/PycharmProjects/paper/Logger.py[line:40] - INFO: Base method ate diff RMSE mean:0.44970260411628016
2023-03-30 20:05:22,672 - /root/PycharmProjects/paper/Logger.py[line:40] - INFO: Base method total_p_value_mean_random:0.28333333333333327
2023-03-30 20:48:56,824 - /root/PycharmProjects/paper/Logger.py[line:40] - INFO: estimation:[-703.4655]
2023-03-30 20:48:56,913 - /root/PycharmProjects/paper/Logger.py[line:40] - INFO: estimation:[-660.56177]
2023-03-30 20:48:57,002 - /root/PycharmProjects/paper/Logger.py[line:40] - INFO: estimation:[-668.5503]
2023-03-30 20:48:57,103 - /root/PycharmProjects/paper/Logger.py[line:40] - INFO: estimation:[-659.2175]
2023-03-30 20:48:57,184 - /root/PycharmProjects/paper/Logger.py[line:40] - INFO: estimation:[-674.8304]
2023-03-30 20:48:57,262 - /root/PycharmProjects/paper/Logger.py[line:40] - INFO: estimation:[-766.29395]
2023-03-30 20:48:57,337 - /root/PycharmProjects/paper/Logger.py[line:40] - INFO: estimation:[-599.7699]
2023-03-30 20:48:57,421 - /root/PycharmProjects/paper/Logger.py[line:40] - INFO: estimation:[-768.6953]
2023-03-30 20:48:57,505 - /root/PycharmProjects/paper/Logger.py[line:40] - INFO: estimation:[-589.0082]
2023-03-30 20:48:57,589 - /root/PycharmProjects/paper/Logger.py[line:40] - INFO: estimation:[-639.8291]
2023-03-30 20:48:57,663 - /root/PycharmProjects/paper/Logger.py[line:40] - INFO: estimation:[-715.2008]
2023-03-30 20:48:57,744 - /root/PycharmProjects/paper/Logger.py[line:40] - INFO: estimation:[-673.60535]
2023-03-30 21:09:26,275 - /root/PycharmProjects/paper/Logger.py[line:40] - INFO: rewards random_add_unobserved_common_cause:0.21999999999999997
2023-03-30 21:09:26,276 - /root/PycharmProjects/paper/Logger.py[line:40] - INFO: real ate:0.47330272
2023-03-30 21:09:26,276 - /root/PycharmProjects/paper/Logger.py[line:40] - INFO: Base method ate:0.0
2023-03-30 21:10:57,306 - /root/PycharmProjects/paper/Logger.py[line:40] - INFO: rewards random_add_unobserved_common_cause:0.9
2023-03-30 21:10:57,306 - /root/PycharmProjects/paper/Logger.py[line:40] - INFO: real ate:0.4455781
2023-03-30 21:10:57,306 - /root/PycharmProjects/paper/Logger.py[line:40] - INFO: Base method ate:-1.9158149229682913e-17
2023-03-30 21:12:31,256 - /root/PycharmProjects/paper/Logger.py[line:40] - INFO: rewards random_add_unobserved_common_cause:0.3999999999999999
2023-03-30 21:12:31,256 - /root/PycharmProjects/paper/Logger.py[line:40] - INFO: real ate:0.4636904
2023-03-30 21:12:31,256 - /root/PycharmProjects/paper/Logger.py[line:40] - INFO: Base method ate:0.0782096488772942
2023-03-30 21:14:01,893 - /root/PycharmProjects/paper/Logger.py[line:40] - INFO: rewards random_add_unobserved_common_cause:0.6000000000000001
2023-03-30 21:14:01,893 - /root/PycharmProjects/paper/Logger.py[line:40] - INFO: real ate:0.4579382
2023-03-30 21:14:01,893 - /root/PycharmProjects/paper/Logger.py[line:40] - INFO: Base method ate:6.88127459440096e-19
2023-03-30 21:15:37,173 - /root/PycharmProjects/paper/Logger.py[line:40] - INFO: rewards random_add_unobserved_common_cause:-0.06000000000000005
2023-03-30 21:15:37,174 - /root/PycharmProjects/paper/Logger.py[line:40] - INFO: real ate:0.44600928
2023-03-30 21:15:37,174 - /root/PycharmProjects/paper/Logger.py[line:40] - INFO: Base method ate:0.0
2023-03-30 21:17:09,917 - /root/PycharmProjects/paper/Logger.py[line:40] - INFO: rewards random_add_unobserved_common_cause:0.5800000000000001
2023-03-30 21:17:09,917 - /root/PycharmProjects/paper/Logger.py[line:40] - INFO: real ate:0.42234898
2023-03-30 21:17:09,917 - /root/PycharmProjects/paper/Logger.py[line:40] - INFO: Base method ate:0.0420230754249519
2023-03-30 21:18:47,293 - /root/PycharmProjects/paper/Logger.py[line:40] - INFO: rewards random_add_unobserved_common_cause:0.9199999999999999
2023-03-30 21:18:47,293 - /root/PycharmProjects/paper/Logger.py[line:40] - INFO: real ate:0.454273
2023-03-30 21:18:47,293 - /root/PycharmProjects/paper/Logger.py[line:40] - INFO: Base method ate:0.05679019094405534
2023-03-30 21:20:19,633 - /root/PycharmProjects/paper/Logger.py[line:40] - INFO: rewards random_add_unobserved_common_cause:0.3600000000000001
2023-03-30 21:20:19,633 - /root/PycharmProjects/paper/Logger.py[line:40] - INFO: real ate:0.44385695
2023-03-30 21:20:19,633 - /root/PycharmProjects/paper/Logger.py[line:40] - INFO: Base method ate:0.06262447388880073
2023-03-30 21:36:26,855 - /root/PycharmProjects/paper/Logger.py[line:40] - INFO: rewards random_add_unobserved_common_cause:-0.52
2023-03-30 21:36:26,944 - /root/PycharmProjects/paper/Logger.py[line:40] - INFO: real ate:0.41958737
2023-03-30 21:36:26,944 - /root/PycharmProjects/paper/Logger.py[line:40] - INFO: Base method ate:0.0
2023-03-30 21:37:56,340 - /root/PycharmProjects/paper/Logger.py[line:40] - INFO: rewards random_add_unobserved_common_cause:-0.56
2023-03-30 21:37:56,340 - /root/PycharmProjects/paper/Logger.py[line:40] - INFO: real ate:0.49218094
2023-03-30 21:37:56,340 - /root/PycharmProjects/paper/Logger.py[line:40] - INFO: Base method ate:0.0
2023-03-30 21:39:27,293 - /root/PycharmProjects/paper/Logger.py[line:40] - INFO: rewards random_add_unobserved_common_cause:0.33999999999999997
2023-03-30 21:39:27,293 - /root/PycharmProjects/paper/Logger.py[line:40] - INFO: real ate:0.46048498
2023-03-30 21:39:27,293 - /root/PycharmProjects/paper/Logger.py[line:40] - INFO: Base method ate:-0.02440698888128821
2023-03-30 21:41:00,274 - /root/PycharmProjects/paper/Logger.py[line:40] - INFO: rewards random_add_unobserved_common_cause:0.4
2023-03-30 21:41:00,275 - /root/PycharmProjects/paper/Logger.py[line:40] - INFO: real ate:0.48948097
2023-03-30 21:41:00,275 - /root/PycharmProjects/paper/Logger.py[line:40] - INFO: Base method ate:0.0
2023-03-30 21:41:00,275 - /root/PycharmProjects/paper/Logger.py[line:40] - INFO: Base method ate diff MSE mean:0.19339737012949484
2023-03-30 21:41:00,275 - /root/PycharmProjects/paper/Logger.py[line:40] - INFO: Base method ate diff MAE mean:0.4377909566611811
2023-03-30 21:41:00,275 - /root/PycharmProjects/paper/Logger.py[line:40] - INFO: Base method ate diff RMSE mean:0.4397696785017071
2023-03-30 21:41:00,275 - /root/PycharmProjects/paper/Logger.py[line:40] - INFO: Base method total_p_value_mean_random:0.2983333333333333
2023-03-30 22:22:29,871 - /root/PycharmProjects/paper/Logger.py[line:40] - INFO: estimation:[-776.6331]
2023-03-30 22:22:29,961 - /root/PycharmProjects/paper/Logger.py[line:40] - INFO: estimation:[-738.76184]
2023-03-30 22:22:30,068 - /root/PycharmProjects/paper/Logger.py[line:40] - INFO: estimation:[-693.69293]
2023-03-30 22:22:30,169 - /root/PycharmProjects/paper/Logger.py[line:40] - INFO: estimation:[-727.8931]
2023-03-30 22:22:30,255 - /root/PycharmProjects/paper/Logger.py[line:40] - INFO: estimation:[-738.9426]
2023-03-30 22:22:30,340 - /root/PycharmProjects/paper/Logger.py[line:40] - INFO: estimation:[-684.4825]
2023-03-30 22:22:30,413 - /root/PycharmProjects/paper/Logger.py[line:40] - INFO: estimation:[-670.62256]
2023-03-30 22:22:30,515 - /root/PycharmProjects/paper/Logger.py[line:40] - INFO: estimation:[-705.7339]
2023-03-30 22:22:30,588 - /root/PycharmProjects/paper/Logger.py[line:40] - INFO: estimation:[-680.4883]
2023-03-30 22:22:30,660 - /root/PycharmProjects/paper/Logger.py[line:40] - INFO: estimation:[-732.671]
2023-03-30 22:22:30,739 - /root/PycharmProjects/paper/Logger.py[line:40] - INFO: estimation:[-749.3072]
2023-03-30 22:22:30,811 - /root/PycharmProjects/paper/Logger.py[line:40] - INFO: estimation:[-686.4701]
