2022-08-17 01:06:46,473 - /root/PycharmProjects/paper/Logger.py[line:40] - INFO: estimation:[1037.4011]
2022-08-17 01:06:46,547 - /root/PycharmProjects/paper/Logger.py[line:40] - INFO: estimation:[845.9244]
2022-08-17 01:06:46,625 - /root/PycharmProjects/paper/Logger.py[line:40] - INFO: estimation:[543.57574]
2022-08-17 01:06:46,698 - /root/PycharmProjects/paper/Logger.py[line:40] - INFO: estimation:[220.17224]
2022-08-17 01:06:46,776 - /root/PycharmProjects/paper/Logger.py[line:40] - INFO: estimation:[786.05914]
2022-08-17 01:06:46,849 - /root/PycharmProjects/paper/Logger.py[line:40] - INFO: estimation:[1103.6184]
2022-08-17 01:06:46,919 - /root/PycharmProjects/paper/Logger.py[line:40] - INFO: estimation:[659.26624]
2022-08-17 01:06:46,995 - /root/PycharmProjects/paper/Logger.py[line:40] - INFO: estimation:[519.991]
2022-08-17 01:06:47,074 - /root/PycharmProjects/paper/Logger.py[line:40] - INFO: estimation:[596.5974]
2022-08-17 01:06:47,153 - /root/PycharmProjects/paper/Logger.py[line:40] - INFO: estimation:[592.34796]
2022-08-17 01:06:47,228 - /root/PycharmProjects/paper/Logger.py[line:40] - INFO: estimation:[505.63727]
2022-08-17 01:06:47,304 - /root/PycharmProjects/paper/Logger.py[line:40] - INFO: estimation:[865.5519]
2022-08-17 01:06:47,330 - /root/PycharmProjects/paper/Logger.py[line:40] - INFO: real ate:0.47330272
2022-08-17 01:06:47,330 - /root/PycharmProjects/paper/Logger.py[line:40] - INFO: real ate:0.47330272
2022-08-17 01:06:47,330 - /root/PycharmProjects/paper/Logger.py[line:40] - INFO: rl predict ate:-1.0
2022-08-17 01:06:47,330 - /root/PycharmProjects/paper/Logger.py[line:40] - INFO: rl predict ate:-1.0
2022-08-17 01:06:47,330 - /root/PycharmProjects/paper/Logger.py[line:40] - INFO: rl predict ate diff:2.1706209105855265
2022-08-17 01:06:47,330 - /root/PycharmProjects/paper/Logger.py[line:40] - INFO: rl predict ate diff:2.1706209105855265
2022-08-17 01:06:47,330 - /root/PycharmProjects/paper/Logger.py[line:40] - INFO: rl predict ate diff mean:2.1706209105855265
2022-08-17 01:06:47,330 - /root/PycharmProjects/paper/Logger.py[line:40] - INFO: rl predict ate diff mean:2.1706209105855265
2022-08-17 01:06:47,357 - /root/PycharmProjects/paper/Logger.py[line:40] - INFO: real ate:0.4455781
2022-08-17 01:06:47,357 - /root/PycharmProjects/paper/Logger.py[line:40] - INFO: real ate:0.4455781
2022-08-17 01:06:47,358 - /root/PycharmProjects/paper/Logger.py[line:40] - INFO: rl predict ate:-1.0
2022-08-17 01:06:47,358 - /root/PycharmProjects/paper/Logger.py[line:40] - INFO: rl predict ate:-1.0
2022-08-17 01:06:47,358 - /root/PycharmProjects/paper/Logger.py[line:40] - INFO: rl predict ate diff:2.0896960382763154
2022-08-17 01:06:47,358 - /root/PycharmProjects/paper/Logger.py[line:40] - INFO: rl predict ate diff:2.0896960382763154
2022-08-17 01:06:47,358 - /root/PycharmProjects/paper/Logger.py[line:40] - INFO: rl predict ate diff mean:2.130158474430921
2022-08-17 01:06:47,358 - /root/PycharmProjects/paper/Logger.py[line:40] - INFO: rl predict ate diff mean:2.130158474430921
2022-08-17 01:06:47,385 - /root/PycharmProjects/paper/Logger.py[line:40] - INFO: real ate:0.4636904
2022-08-17 01:06:47,385 - /root/PycharmProjects/paper/Logger.py[line:40] - INFO: real ate:0.4636904
2022-08-17 01:06:47,385 - /root/PycharmProjects/paper/Logger.py[line:40] - INFO: rl predict ate:-1.0
2022-08-17 01:06:47,385 - /root/PycharmProjects/paper/Logger.py[line:40] - INFO: rl predict ate:-1.0
2022-08-17 01:06:47,385 - /root/PycharmProjects/paper/Logger.py[line:40] - INFO: rl predict ate diff:2.142389587413973
2022-08-17 01:06:47,385 - /root/PycharmProjects/paper/Logger.py[line:40] - INFO: rl predict ate diff:2.142389587413973
2022-08-17 01:06:47,385 - /root/PycharmProjects/paper/Logger.py[line:40] - INFO: rl predict ate diff mean:2.1342355120919385
2022-08-17 01:06:47,385 - /root/PycharmProjects/paper/Logger.py[line:40] - INFO: rl predict ate diff mean:2.1342355120919385
2022-08-17 01:06:47,412 - /root/PycharmProjects/paper/Logger.py[line:40] - INFO: real ate:0.4579382
2022-08-17 01:06:47,412 - /root/PycharmProjects/paper/Logger.py[line:40] - INFO: real ate:0.4579382
2022-08-17 01:06:47,412 - /root/PycharmProjects/paper/Logger.py[line:40] - INFO: rl predict ate:-1.0
2022-08-17 01:06:47,412 - /root/PycharmProjects/paper/Logger.py[line:40] - INFO: rl predict ate:-1.0
2022-08-17 01:06:47,412 - /root/PycharmProjects/paper/Logger.py[line:40] - INFO: rl predict ate diff:2.125583778325563
2022-08-17 01:06:47,412 - /root/PycharmProjects/paper/Logger.py[line:40] - INFO: rl predict ate diff:2.125583778325563
2022-08-17 01:06:47,412 - /root/PycharmProjects/paper/Logger.py[line:40] - INFO: rl predict ate diff mean:2.1320725786503445
2022-08-17 01:06:47,412 - /root/PycharmProjects/paper/Logger.py[line:40] - INFO: rl predict ate diff mean:2.1320725786503445
2022-08-17 01:06:47,439 - /root/PycharmProjects/paper/Logger.py[line:40] - INFO: real ate:0.44600928
2022-08-17 01:06:47,439 - /root/PycharmProjects/paper/Logger.py[line:40] - INFO: real ate:0.44600928
2022-08-17 01:06:47,439 - /root/PycharmProjects/paper/Logger.py[line:40] - INFO: rl predict ate:-1.0
2022-08-17 01:06:47,439 - /root/PycharmProjects/paper/Logger.py[line:40] - INFO: rl predict ate:-1.0
2022-08-17 01:06:47,439 - /root/PycharmProjects/paper/Logger.py[line:40] - INFO: rl predict ate diff:2.090942832922238
2022-08-17 01:06:47,439 - /root/PycharmProjects/paper/Logger.py[line:40] - INFO: rl predict ate diff:2.090942832922238
2022-08-17 01:06:47,440 - /root/PycharmProjects/paper/Logger.py[line:40] - INFO: rl predict ate diff mean:2.1238466295047234
2022-08-17 01:06:47,440 - /root/PycharmProjects/paper/Logger.py[line:40] - INFO: rl predict ate diff mean:2.1238466295047234
2022-08-17 01:06:47,466 - /root/PycharmProjects/paper/Logger.py[line:40] - INFO: real ate:0.42234898
2022-08-17 01:06:47,466 - /root/PycharmProjects/paper/Logger.py[line:40] - INFO: real ate:0.42234898
2022-08-17 01:06:47,467 - /root/PycharmProjects/paper/Logger.py[line:40] - INFO: rl predict ate:-1.0
2022-08-17 01:06:47,467 - /root/PycharmProjects/paper/Logger.py[line:40] - INFO: rl predict ate:-1.0
2022-08-17 01:06:47,467 - /root/PycharmProjects/paper/Logger.py[line:40] - INFO: rl predict ate diff:2.023076609913005
2022-08-17 01:06:47,467 - /root/PycharmProjects/paper/Logger.py[line:40] - INFO: rl predict ate diff:2.023076609913005
2022-08-17 01:06:47,467 - /root/PycharmProjects/paper/Logger.py[line:40] - INFO: rl predict ate diff mean:2.107051626239437
2022-08-17 01:06:47,467 - /root/PycharmProjects/paper/Logger.py[line:40] - INFO: rl predict ate diff mean:2.107051626239437
2022-08-17 01:06:47,494 - /root/PycharmProjects/paper/Logger.py[line:40] - INFO: real ate:0.454273
2022-08-17 01:06:47,494 - /root/PycharmProjects/paper/Logger.py[line:40] - INFO: real ate:0.454273
2022-08-17 01:06:47,494 - /root/PycharmProjects/paper/Logger.py[line:40] - INFO: rl predict ate:-1.0
2022-08-17 01:06:47,494 - /root/PycharmProjects/paper/Logger.py[line:40] - INFO: rl predict ate:-1.0
2022-08-17 01:06:47,494 - /root/PycharmProjects/paper/Logger.py[line:40] - INFO: rl predict ate diff:2.114909916234012
2022-08-17 01:06:47,494 - /root/PycharmProjects/paper/Logger.py[line:40] - INFO: rl predict ate diff:2.114909916234012
2022-08-17 01:06:47,494 - /root/PycharmProjects/paper/Logger.py[line:40] - INFO: rl predict ate diff mean:2.108174239095805
2022-08-17 01:06:47,494 - /root/PycharmProjects/paper/Logger.py[line:40] - INFO: rl predict ate diff mean:2.108174239095805
2022-08-17 01:06:47,522 - /root/PycharmProjects/paper/Logger.py[line:40] - INFO: real ate:0.44385695
2022-08-17 01:06:47,522 - /root/PycharmProjects/paper/Logger.py[line:40] - INFO: real ate:0.44385695
2022-08-17 01:06:47,523 - /root/PycharmProjects/paper/Logger.py[line:40] - INFO: rl predict ate:-1.0
2022-08-17 01:06:47,523 - /root/PycharmProjects/paper/Logger.py[line:40] - INFO: rl predict ate:-1.0
2022-08-17 01:06:47,523 - /root/PycharmProjects/paper/Logger.py[line:40] - INFO: rl predict ate diff:2.084722905273395
2022-08-17 01:06:47,523 - /root/PycharmProjects/paper/Logger.py[line:40] - INFO: rl predict ate diff:2.084722905273395
2022-08-17 01:06:47,523 - /root/PycharmProjects/paper/Logger.py[line:40] - INFO: rl predict ate diff mean:2.1052428223680035
2022-08-17 01:06:47,523 - /root/PycharmProjects/paper/Logger.py[line:40] - INFO: rl predict ate diff mean:2.1052428223680035
2022-08-17 01:06:47,570 - /root/PycharmProjects/paper/Logger.py[line:40] - INFO: real ate:0.41958737
2022-08-17 01:06:47,570 - /root/PycharmProjects/paper/Logger.py[line:40] - INFO: real ate:0.41958737
2022-08-17 01:06:47,570 - /root/PycharmProjects/paper/Logger.py[line:40] - INFO: rl predict ate:-1.0
2022-08-17 01:06:47,570 - /root/PycharmProjects/paper/Logger.py[line:40] - INFO: rl predict ate:-1.0
2022-08-17 01:06:47,571 - /root/PycharmProjects/paper/Logger.py[line:40] - INFO: rl predict ate diff:2.015228311663634
2022-08-17 01:06:47,571 - /root/PycharmProjects/paper/Logger.py[line:40] - INFO: rl predict ate diff:2.015228311663634
2022-08-17 01:06:47,571 - /root/PycharmProjects/paper/Logger.py[line:40] - INFO: rl predict ate diff mean:2.095241210067518
2022-08-17 01:06:47,571 - /root/PycharmProjects/paper/Logger.py[line:40] - INFO: rl predict ate diff mean:2.095241210067518
2022-08-17 01:06:47,612 - /root/PycharmProjects/paper/Logger.py[line:40] - INFO: real ate:0.49218094
2022-08-17 01:06:47,612 - /root/PycharmProjects/paper/Logger.py[line:40] - INFO: real ate:0.49218094
2022-08-17 01:06:47,612 - /root/PycharmProjects/paper/Logger.py[line:40] - INFO: rl predict ate:-1.0
2022-08-17 01:06:47,612 - /root/PycharmProjects/paper/Logger.py[line:40] - INFO: rl predict ate:-1.0
2022-08-17 01:06:47,612 - /root/PycharmProjects/paper/Logger.py[line:40] - INFO: rl predict ate diff:2.226603968111945
2022-08-17 01:06:47,612 - /root/PycharmProjects/paper/Logger.py[line:40] - INFO: rl predict ate diff:2.226603968111945
2022-08-17 01:06:47,612 - /root/PycharmProjects/paper/Logger.py[line:40] - INFO: rl predict ate diff mean:2.108377485871961
2022-08-17 01:06:47,612 - /root/PycharmProjects/paper/Logger.py[line:40] - INFO: rl predict ate diff mean:2.108377485871961
2022-08-17 01:06:47,642 - /root/PycharmProjects/paper/Logger.py[line:40] - INFO: real ate:0.46048498
2022-08-17 01:06:47,642 - /root/PycharmProjects/paper/Logger.py[line:40] - INFO: real ate:0.46048498
2022-08-17 01:06:47,642 - /root/PycharmProjects/paper/Logger.py[line:40] - INFO: rl predict ate:-1.0
2022-08-17 01:06:47,642 - /root/PycharmProjects/paper/Logger.py[line:40] - INFO: rl predict ate:-1.0
2022-08-17 01:06:47,642 - /root/PycharmProjects/paper/Logger.py[line:40] - INFO: rl predict ate diff:2.1330163812947376
2022-08-17 01:06:47,642 - /root/PycharmProjects/paper/Logger.py[line:40] - INFO: rl predict ate diff:2.1330163812947376
2022-08-17 01:06:47,642 - /root/PycharmProjects/paper/Logger.py[line:40] - INFO: rl predict ate diff mean:2.1106173854558494
2022-08-17 01:06:47,642 - /root/PycharmProjects/paper/Logger.py[line:40] - INFO: rl predict ate diff mean:2.1106173854558494
2022-08-17 01:06:47,669 - /root/PycharmProjects/paper/Logger.py[line:40] - INFO: real ate:0.48948097
2022-08-17 01:06:47,669 - /root/PycharmProjects/paper/Logger.py[line:40] - INFO: real ate:0.48948097
2022-08-17 01:06:47,670 - /root/PycharmProjects/paper/Logger.py[line:40] - INFO: rl predict ate:-1.0
2022-08-17 01:06:47,670 - /root/PycharmProjects/paper/Logger.py[line:40] - INFO: rl predict ate:-1.0
2022-08-17 01:06:47,670 - /root/PycharmProjects/paper/Logger.py[line:40] - INFO: rl predict ate diff:2.21855356681408
2022-08-17 01:06:47,670 - /root/PycharmProjects/paper/Logger.py[line:40] - INFO: rl predict ate diff:2.21855356681408
2022-08-17 01:06:47,670 - /root/PycharmProjects/paper/Logger.py[line:40] - INFO: rl predict ate diff mean:2.119612067235702
2022-08-17 01:06:47,670 - /root/PycharmProjects/paper/Logger.py[line:40] - INFO: rl predict ate diff mean:2.119612067235702
