2024-04-03 22:03:33,624 - /root/PycharmProjects/paper/Logger.py[line:40] - INFO: rewards random_add_unobserved_common_cause:0.19999999999999996
2024-04-03 22:03:33,625 - /root/PycharmProjects/paper/Logger.py[line:40] - INFO: real ate:0.47330272
2024-04-03 22:03:33,625 - /root/PycharmProjects/paper/Logger.py[line:40] - INFO: Base method ate:0.03161063542488259
2024-04-03 22:05:03,890 - /root/PycharmProjects/paper/Logger.py[line:40] - INFO: rewards random_add_unobserved_common_cause:0.19999999999999996
2024-04-03 22:05:03,890 - /root/PycharmProjects/paper/Logger.py[line:40] - INFO: real ate:0.4455781
2024-04-03 22:05:03,891 - /root/PycharmProjects/paper/Logger.py[line:40] - INFO: Base method ate:0.010452017312759928
2024-04-03 22:06:34,014 - /root/PycharmProjects/paper/Logger.py[line:40] - INFO: rewards random_add_unobserved_common_cause:1.0
2024-04-03 22:06:34,014 - /root/PycharmProjects/paper/Logger.py[line:40] - INFO: real ate:0.4636904
2024-04-03 22:06:34,014 - /root/PycharmProjects/paper/Logger.py[line:40] - INFO: Base method ate:0.09771057083644855
2024-04-03 22:08:03,647 - /root/PycharmProjects/paper/Logger.py[line:40] - INFO: rewards random_add_unobserved_common_cause:0.19999999999999996
2024-04-03 22:08:03,647 - /root/PycharmProjects/paper/Logger.py[line:40] - INFO: real ate:0.4579382
2024-04-03 22:08:03,647 - /root/PycharmProjects/paper/Logger.py[line:40] - INFO: Base method ate:0.02004514808941118
2024-04-03 22:09:32,849 - /root/PycharmProjects/paper/Logger.py[line:40] - INFO: rewards random_add_unobserved_common_cause:0.98
2024-04-03 22:09:32,849 - /root/PycharmProjects/paper/Logger.py[line:40] - INFO: real ate:0.44600928
2024-04-03 22:09:32,849 - /root/PycharmProjects/paper/Logger.py[line:40] - INFO: Base method ate:0.006941762225245388
2024-04-03 22:11:03,337 - /root/PycharmProjects/paper/Logger.py[line:40] - INFO: rewards random_add_unobserved_common_cause:1.0
2024-04-03 22:11:03,340 - /root/PycharmProjects/paper/Logger.py[line:40] - INFO: real ate:0.42234898
2024-04-03 22:11:03,340 - /root/PycharmProjects/paper/Logger.py[line:40] - INFO: Base method ate:0.06702092990246795
2024-04-03 22:12:33,190 - /root/PycharmProjects/paper/Logger.py[line:40] - INFO: rewards random_add_unobserved_common_cause:1.0
2024-04-03 22:12:33,190 - /root/PycharmProjects/paper/Logger.py[line:40] - INFO: real ate:0.454273
2024-04-03 22:12:33,190 - /root/PycharmProjects/paper/Logger.py[line:40] - INFO: Base method ate:0.04943819245157562
2024-04-03 22:14:03,041 - /root/PycharmProjects/paper/Logger.py[line:40] - INFO: rewards random_add_unobserved_common_cause:0.19999999999999996
2024-04-03 22:14:03,042 - /root/PycharmProjects/paper/Logger.py[line:40] - INFO: real ate:0.44385695
2024-04-03 22:14:03,042 - /root/PycharmProjects/paper/Logger.py[line:40] - INFO: Base method ate:0.04423412917929831
2024-04-03 22:15:33,320 - /root/PycharmProjects/paper/Logger.py[line:40] - INFO: rewards random_add_unobserved_common_cause:0.6799999999999999
2024-04-03 22:15:33,322 - /root/PycharmProjects/paper/Logger.py[line:40] - INFO: real ate:0.41958737
2024-04-03 22:15:33,322 - /root/PycharmProjects/paper/Logger.py[line:40] - INFO: Base method ate:-0.0005382759188772564
2024-04-03 22:17:02,974 - /root/PycharmProjects/paper/Logger.py[line:40] - INFO: rewards random_add_unobserved_common_cause:0.45999999999999996
2024-04-03 22:17:02,975 - /root/PycharmProjects/paper/Logger.py[line:40] - INFO: real ate:0.49218094
2024-04-03 22:17:02,975 - /root/PycharmProjects/paper/Logger.py[line:40] - INFO: Base method ate:-0.04591760381460132
2024-04-03 22:18:33,027 - /root/PycharmProjects/paper/Logger.py[line:40] - INFO: rewards random_add_unobserved_common_cause:0.21999999999999997
2024-04-03 22:18:33,027 - /root/PycharmProjects/paper/Logger.py[line:40] - INFO: real ate:0.46048498
2024-04-03 22:18:33,027 - /root/PycharmProjects/paper/Logger.py[line:40] - INFO: Base method ate:-0.016127795812331945
2024-04-03 22:20:02,590 - /root/PycharmProjects/paper/Logger.py[line:40] - INFO: rewards random_add_unobserved_common_cause:0.19999999999999996
2024-04-03 22:20:02,590 - /root/PycharmProjects/paper/Logger.py[line:40] - INFO: real ate:0.48948097
2024-04-03 22:20:02,591 - /root/PycharmProjects/paper/Logger.py[line:40] - INFO: Base method ate:0.05002557265639547
2024-04-03 22:20:02,591 - /root/PycharmProjects/paper/Logger.py[line:40] - INFO: Base method ate diff MSE mean:0.18659020610328858
2024-04-03 22:20:02,591 - /root/PycharmProjects/paper/Logger.py[line:40] - INFO: Base method ate diff MAE mean:0.42948638313794274
2024-04-03 22:20:02,591 - /root/PycharmProjects/paper/Logger.py[line:40] - INFO: Base method ate diff RMSE mean:0.43196088492280016
2024-04-03 22:20:02,591 - /root/PycharmProjects/paper/Logger.py[line:40] - INFO: Base method total_p_value_mean_random:0.5283333333333332
2024-04-03 23:22:16,024 - /root/PycharmProjects/paper/Logger.py[line:40] - INFO: rewards random_add_unobserved_common_cause:0.19999999999999996
2024-04-03 23:22:16,025 - /root/PycharmProjects/paper/Logger.py[line:40] - INFO: real ate:0.47330272
2024-04-03 23:22:16,025 - /root/PycharmProjects/paper/Logger.py[line:40] - INFO: Base method ate:0.03161063542488259
2024-04-03 23:23:45,731 - /root/PycharmProjects/paper/Logger.py[line:40] - INFO: rewards random_add_unobserved_common_cause:0.19999999999999996
2024-04-03 23:23:45,731 - /root/PycharmProjects/paper/Logger.py[line:40] - INFO: real ate:0.4455781
2024-04-03 23:23:45,731 - /root/PycharmProjects/paper/Logger.py[line:40] - INFO: Base method ate:0.010342600916798101
2024-04-03 23:25:15,670 - /root/PycharmProjects/paper/Logger.py[line:40] - INFO: rewards random_add_unobserved_common_cause:1.0
2024-04-03 23:25:15,670 - /root/PycharmProjects/paper/Logger.py[line:40] - INFO: real ate:0.4636904
2024-04-03 23:25:15,670 - /root/PycharmProjects/paper/Logger.py[line:40] - INFO: Base method ate:0.0977194495365622
2024-04-03 23:26:45,933 - /root/PycharmProjects/paper/Logger.py[line:40] - INFO: rewards random_add_unobserved_common_cause:0.19999999999999996
2024-04-03 23:26:45,934 - /root/PycharmProjects/paper/Logger.py[line:40] - INFO: real ate:0.4579382
2024-04-03 23:26:45,934 - /root/PycharmProjects/paper/Logger.py[line:40] - INFO: Base method ate:0.019993340256406925
2024-04-03 23:28:15,072 - /root/PycharmProjects/paper/Logger.py[line:40] - INFO: rewards random_add_unobserved_common_cause:0.9199999999999999
2024-04-03 23:28:15,072 - /root/PycharmProjects/paper/Logger.py[line:40] - INFO: real ate:0.44600928
2024-04-03 23:28:15,072 - /root/PycharmProjects/paper/Logger.py[line:40] - INFO: Base method ate:0.006929373892732707
2024-04-03 23:29:44,575 - /root/PycharmProjects/paper/Logger.py[line:40] - INFO: rewards random_add_unobserved_common_cause:1.0
2024-04-03 23:29:44,575 - /root/PycharmProjects/paper/Logger.py[line:40] - INFO: real ate:0.42234898
2024-04-03 23:29:44,575 - /root/PycharmProjects/paper/Logger.py[line:40] - INFO: Base method ate:0.06702690662804929
2024-04-03 23:31:14,027 - /root/PycharmProjects/paper/Logger.py[line:40] - INFO: rewards random_add_unobserved_common_cause:1.0
2024-04-03 23:31:14,027 - /root/PycharmProjects/paper/Logger.py[line:40] - INFO: real ate:0.454273
2024-04-03 23:31:14,027 - /root/PycharmProjects/paper/Logger.py[line:40] - INFO: Base method ate:0.05007592522582315
2024-04-03 23:32:43,281 - /root/PycharmProjects/paper/Logger.py[line:40] - INFO: rewards random_add_unobserved_common_cause:0.19999999999999996
2024-04-03 23:32:43,281 - /root/PycharmProjects/paper/Logger.py[line:40] - INFO: real ate:0.44385695
2024-04-03 23:32:43,281 - /root/PycharmProjects/paper/Logger.py[line:40] - INFO: Base method ate:0.04423513105932581
2024-04-03 23:34:12,376 - /root/PycharmProjects/paper/Logger.py[line:40] - INFO: rewards random_add_unobserved_common_cause:0.72
2024-04-03 23:34:12,376 - /root/PycharmProjects/paper/Logger.py[line:40] - INFO: real ate:0.41958737
2024-04-03 23:34:12,376 - /root/PycharmProjects/paper/Logger.py[line:40] - INFO: Base method ate:-0.0005401533052635652
2024-04-03 23:35:41,265 - /root/PycharmProjects/paper/Logger.py[line:40] - INFO: rewards random_add_unobserved_common_cause:0.48
2024-04-03 23:35:41,265 - /root/PycharmProjects/paper/Logger.py[line:40] - INFO: real ate:0.49218094
2024-04-03 23:35:41,265 - /root/PycharmProjects/paper/Logger.py[line:40] - INFO: Base method ate:-0.04593029131399869
2024-04-03 23:37:10,417 - /root/PycharmProjects/paper/Logger.py[line:40] - INFO: rewards random_add_unobserved_common_cause:0.040000000000000036
2024-04-03 23:37:10,418 - /root/PycharmProjects/paper/Logger.py[line:40] - INFO: real ate:0.46048498
2024-04-03 23:37:10,418 - /root/PycharmProjects/paper/Logger.py[line:40] - INFO: Base method ate:-0.016339163871443674
2024-04-03 23:38:39,645 - /root/PycharmProjects/paper/Logger.py[line:40] - INFO: rewards random_add_unobserved_common_cause:0.19999999999999996
2024-04-03 23:38:39,645 - /root/PycharmProjects/paper/Logger.py[line:40] - INFO: real ate:0.48948097
2024-04-03 23:38:39,645 - /root/PycharmProjects/paper/Logger.py[line:40] - INFO: Base method ate:0.049965014038122396
2024-04-03 23:38:39,646 - /root/PycharmProjects/paper/Logger.py[line:40] - INFO: Base method ate diff MSE mean:0.1865813711165345
2024-04-03 23:38:39,646 - /root/PycharmProjects/paper/Logger.py[line:40] - INFO: Base method ate diff MAE mean:0.42947025930833266
2024-04-03 23:38:39,646 - /root/PycharmProjects/paper/Logger.py[line:40] - INFO: Base method ate diff RMSE mean:0.4319506581966678
2024-04-03 23:38:39,646 - /root/PycharmProjects/paper/Logger.py[line:40] - INFO: Base method total_p_value_mean_random:0.5133333333333333
2024-04-04 00:40:56,172 - /root/PycharmProjects/paper/Logger.py[line:40] - INFO: rewards random_add_unobserved_common_cause:0.19999999999999996
2024-04-04 00:40:56,176 - /root/PycharmProjects/paper/Logger.py[line:40] - INFO: real ate:0.47330272
2024-04-04 00:40:56,177 - /root/PycharmProjects/paper/Logger.py[line:40] - INFO: Base method ate:0.0316106354248826
2024-04-04 00:42:25,845 - /root/PycharmProjects/paper/Logger.py[line:40] - INFO: rewards random_add_unobserved_common_cause:0.19999999999999996
2024-04-04 00:42:25,845 - /root/PycharmProjects/paper/Logger.py[line:40] - INFO: real ate:0.4455781
2024-04-04 00:42:25,846 - /root/PycharmProjects/paper/Logger.py[line:40] - INFO: Base method ate:0.010356568512400199
2024-04-04 00:43:55,476 - /root/PycharmProjects/paper/Logger.py[line:40] - INFO: rewards random_add_unobserved_common_cause:1.0
2024-04-04 00:43:55,479 - /root/PycharmProjects/paper/Logger.py[line:40] - INFO: real ate:0.4636904
2024-04-04 00:43:55,479 - /root/PycharmProjects/paper/Logger.py[line:40] - INFO: Base method ate:0.09775029573064876
2024-04-04 00:45:25,463 - /root/PycharmProjects/paper/Logger.py[line:40] - INFO: rewards random_add_unobserved_common_cause:0.19999999999999996
2024-04-04 00:45:25,463 - /root/PycharmProjects/paper/Logger.py[line:40] - INFO: real ate:0.4579382
2024-04-04 00:45:25,463 - /root/PycharmProjects/paper/Logger.py[line:40] - INFO: Base method ate:0.01984246772614533
2024-04-04 00:46:56,734 - /root/PycharmProjects/paper/Logger.py[line:40] - INFO: rewards random_add_unobserved_common_cause:0.96
2024-04-04 00:46:56,735 - /root/PycharmProjects/paper/Logger.py[line:40] - INFO: real ate:0.44600928
2024-04-04 00:46:56,735 - /root/PycharmProjects/paper/Logger.py[line:40] - INFO: Base method ate:0.006936874158615339
2024-04-04 00:48:26,288 - /root/PycharmProjects/paper/Logger.py[line:40] - INFO: rewards random_add_unobserved_common_cause:1.0
2024-04-04 00:48:26,288 - /root/PycharmProjects/paper/Logger.py[line:40] - INFO: real ate:0.42234898
2024-04-04 00:48:26,288 - /root/PycharmProjects/paper/Logger.py[line:40] - INFO: Base method ate:0.06703383407964665
2024-04-04 00:49:57,110 - /root/PycharmProjects/paper/Logger.py[line:40] - INFO: rewards random_add_unobserved_common_cause:1.0
2024-04-04 00:49:57,114 - /root/PycharmProjects/paper/Logger.py[line:40] - INFO: real ate:0.454273
2024-04-04 00:49:57,114 - /root/PycharmProjects/paper/Logger.py[line:40] - INFO: Base method ate:0.05018433448245224
2024-04-04 00:51:26,592 - /root/PycharmProjects/paper/Logger.py[line:40] - INFO: rewards random_add_unobserved_common_cause:0.19999999999999996
2024-04-04 00:51:26,601 - /root/PycharmProjects/paper/Logger.py[line:40] - INFO: real ate:0.44385695
2024-04-04 00:51:26,602 - /root/PycharmProjects/paper/Logger.py[line:40] - INFO: Base method ate:0.0442343190411997
2024-04-04 00:52:57,568 - /root/PycharmProjects/paper/Logger.py[line:40] - INFO: rewards random_add_unobserved_common_cause:0.72
2024-04-04 00:52:57,569 - /root/PycharmProjects/paper/Logger.py[line:40] - INFO: real ate:0.41958737
2024-04-04 00:52:57,569 - /root/PycharmProjects/paper/Logger.py[line:40] - INFO: Base method ate:-0.0005609403822562347
2024-04-04 00:54:27,585 - /root/PycharmProjects/paper/Logger.py[line:40] - INFO: rewards random_add_unobserved_common_cause:0.3400000000000001
2024-04-04 00:54:27,585 - /root/PycharmProjects/paper/Logger.py[line:40] - INFO: real ate:0.49218094
2024-04-04 00:54:27,585 - /root/PycharmProjects/paper/Logger.py[line:40] - INFO: Base method ate:-0.04592382822777121
2024-04-04 00:56:01,057 - /root/PycharmProjects/paper/Logger.py[line:40] - INFO: rewards random_add_unobserved_common_cause:0.5800000000000001
2024-04-04 00:56:01,058 - /root/PycharmProjects/paper/Logger.py[line:40] - INFO: real ate:0.46048498
2024-04-04 00:56:01,059 - /root/PycharmProjects/paper/Logger.py[line:40] - INFO: Base method ate:-0.014531187914627996
2024-04-04 00:57:30,999 - /root/PycharmProjects/paper/Logger.py[line:40] - INFO: rewards random_add_unobserved_common_cause:0.19999999999999996
2024-04-04 00:57:30,999 - /root/PycharmProjects/paper/Logger.py[line:40] - INFO: real ate:0.48948097
2024-04-04 00:57:30,999 - /root/PycharmProjects/paper/Logger.py[line:40] - INFO: Base method ate:0.04994931281410391
2024-04-04 00:57:30,999 - /root/PycharmProjects/paper/Logger.py[line:40] - INFO: Base method ate diff MSE mean:0.18643990099864602
2024-04-04 00:57:30,999 - /root/PycharmProjects/paper/Logger.py[line:40] - INFO: Base method ate diff MAE mean:0.4293207662285457
2024-04-04 00:57:30,999 - /root/PycharmProjects/paper/Logger.py[line:40] - INFO: Base method ate diff RMSE mean:0.4317868698775427
2024-04-04 00:57:31,000 - /root/PycharmProjects/paper/Logger.py[line:40] - INFO: Base method total_p_value_mean_random:0.5499999999999999
2024-04-04 01:58:08,314 - /root/PycharmProjects/paper/Logger.py[line:40] - INFO: rewards random_add_unobserved_common_cause:0.19999999999999996
2024-04-04 01:58:08,315 - /root/PycharmProjects/paper/Logger.py[line:40] - INFO: real ate:0.47330272
2024-04-04 01:58:08,315 - /root/PycharmProjects/paper/Logger.py[line:40] - INFO: Base method ate:0.03161063542488259
2024-04-04 01:59:35,561 - /root/PycharmProjects/paper/Logger.py[line:40] - INFO: rewards random_add_unobserved_common_cause:0.19999999999999996
2024-04-04 01:59:35,561 - /root/PycharmProjects/paper/Logger.py[line:40] - INFO: real ate:0.4455781
2024-04-04 01:59:35,561 - /root/PycharmProjects/paper/Logger.py[line:40] - INFO: Base method ate:0.010338682305570135
2024-04-04 02:01:01,880 - /root/PycharmProjects/paper/Logger.py[line:40] - INFO: rewards random_add_unobserved_common_cause:1.0
2024-04-04 02:01:01,880 - /root/PycharmProjects/paper/Logger.py[line:40] - INFO: real ate:0.4636904
2024-04-04 02:01:01,880 - /root/PycharmProjects/paper/Logger.py[line:40] - INFO: Base method ate:0.09770216914134267
2024-04-04 02:02:28,316 - /root/PycharmProjects/paper/Logger.py[line:40] - INFO: rewards random_add_unobserved_common_cause:0.19999999999999996
2024-04-04 02:02:28,317 - /root/PycharmProjects/paper/Logger.py[line:40] - INFO: real ate:0.4579382
2024-04-04 02:02:28,317 - /root/PycharmProjects/paper/Logger.py[line:40] - INFO: Base method ate:0.020015635100692528
2024-04-04 02:03:53,738 - /root/PycharmProjects/paper/Logger.py[line:40] - INFO: rewards random_add_unobserved_common_cause:0.8999999999999999
2024-04-04 02:03:53,738 - /root/PycharmProjects/paper/Logger.py[line:40] - INFO: real ate:0.44600928
2024-04-04 02:03:53,738 - /root/PycharmProjects/paper/Logger.py[line:40] - INFO: Base method ate:0.006924049252041402
2024-04-04 02:05:19,989 - /root/PycharmProjects/paper/Logger.py[line:40] - INFO: rewards random_add_unobserved_common_cause:1.0
2024-04-04 02:05:19,990 - /root/PycharmProjects/paper/Logger.py[line:40] - INFO: real ate:0.42234898
2024-04-04 02:05:19,990 - /root/PycharmProjects/paper/Logger.py[line:40] - INFO: Base method ate:0.06704215101635246
2024-04-04 02:06:44,854 - /root/PycharmProjects/paper/Logger.py[line:40] - INFO: rewards random_add_unobserved_common_cause:1.0
2024-04-04 02:06:44,854 - /root/PycharmProjects/paper/Logger.py[line:40] - INFO: real ate:0.454273
2024-04-04 02:06:44,854 - /root/PycharmProjects/paper/Logger.py[line:40] - INFO: Base method ate:0.049874075198707346
2024-04-04 02:08:10,329 - /root/PycharmProjects/paper/Logger.py[line:40] - INFO: rewards random_add_unobserved_common_cause:0.19999999999999996
2024-04-04 02:08:10,329 - /root/PycharmProjects/paper/Logger.py[line:40] - INFO: real ate:0.44385695
2024-04-04 02:08:10,330 - /root/PycharmProjects/paper/Logger.py[line:40] - INFO: Base method ate:0.04423489075419639
2024-04-04 02:09:36,127 - /root/PycharmProjects/paper/Logger.py[line:40] - INFO: rewards random_add_unobserved_common_cause:0.7
2024-04-04 02:09:36,127 - /root/PycharmProjects/paper/Logger.py[line:40] - INFO: real ate:0.41958737
2024-04-04 02:09:36,127 - /root/PycharmProjects/paper/Logger.py[line:40] - INFO: Base method ate:-0.0005619721164950819
2024-04-04 02:11:03,117 - /root/PycharmProjects/paper/Logger.py[line:40] - INFO: rewards random_add_unobserved_common_cause:0.3400000000000001
2024-04-04 02:11:03,117 - /root/PycharmProjects/paper/Logger.py[line:40] - INFO: real ate:0.49218094
2024-04-04 02:11:03,117 - /root/PycharmProjects/paper/Logger.py[line:40] - INFO: Base method ate:-0.04591502913662381
2024-04-04 02:12:29,422 - /root/PycharmProjects/paper/Logger.py[line:40] - INFO: rewards random_add_unobserved_common_cause:0.14
2024-04-04 02:12:29,422 - /root/PycharmProjects/paper/Logger.py[line:40] - INFO: real ate:0.46048498
2024-04-04 02:12:29,422 - /root/PycharmProjects/paper/Logger.py[line:40] - INFO: Base method ate:-0.0160081344444433
2024-04-04 02:13:55,337 - /root/PycharmProjects/paper/Logger.py[line:40] - INFO: rewards random_add_unobserved_common_cause:0.19999999999999996
2024-04-04 02:13:55,337 - /root/PycharmProjects/paper/Logger.py[line:40] - INFO: real ate:0.48948097
2024-04-04 02:13:55,337 - /root/PycharmProjects/paper/Logger.py[line:40] - INFO: Base method ate:0.05007211811897052
2024-04-04 02:13:55,337 - /root/PycharmProjects/paper/Logger.py[line:40] - INFO: Base method ate diff MSE mean:0.18656020264464387
2024-04-04 02:13:55,337 - /root/PycharmProjects/paper/Logger.py[line:40] - INFO: Base method ate diff MAE mean:0.42945021746439954
2024-04-04 02:13:55,337 - /root/PycharmProjects/paper/Logger.py[line:40] - INFO: Base method ate diff RMSE mean:0.43192615415675384
2024-04-04 02:13:55,337 - /root/PycharmProjects/paper/Logger.py[line:40] - INFO: Base method total_p_value_mean_random:0.5066666666666666
2024-04-04 03:13:57,001 - /root/PycharmProjects/paper/Logger.py[line:40] - INFO: rewards random_add_unobserved_common_cause:0.19999999999999996
2024-04-04 03:13:57,001 - /root/PycharmProjects/paper/Logger.py[line:40] - INFO: real ate:0.47330272
2024-04-04 03:13:57,001 - /root/PycharmProjects/paper/Logger.py[line:40] - INFO: Base method ate:0.031610635424882585
2024-04-04 03:15:23,739 - /root/PycharmProjects/paper/Logger.py[line:40] - INFO: rewards random_add_unobserved_common_cause:0.19999999999999996
2024-04-04 03:15:23,740 - /root/PycharmProjects/paper/Logger.py[line:40] - INFO: real ate:0.4455781
2024-04-04 03:15:23,740 - /root/PycharmProjects/paper/Logger.py[line:40] - INFO: Base method ate:0.010444456095872003
2024-04-04 03:16:50,484 - /root/PycharmProjects/paper/Logger.py[line:40] - INFO: rewards random_add_unobserved_common_cause:1.0
2024-04-04 03:16:50,487 - /root/PycharmProjects/paper/Logger.py[line:40] - INFO: real ate:0.4636904
2024-04-04 03:16:50,487 - /root/PycharmProjects/paper/Logger.py[line:40] - INFO: Base method ate:0.0977428549410729
2024-04-04 03:18:17,272 - /root/PycharmProjects/paper/Logger.py[line:40] - INFO: rewards random_add_unobserved_common_cause:0.19999999999999996
2024-04-04 03:18:17,272 - /root/PycharmProjects/paper/Logger.py[line:40] - INFO: real ate:0.4579382
2024-04-04 03:18:17,272 - /root/PycharmProjects/paper/Logger.py[line:40] - INFO: Base method ate:0.01987226901850613
2024-04-04 03:19:43,799 - /root/PycharmProjects/paper/Logger.py[line:40] - INFO: rewards random_add_unobserved_common_cause:0.98
2024-04-04 03:19:43,799 - /root/PycharmProjects/paper/Logger.py[line:40] - INFO: real ate:0.44600928
2024-04-04 03:19:43,799 - /root/PycharmProjects/paper/Logger.py[line:40] - INFO: Base method ate:0.006951364341726143
2024-04-04 03:21:10,677 - /root/PycharmProjects/paper/Logger.py[line:40] - INFO: rewards random_add_unobserved_common_cause:1.0
2024-04-04 03:21:10,678 - /root/PycharmProjects/paper/Logger.py[line:40] - INFO: real ate:0.42234898
2024-04-04 03:21:10,678 - /root/PycharmProjects/paper/Logger.py[line:40] - INFO: Base method ate:0.06703083299878582
2024-04-04 03:22:37,260 - /root/PycharmProjects/paper/Logger.py[line:40] - INFO: rewards random_add_unobserved_common_cause:1.0
2024-04-04 03:22:37,260 - /root/PycharmProjects/paper/Logger.py[line:40] - INFO: real ate:0.454273
2024-04-04 03:22:37,260 - /root/PycharmProjects/paper/Logger.py[line:40] - INFO: Base method ate:0.049489991286660345
2024-04-04 03:24:04,168 - /root/PycharmProjects/paper/Logger.py[line:40] - INFO: rewards random_add_unobserved_common_cause:0.19999999999999996
2024-04-04 03:24:04,168 - /root/PycharmProjects/paper/Logger.py[line:40] - INFO: real ate:0.44385695
2024-04-04 03:24:04,168 - /root/PycharmProjects/paper/Logger.py[line:40] - INFO: Base method ate:0.04423576832545603
2024-04-04 03:25:30,231 - /root/PycharmProjects/paper/Logger.py[line:40] - INFO: rewards random_add_unobserved_common_cause:0.88
2024-04-04 03:25:30,232 - /root/PycharmProjects/paper/Logger.py[line:40] - INFO: real ate:0.41958737
2024-04-04 03:25:30,232 - /root/PycharmProjects/paper/Logger.py[line:40] - INFO: Base method ate:-0.0005239087840462193
2024-04-04 03:26:56,935 - /root/PycharmProjects/paper/Logger.py[line:40] - INFO: rewards random_add_unobserved_common_cause:0.3799999999999999
2024-04-04 03:26:56,935 - /root/PycharmProjects/paper/Logger.py[line:40] - INFO: real ate:0.49218094
2024-04-04 03:26:56,935 - /root/PycharmProjects/paper/Logger.py[line:40] - INFO: Base method ate:-0.04591756134642235
2024-04-04 03:28:23,347 - /root/PycharmProjects/paper/Logger.py[line:40] - INFO: rewards random_add_unobserved_common_cause:0.12
2024-04-04 03:28:23,347 - /root/PycharmProjects/paper/Logger.py[line:40] - INFO: real ate:0.46048498
2024-04-04 03:28:23,347 - /root/PycharmProjects/paper/Logger.py[line:40] - INFO: Base method ate:-0.01598942330500906
2024-04-04 03:29:50,248 - /root/PycharmProjects/paper/Logger.py[line:40] - INFO: rewards random_add_unobserved_common_cause:0.19999999999999996
2024-04-04 03:29:50,248 - /root/PycharmProjects/paper/Logger.py[line:40] - INFO: real ate:0.48948097
2024-04-04 03:29:50,248 - /root/PycharmProjects/paper/Logger.py[line:40] - INFO: Base method ate:0.04998733695293929
2024-04-04 03:29:50,248 - /root/PycharmProjects/paper/Logger.py[line:40] - INFO: Base method ate diff MSE mean:0.18658731255741634
2024-04-04 03:29:50,248 - /root/PycharmProjects/paper/Logger.py[line:40] - INFO: Base method ate diff MAE mean:0.42948310535313033
2024-04-04 03:29:50,248 - /root/PycharmProjects/paper/Logger.py[line:40] - INFO: Base method ate diff RMSE mean:0.43195753559512806
2024-04-04 03:29:50,248 - /root/PycharmProjects/paper/Logger.py[line:40] - INFO: Base method total_p_value_mean_random:0.5299999999999999
2024-04-04 04:29:46,451 - /root/PycharmProjects/paper/Logger.py[line:40] - INFO: rewards random_add_unobserved_common_cause:0.19999999999999996
2024-04-04 04:29:46,452 - /root/PycharmProjects/paper/Logger.py[line:40] - INFO: real ate:0.47330272
2024-04-04 04:29:46,452 - /root/PycharmProjects/paper/Logger.py[line:40] - INFO: Base method ate:0.03161063542488259
2024-04-04 04:31:13,962 - /root/PycharmProjects/paper/Logger.py[line:40] - INFO: rewards random_add_unobserved_common_cause:0.19999999999999996
2024-04-04 04:31:13,963 - /root/PycharmProjects/paper/Logger.py[line:40] - INFO: real ate:0.4455781
2024-04-04 04:31:13,963 - /root/PycharmProjects/paper/Logger.py[line:40] - INFO: Base method ate:0.010300081872219919
2024-04-04 04:32:40,122 - /root/PycharmProjects/paper/Logger.py[line:40] - INFO: rewards random_add_unobserved_common_cause:1.0
2024-04-04 04:32:40,122 - /root/PycharmProjects/paper/Logger.py[line:40] - INFO: real ate:0.4636904
2024-04-04 04:32:40,122 - /root/PycharmProjects/paper/Logger.py[line:40] - INFO: Base method ate:0.09770205442149604
2024-04-04 04:34:07,593 - /root/PycharmProjects/paper/Logger.py[line:40] - INFO: rewards random_add_unobserved_common_cause:0.19999999999999996
2024-04-04 04:34:07,594 - /root/PycharmProjects/paper/Logger.py[line:40] - INFO: real ate:0.4579382
2024-04-04 04:34:07,594 - /root/PycharmProjects/paper/Logger.py[line:40] - INFO: Base method ate:0.01973922096437272
2024-04-04 04:35:33,926 - /root/PycharmProjects/paper/Logger.py[line:40] - INFO: rewards random_add_unobserved_common_cause:0.94
2024-04-04 04:35:33,926 - /root/PycharmProjects/paper/Logger.py[line:40] - INFO: real ate:0.44600928
2024-04-04 04:35:33,926 - /root/PycharmProjects/paper/Logger.py[line:40] - INFO: Base method ate:0.006953971539790681
2024-04-04 04:37:00,859 - /root/PycharmProjects/paper/Logger.py[line:40] - INFO: rewards random_add_unobserved_common_cause:1.0
2024-04-04 04:37:00,860 - /root/PycharmProjects/paper/Logger.py[line:40] - INFO: real ate:0.42234898
2024-04-04 04:37:00,860 - /root/PycharmProjects/paper/Logger.py[line:40] - INFO: Base method ate:0.06704802278977523
2024-04-04 04:38:27,168 - /root/PycharmProjects/paper/Logger.py[line:40] - INFO: rewards random_add_unobserved_common_cause:1.0
2024-04-04 04:38:27,168 - /root/PycharmProjects/paper/Logger.py[line:40] - INFO: real ate:0.454273
2024-04-04 04:38:27,169 - /root/PycharmProjects/paper/Logger.py[line:40] - INFO: Base method ate:0.04918230500620742
2024-04-04 04:39:53,996 - /root/PycharmProjects/paper/Logger.py[line:40] - INFO: rewards random_add_unobserved_common_cause:0.19999999999999996
2024-04-04 04:39:53,996 - /root/PycharmProjects/paper/Logger.py[line:40] - INFO: real ate:0.44385695
2024-04-04 04:39:53,996 - /root/PycharmProjects/paper/Logger.py[line:40] - INFO: Base method ate:0.04423519981487072
2024-04-04 04:41:20,517 - /root/PycharmProjects/paper/Logger.py[line:40] - INFO: rewards random_add_unobserved_common_cause:0.76
2024-04-04 04:41:20,517 - /root/PycharmProjects/paper/Logger.py[line:40] - INFO: real ate:0.41958737
2024-04-04 04:41:20,517 - /root/PycharmProjects/paper/Logger.py[line:40] - INFO: Base method ate:-0.0005160426750046593
2024-04-04 04:42:46,553 - /root/PycharmProjects/paper/Logger.py[line:40] - INFO: rewards random_add_unobserved_common_cause:0.3400000000000001
2024-04-04 04:42:46,553 - /root/PycharmProjects/paper/Logger.py[line:40] - INFO: real ate:0.49218094
2024-04-04 04:42:46,553 - /root/PycharmProjects/paper/Logger.py[line:40] - INFO: Base method ate:-0.04591662662348154
2024-04-04 04:44:13,465 - /root/PycharmProjects/paper/Logger.py[line:40] - INFO: rewards random_add_unobserved_common_cause:0.24
2024-04-04 04:44:13,465 - /root/PycharmProjects/paper/Logger.py[line:40] - INFO: real ate:0.46048498
2024-04-04 04:44:13,465 - /root/PycharmProjects/paper/Logger.py[line:40] - INFO: Base method ate:-0.015685766039981515
2024-04-04 04:45:40,296 - /root/PycharmProjects/paper/Logger.py[line:40] - INFO: rewards random_add_unobserved_common_cause:0.19999999999999996
2024-04-04 04:45:40,297 - /root/PycharmProjects/paper/Logger.py[line:40] - INFO: real ate:0.48948097
2024-04-04 04:45:40,297 - /root/PycharmProjects/paper/Logger.py[line:40] - INFO: Base method ate:0.05003625934505466
2024-04-04 04:45:40,297 - /root/PycharmProjects/paper/Logger.py[line:40] - INFO: Base method ate diff MSE mean:0.1866012590362459
2024-04-04 04:45:40,297 - /root/PycharmProjects/paper/Logger.py[line:40] - INFO: Base method ate diff MAE mean:0.42950354702898214
2024-04-04 04:45:40,297 - /root/PycharmProjects/paper/Logger.py[line:40] - INFO: Base method ate diff RMSE mean:0.4319736786382313
2024-04-04 04:45:40,297 - /root/PycharmProjects/paper/Logger.py[line:40] - INFO: Base method total_p_value_mean_random:0.5233333333333333
2024-04-04 05:44:47,652 - /root/PycharmProjects/paper/Logger.py[line:40] - INFO: rewards random_add_unobserved_common_cause:0.19999999999999996
2024-04-04 05:44:47,655 - /root/PycharmProjects/paper/Logger.py[line:40] - INFO: real ate:0.47330272
2024-04-04 05:44:47,655 - /root/PycharmProjects/paper/Logger.py[line:40] - INFO: Base method ate:0.0316106354248826
2024-04-04 05:46:13,340 - /root/PycharmProjects/paper/Logger.py[line:40] - INFO: rewards random_add_unobserved_common_cause:0.19999999999999996
2024-04-04 05:46:13,341 - /root/PycharmProjects/paper/Logger.py[line:40] - INFO: real ate:0.4455781
2024-04-04 05:46:13,341 - /root/PycharmProjects/paper/Logger.py[line:40] - INFO: Base method ate:0.010421475521331078
2024-04-04 05:47:37,990 - /root/PycharmProjects/paper/Logger.py[line:40] - INFO: rewards random_add_unobserved_common_cause:1.0
2024-04-04 05:47:37,990 - /root/PycharmProjects/paper/Logger.py[line:40] - INFO: real ate:0.4636904
2024-04-04 05:47:37,990 - /root/PycharmProjects/paper/Logger.py[line:40] - INFO: Base method ate:0.09774597475179461
2024-04-04 05:49:03,486 - /root/PycharmProjects/paper/Logger.py[line:40] - INFO: rewards random_add_unobserved_common_cause:0.19999999999999996
2024-04-04 05:49:03,486 - /root/PycharmProjects/paper/Logger.py[line:40] - INFO: real ate:0.4579382
2024-04-04 05:49:03,486 - /root/PycharmProjects/paper/Logger.py[line:40] - INFO: Base method ate:0.019724445357428955
2024-04-04 05:50:28,313 - /root/PycharmProjects/paper/Logger.py[line:40] - INFO: rewards random_add_unobserved_common_cause:0.96
2024-04-04 05:50:28,313 - /root/PycharmProjects/paper/Logger.py[line:40] - INFO: real ate:0.44600928
2024-04-04 05:50:28,313 - /root/PycharmProjects/paper/Logger.py[line:40] - INFO: Base method ate:0.006934517584649841
2024-04-04 05:51:53,942 - /root/PycharmProjects/paper/Logger.py[line:40] - INFO: rewards random_add_unobserved_common_cause:1.0
2024-04-04 05:51:53,942 - /root/PycharmProjects/paper/Logger.py[line:40] - INFO: real ate:0.42234898
2024-04-04 05:51:53,942 - /root/PycharmProjects/paper/Logger.py[line:40] - INFO: Base method ate:0.06704250240067669
2024-04-04 05:53:18,927 - /root/PycharmProjects/paper/Logger.py[line:40] - INFO: rewards random_add_unobserved_common_cause:1.0
2024-04-04 05:53:18,928 - /root/PycharmProjects/paper/Logger.py[line:40] - INFO: real ate:0.454273
2024-04-04 05:53:18,928 - /root/PycharmProjects/paper/Logger.py[line:40] - INFO: Base method ate:0.049413556698089084
2024-04-04 05:54:43,682 - /root/PycharmProjects/paper/Logger.py[line:40] - INFO: rewards random_add_unobserved_common_cause:0.19999999999999996
2024-04-04 05:54:43,683 - /root/PycharmProjects/paper/Logger.py[line:40] - INFO: real ate:0.44385695
2024-04-04 05:54:43,683 - /root/PycharmProjects/paper/Logger.py[line:40] - INFO: Base method ate:0.04423408703802987
2024-04-04 05:56:09,953 - /root/PycharmProjects/paper/Logger.py[line:40] - INFO: rewards random_add_unobserved_common_cause:0.76
2024-04-04 05:56:09,953 - /root/PycharmProjects/paper/Logger.py[line:40] - INFO: real ate:0.41958737
2024-04-04 05:56:09,953 - /root/PycharmProjects/paper/Logger.py[line:40] - INFO: Base method ate:-0.0005683203143146562
2024-04-04 05:57:34,837 - /root/PycharmProjects/paper/Logger.py[line:40] - INFO: rewards random_add_unobserved_common_cause:0.52
2024-04-04 05:57:34,838 - /root/PycharmProjects/paper/Logger.py[line:40] - INFO: real ate:0.49218094
2024-04-04 05:57:34,838 - /root/PycharmProjects/paper/Logger.py[line:40] - INFO: Base method ate:-0.04591332174514948
2024-04-04 05:58:59,403 - /root/PycharmProjects/paper/Logger.py[line:40] - INFO: rewards random_add_unobserved_common_cause:0.7
2024-04-04 05:58:59,403 - /root/PycharmProjects/paper/Logger.py[line:40] - INFO: real ate:0.46048498
2024-04-04 05:58:59,403 - /root/PycharmProjects/paper/Logger.py[line:40] - INFO: Base method ate:-0.01425148229818589
2024-04-04 06:00:24,193 - /root/PycharmProjects/paper/Logger.py[line:40] - INFO: rewards random_add_unobserved_common_cause:0.19999999999999996
2024-04-04 06:00:24,194 - /root/PycharmProjects/paper/Logger.py[line:40] - INFO: real ate:0.48948097
2024-04-04 06:00:24,194 - /root/PycharmProjects/paper/Logger.py[line:40] - INFO: Base method ate:0.050030013858228334
2024-04-04 06:00:24,194 - /root/PycharmProjects/paper/Logger.py[line:40] - INFO: Base method ate diff MSE mean:0.18646723561971254
2024-04-04 06:00:24,194 - /root/PycharmProjects/paper/Logger.py[line:40] - INFO: Base method ate diff MAE mean:0.42935898299254394
2024-04-04 06:00:24,194 - /root/PycharmProjects/paper/Logger.py[line:40] - INFO: Base method ate diff RMSE mean:0.43181852162651907
2024-04-04 06:00:24,194 - /root/PycharmProjects/paper/Logger.py[line:40] - INFO: Base method total_p_value_mean_random:0.5783333333333333
2024-04-04 07:00:47,084 - /root/PycharmProjects/paper/Logger.py[line:40] - INFO: rewards random_add_unobserved_common_cause:0.19999999999999996
2024-04-04 07:00:47,084 - /root/PycharmProjects/paper/Logger.py[line:40] - INFO: real ate:0.47330272
2024-04-04 07:00:47,084 - /root/PycharmProjects/paper/Logger.py[line:40] - INFO: Base method ate:0.031610635424882585
2024-04-04 07:02:11,765 - /root/PycharmProjects/paper/Logger.py[line:40] - INFO: rewards random_add_unobserved_common_cause:0.19999999999999996
2024-04-04 07:02:11,766 - /root/PycharmProjects/paper/Logger.py[line:40] - INFO: real ate:0.4455781
2024-04-04 07:02:11,766 - /root/PycharmProjects/paper/Logger.py[line:40] - INFO: Base method ate:0.010304072424226735
2024-04-04 07:03:36,741 - /root/PycharmProjects/paper/Logger.py[line:40] - INFO: rewards random_add_unobserved_common_cause:1.0
2024-04-04 07:03:36,741 - /root/PycharmProjects/paper/Logger.py[line:40] - INFO: real ate:0.4636904
2024-04-04 07:03:36,741 - /root/PycharmProjects/paper/Logger.py[line:40] - INFO: Base method ate:0.09771735456114539
2024-04-04 07:05:02,937 - /root/PycharmProjects/paper/Logger.py[line:40] - INFO: rewards random_add_unobserved_common_cause:0.19999999999999996
2024-04-04 07:05:02,938 - /root/PycharmProjects/paper/Logger.py[line:40] - INFO: real ate:0.4579382
2024-04-04 07:05:02,938 - /root/PycharmProjects/paper/Logger.py[line:40] - INFO: Base method ate:0.019908181910807926
2024-04-04 07:06:28,143 - /root/PycharmProjects/paper/Logger.py[line:40] - INFO: rewards random_add_unobserved_common_cause:0.96
2024-04-04 07:06:28,144 - /root/PycharmProjects/paper/Logger.py[line:40] - INFO: real ate:0.44600928
2024-04-04 07:06:28,144 - /root/PycharmProjects/paper/Logger.py[line:40] - INFO: Base method ate:0.006951420946971913
2024-04-04 07:07:54,263 - /root/PycharmProjects/paper/Logger.py[line:40] - INFO: rewards random_add_unobserved_common_cause:1.0
2024-04-04 07:07:54,263 - /root/PycharmProjects/paper/Logger.py[line:40] - INFO: real ate:0.42234898
2024-04-04 07:07:54,263 - /root/PycharmProjects/paper/Logger.py[line:40] - INFO: Base method ate:0.0670455550054947
2024-04-04 07:09:19,574 - /root/PycharmProjects/paper/Logger.py[line:40] - INFO: rewards random_add_unobserved_common_cause:1.0
2024-04-04 07:09:19,574 - /root/PycharmProjects/paper/Logger.py[line:40] - INFO: real ate:0.454273
2024-04-04 07:09:19,574 - /root/PycharmProjects/paper/Logger.py[line:40] - INFO: Base method ate:0.04934147320982335
2024-04-04 07:10:43,974 - /root/PycharmProjects/paper/Logger.py[line:40] - INFO: rewards random_add_unobserved_common_cause:0.19999999999999996
2024-04-04 07:10:43,974 - /root/PycharmProjects/paper/Logger.py[line:40] - INFO: real ate:0.44385695
2024-04-04 07:10:43,974 - /root/PycharmProjects/paper/Logger.py[line:40] - INFO: Base method ate:0.044235039355077846
2024-04-04 07:12:12,194 - /root/PycharmProjects/paper/Logger.py[line:40] - INFO: rewards random_add_unobserved_common_cause:0.64
2024-04-04 07:12:12,195 - /root/PycharmProjects/paper/Logger.py[line:40] - INFO: real ate:0.41958737
2024-04-04 07:12:12,195 - /root/PycharmProjects/paper/Logger.py[line:40] - INFO: Base method ate:-0.0005770651920133336
2024-04-04 07:13:39,108 - /root/PycharmProjects/paper/Logger.py[line:40] - INFO: rewards random_add_unobserved_common_cause:0.3999999999999999
2024-04-04 07:13:39,109 - /root/PycharmProjects/paper/Logger.py[line:40] - INFO: real ate:0.49218094
2024-04-04 07:13:39,109 - /root/PycharmProjects/paper/Logger.py[line:40] - INFO: Base method ate:-0.04591132046059664
2024-04-04 07:15:04,565 - /root/PycharmProjects/paper/Logger.py[line:40] - INFO: rewards random_add_unobserved_common_cause:0.64
2024-04-04 07:15:04,565 - /root/PycharmProjects/paper/Logger.py[line:40] - INFO: real ate:0.46048498
2024-04-04 07:15:04,566 - /root/PycharmProjects/paper/Logger.py[line:40] - INFO: Base method ate:-0.014759907457150787
2024-04-04 07:16:29,298 - /root/PycharmProjects/paper/Logger.py[line:40] - INFO: rewards random_add_unobserved_common_cause:0.19999999999999996
2024-04-04 07:16:29,299 - /root/PycharmProjects/paper/Logger.py[line:40] - INFO: real ate:0.48948097
2024-04-04 07:16:29,299 - /root/PycharmProjects/paper/Logger.py[line:40] - INFO: Base method ate:0.05001101113921978
2024-04-04 07:16:29,299 - /root/PycharmProjects/paper/Logger.py[line:40] - INFO: Base method ate diff MSE mean:0.18650953818039373
2024-04-04 07:16:29,299 - /root/PycharmProjects/paper/Logger.py[line:40] - INFO: Base method ate diff MAE mean:0.42940461911000827
2024-04-04 07:16:29,299 - /root/PycharmProjects/paper/Logger.py[line:40] - INFO: Base method ate diff RMSE mean:0.4318675007226102
2024-04-04 07:16:29,299 - /root/PycharmProjects/paper/Logger.py[line:40] - INFO: Base method total_p_value_mean_random:0.5533333333333332
2024-04-04 08:15:26,722 - /root/PycharmProjects/paper/Logger.py[line:40] - INFO: rewards random_add_unobserved_common_cause:0.19999999999999996
2024-04-04 08:15:26,723 - /root/PycharmProjects/paper/Logger.py[line:40] - INFO: real ate:0.47330272
2024-04-04 08:15:26,723 - /root/PycharmProjects/paper/Logger.py[line:40] - INFO: Base method ate:0.03161063542488259
2024-04-04 08:16:52,697 - /root/PycharmProjects/paper/Logger.py[line:40] - INFO: rewards random_add_unobserved_common_cause:0.19999999999999996
2024-04-04 08:16:52,697 - /root/PycharmProjects/paper/Logger.py[line:40] - INFO: real ate:0.4455781
2024-04-04 08:16:52,697 - /root/PycharmProjects/paper/Logger.py[line:40] - INFO: Base method ate:0.010196367887189969
2024-04-04 08:18:17,746 - /root/PycharmProjects/paper/Logger.py[line:40] - INFO: rewards random_add_unobserved_common_cause:1.0
2024-04-04 08:18:17,746 - /root/PycharmProjects/paper/Logger.py[line:40] - INFO: real ate:0.4636904
2024-04-04 08:18:17,746 - /root/PycharmProjects/paper/Logger.py[line:40] - INFO: Base method ate:0.09771574066318865
2024-04-04 08:19:43,080 - /root/PycharmProjects/paper/Logger.py[line:40] - INFO: rewards random_add_unobserved_common_cause:0.19999999999999996
2024-04-04 08:19:43,080 - /root/PycharmProjects/paper/Logger.py[line:40] - INFO: real ate:0.4579382
2024-04-04 08:19:43,080 - /root/PycharmProjects/paper/Logger.py[line:40] - INFO: Base method ate:0.020081875257130476
2024-04-04 08:21:08,879 - /root/PycharmProjects/paper/Logger.py[line:40] - INFO: rewards random_add_unobserved_common_cause:0.98
2024-04-04 08:21:08,879 - /root/PycharmProjects/paper/Logger.py[line:40] - INFO: real ate:0.44600928
2024-04-04 08:21:08,879 - /root/PycharmProjects/paper/Logger.py[line:40] - INFO: Base method ate:0.006952172140661508
2024-04-04 08:22:35,199 - /root/PycharmProjects/paper/Logger.py[line:40] - INFO: rewards random_add_unobserved_common_cause:1.0
2024-04-04 08:22:35,199 - /root/PycharmProjects/paper/Logger.py[line:40] - INFO: real ate:0.42234898
2024-04-04 08:22:35,199 - /root/PycharmProjects/paper/Logger.py[line:40] - INFO: Base method ate:0.06707409290887968
2024-04-04 08:24:00,870 - /root/PycharmProjects/paper/Logger.py[line:40] - INFO: rewards random_add_unobserved_common_cause:1.0
2024-04-04 08:24:00,870 - /root/PycharmProjects/paper/Logger.py[line:40] - INFO: real ate:0.454273
2024-04-04 08:24:00,870 - /root/PycharmProjects/paper/Logger.py[line:40] - INFO: Base method ate:0.04830847427621499
2024-04-04 08:25:27,233 - /root/PycharmProjects/paper/Logger.py[line:40] - INFO: rewards random_add_unobserved_common_cause:0.19999999999999996
2024-04-04 08:25:27,234 - /root/PycharmProjects/paper/Logger.py[line:40] - INFO: real ate:0.44385695
2024-04-04 08:25:27,234 - /root/PycharmProjects/paper/Logger.py[line:40] - INFO: Base method ate:0.04423274009572948
2024-04-04 08:26:52,593 - /root/PycharmProjects/paper/Logger.py[line:40] - INFO: rewards random_add_unobserved_common_cause:0.62
2024-04-04 08:26:52,593 - /root/PycharmProjects/paper/Logger.py[line:40] - INFO: real ate:0.41958737
2024-04-04 08:26:52,593 - /root/PycharmProjects/paper/Logger.py[line:40] - INFO: Base method ate:-0.0005603670069453319
2024-04-04 08:28:18,946 - /root/PycharmProjects/paper/Logger.py[line:40] - INFO: rewards random_add_unobserved_common_cause:0.3999999999999999
2024-04-04 08:28:18,946 - /root/PycharmProjects/paper/Logger.py[line:40] - INFO: real ate:0.49218094
2024-04-04 08:28:18,946 - /root/PycharmProjects/paper/Logger.py[line:40] - INFO: Base method ate:-0.04591770457090446
2024-04-04 08:29:43,760 - /root/PycharmProjects/paper/Logger.py[line:40] - INFO: rewards random_add_unobserved_common_cause:0.21999999999999997
2024-04-04 08:29:43,761 - /root/PycharmProjects/paper/Logger.py[line:40] - INFO: real ate:0.46048498
2024-04-04 08:29:43,761 - /root/PycharmProjects/paper/Logger.py[line:40] - INFO: Base method ate:-0.016005906604451985
2024-04-04 08:31:08,876 - /root/PycharmProjects/paper/Logger.py[line:40] - INFO: rewards random_add_unobserved_common_cause:0.19999999999999996
2024-04-04 08:31:08,877 - /root/PycharmProjects/paper/Logger.py[line:40] - INFO: real ate:0.48948097
2024-04-04 08:31:08,877 - /root/PycharmProjects/paper/Logger.py[line:40] - INFO: Base method ate:0.05003432207542733
2024-04-04 08:31:08,877 - /root/PycharmProjects/paper/Logger.py[line:40] - INFO: Base method ate diff MSE mean:0.18666950368199867
2024-04-04 08:31:08,877 - /root/PycharmProjects/paper/Logger.py[line:40] - INFO: Base method ate diff MAE mean:0.4295841198034154
2024-04-04 08:31:08,877 - /root/PycharmProjects/paper/Logger.py[line:40] - INFO: Base method ate diff RMSE mean:0.4320526630886548
2024-04-04 08:31:08,877 - /root/PycharmProjects/paper/Logger.py[line:40] - INFO: Base method total_p_value_mean_random:0.5183333333333332
2024-04-04 09:30:27,053 - /root/PycharmProjects/paper/Logger.py[line:40] - INFO: rewards random_add_unobserved_common_cause:0.19999999999999996
2024-04-04 09:30:27,055 - /root/PycharmProjects/paper/Logger.py[line:40] - INFO: real ate:0.47330272
2024-04-04 09:30:27,055 - /root/PycharmProjects/paper/Logger.py[line:40] - INFO: Base method ate:0.03161063542488259
2024-04-04 09:31:54,346 - /root/PycharmProjects/paper/Logger.py[line:40] - INFO: rewards random_add_unobserved_common_cause:0.19999999999999996
2024-04-04 09:31:54,348 - /root/PycharmProjects/paper/Logger.py[line:40] - INFO: real ate:0.4455781
2024-04-04 09:31:54,348 - /root/PycharmProjects/paper/Logger.py[line:40] - INFO: Base method ate:0.010298708359101865
2024-04-04 09:33:20,093 - /root/PycharmProjects/paper/Logger.py[line:40] - INFO: rewards random_add_unobserved_common_cause:1.0
2024-04-04 09:33:20,096 - /root/PycharmProjects/paper/Logger.py[line:40] - INFO: real ate:0.4636904
2024-04-04 09:33:20,096 - /root/PycharmProjects/paper/Logger.py[line:40] - INFO: Base method ate:0.09770811619483473
2024-04-04 09:34:45,708 - /root/PycharmProjects/paper/Logger.py[line:40] - INFO: rewards random_add_unobserved_common_cause:0.19999999999999996
2024-04-04 09:34:45,708 - /root/PycharmProjects/paper/Logger.py[line:40] - INFO: real ate:0.4579382
2024-04-04 09:34:45,708 - /root/PycharmProjects/paper/Logger.py[line:40] - INFO: Base method ate:0.020353714669787824
2024-04-04 09:36:17,829 - /root/PycharmProjects/paper/Logger.py[line:40] - INFO: rewards random_add_unobserved_common_cause:0.9199999999999999
2024-04-04 09:36:17,830 - /root/PycharmProjects/paper/Logger.py[line:40] - INFO: real ate:0.44600928
2024-04-04 09:36:17,830 - /root/PycharmProjects/paper/Logger.py[line:40] - INFO: Base method ate:0.0069467816089532255
2024-04-04 09:37:43,877 - /root/PycharmProjects/paper/Logger.py[line:40] - INFO: rewards random_add_unobserved_common_cause:1.0
2024-04-04 09:37:43,878 - /root/PycharmProjects/paper/Logger.py[line:40] - INFO: real ate:0.42234898
2024-04-04 09:37:43,878 - /root/PycharmProjects/paper/Logger.py[line:40] - INFO: Base method ate:0.06703207670990634
2024-04-04 09:39:11,744 - /root/PycharmProjects/paper/Logger.py[line:40] - INFO: rewards random_add_unobserved_common_cause:1.0
2024-04-04 09:39:11,746 - /root/PycharmProjects/paper/Logger.py[line:40] - INFO: real ate:0.454273
2024-04-04 09:39:11,746 - /root/PycharmProjects/paper/Logger.py[line:40] - INFO: Base method ate:0.05024470671359329
2024-04-04 09:40:37,582 - /root/PycharmProjects/paper/Logger.py[line:40] - INFO: rewards random_add_unobserved_common_cause:0.19999999999999996
2024-04-04 09:40:37,582 - /root/PycharmProjects/paper/Logger.py[line:40] - INFO: real ate:0.44385695
2024-04-04 09:40:37,582 - /root/PycharmProjects/paper/Logger.py[line:40] - INFO: Base method ate:0.0442333580006908
2024-04-04 09:42:05,110 - /root/PycharmProjects/paper/Logger.py[line:40] - INFO: rewards random_add_unobserved_common_cause:0.6599999999999999
2024-04-04 09:42:05,110 - /root/PycharmProjects/paper/Logger.py[line:40] - INFO: real ate:0.41958737
2024-04-04 09:42:05,110 - /root/PycharmProjects/paper/Logger.py[line:40] - INFO: Base method ate:-0.0005614902453226192
2024-04-04 09:43:30,754 - /root/PycharmProjects/paper/Logger.py[line:40] - INFO: rewards random_add_unobserved_common_cause:0.41999999999999993
2024-04-04 09:43:30,755 - /root/PycharmProjects/paper/Logger.py[line:40] - INFO: real ate:0.49218094
2024-04-04 09:43:30,755 - /root/PycharmProjects/paper/Logger.py[line:40] - INFO: Base method ate:-0.045929577823581855
2024-04-04 09:44:58,164 - /root/PycharmProjects/paper/Logger.py[line:40] - INFO: rewards random_add_unobserved_common_cause:0.06000000000000005
2024-04-04 09:44:58,164 - /root/PycharmProjects/paper/Logger.py[line:40] - INFO: real ate:0.46048498
2024-04-04 09:44:58,164 - /root/PycharmProjects/paper/Logger.py[line:40] - INFO: Base method ate:-0.01670329269009426
2024-04-04 09:46:23,438 - /root/PycharmProjects/paper/Logger.py[line:40] - INFO: rewards random_add_unobserved_common_cause:0.19999999999999996
2024-04-04 09:46:23,438 - /root/PycharmProjects/paper/Logger.py[line:40] - INFO: real ate:0.48948097
2024-04-04 09:46:23,439 - /root/PycharmProjects/paper/Logger.py[line:40] - INFO: Base method ate:0.050051055052756754
2024-04-04 09:46:23,439 - /root/PycharmProjects/paper/Logger.py[line:40] - INFO: Base method ate diff MSE mean:0.18657020015178458
2024-04-04 09:46:23,439 - /root/PycharmProjects/paper/Logger.py[line:40] - INFO: Base method ate diff MAE mean:0.42945392401770666
2024-04-04 09:46:23,439 - /root/PycharmProjects/paper/Logger.py[line:40] - INFO: Base method ate diff RMSE mean:0.43193772716884155
2024-04-04 09:46:23,439 - /root/PycharmProjects/paper/Logger.py[line:40] - INFO: Base method total_p_value_mean_random:0.505
2024-04-04 10:45:24,516 - /root/PycharmProjects/paper/Logger.py[line:40] - INFO: rewards random_add_unobserved_common_cause:0.19999999999999996
2024-04-04 10:45:24,517 - /root/PycharmProjects/paper/Logger.py[line:40] - INFO: real ate:0.47330272
2024-04-04 10:45:24,517 - /root/PycharmProjects/paper/Logger.py[line:40] - INFO: Base method ate:0.03161063542488259
2024-04-04 10:46:49,159 - /root/PycharmProjects/paper/Logger.py[line:40] - INFO: rewards random_add_unobserved_common_cause:0.19999999999999996
2024-04-04 10:46:49,159 - /root/PycharmProjects/paper/Logger.py[line:40] - INFO: real ate:0.4455781
2024-04-04 10:46:49,159 - /root/PycharmProjects/paper/Logger.py[line:40] - INFO: Base method ate:0.010327675451956099
2024-04-04 10:48:13,703 - /root/PycharmProjects/paper/Logger.py[line:40] - INFO: rewards random_add_unobserved_common_cause:1.0
2024-04-04 10:48:13,703 - /root/PycharmProjects/paper/Logger.py[line:40] - INFO: real ate:0.4636904
2024-04-04 10:48:13,703 - /root/PycharmProjects/paper/Logger.py[line:40] - INFO: Base method ate:0.09775374474332849
2024-04-04 10:49:37,889 - /root/PycharmProjects/paper/Logger.py[line:40] - INFO: rewards random_add_unobserved_common_cause:0.19999999999999996
2024-04-04 10:49:37,889 - /root/PycharmProjects/paper/Logger.py[line:40] - INFO: real ate:0.4579382
2024-04-04 10:49:37,889 - /root/PycharmProjects/paper/Logger.py[line:40] - INFO: Base method ate:0.020392030186223004
2024-04-04 10:51:03,631 - /root/PycharmProjects/paper/Logger.py[line:40] - INFO: rewards random_add_unobserved_common_cause:0.98
2024-04-04 10:51:03,631 - /root/PycharmProjects/paper/Logger.py[line:40] - INFO: real ate:0.44600928
2024-04-04 10:51:03,631 - /root/PycharmProjects/paper/Logger.py[line:40] - INFO: Base method ate:0.006938922572869237
2024-04-04 10:52:29,341 - /root/PycharmProjects/paper/Logger.py[line:40] - INFO: rewards random_add_unobserved_common_cause:1.0
2024-04-04 10:52:29,342 - /root/PycharmProjects/paper/Logger.py[line:40] - INFO: real ate:0.42234898
2024-04-04 10:52:29,342 - /root/PycharmProjects/paper/Logger.py[line:40] - INFO: Base method ate:0.0670287423189884
2024-04-04 10:53:54,942 - /root/PycharmProjects/paper/Logger.py[line:40] - INFO: rewards random_add_unobserved_common_cause:1.0
2024-04-04 10:53:54,943 - /root/PycharmProjects/paper/Logger.py[line:40] - INFO: real ate:0.454273
2024-04-04 10:53:54,943 - /root/PycharmProjects/paper/Logger.py[line:40] - INFO: Base method ate:0.05020722738908887
2024-04-04 10:55:19,963 - /root/PycharmProjects/paper/Logger.py[line:40] - INFO: rewards random_add_unobserved_common_cause:0.19999999999999996
2024-04-04 10:55:19,963 - /root/PycharmProjects/paper/Logger.py[line:40] - INFO: real ate:0.44385695
2024-04-04 10:55:19,963 - /root/PycharmProjects/paper/Logger.py[line:40] - INFO: Base method ate:0.04423422095014639
2024-04-04 10:56:44,582 - /root/PycharmProjects/paper/Logger.py[line:40] - INFO: rewards random_add_unobserved_common_cause:0.72
2024-04-04 10:56:44,582 - /root/PycharmProjects/paper/Logger.py[line:40] - INFO: real ate:0.41958737
2024-04-04 10:56:44,582 - /root/PycharmProjects/paper/Logger.py[line:40] - INFO: Base method ate:-0.0005598620439424886
2024-04-04 10:58:09,687 - /root/PycharmProjects/paper/Logger.py[line:40] - INFO: rewards random_add_unobserved_common_cause:0.41999999999999993
2024-04-04 10:58:09,687 - /root/PycharmProjects/paper/Logger.py[line:40] - INFO: real ate:0.49218094
2024-04-04 10:58:09,687 - /root/PycharmProjects/paper/Logger.py[line:40] - INFO: Base method ate:-0.04591587501515094
2024-04-04 10:59:35,259 - /root/PycharmProjects/paper/Logger.py[line:40] - INFO: rewards random_add_unobserved_common_cause:0.18000000000000005
2024-04-04 10:59:35,259 - /root/PycharmProjects/paper/Logger.py[line:40] - INFO: real ate:0.46048498
2024-04-04 10:59:35,259 - /root/PycharmProjects/paper/Logger.py[line:40] - INFO: Base method ate:-0.01653071303733312
2024-04-04 11:01:02,189 - /root/PycharmProjects/paper/Logger.py[line:40] - INFO: rewards random_add_unobserved_common_cause:0.19999999999999996
2024-04-04 11:01:02,189 - /root/PycharmProjects/paper/Logger.py[line:40] - INFO: real ate:0.48948097
2024-04-04 11:01:02,189 - /root/PycharmProjects/paper/Logger.py[line:40] - INFO: Base method ate:0.050108087509230244
2024-04-04 11:01:02,189 - /root/PycharmProjects/paper/Logger.py[line:40] - INFO: Base method ate diff MSE mean:0.1865465178204094
2024-04-04 11:01:02,189 - /root/PycharmProjects/paper/Logger.py[line:40] - INFO: Base method ate diff MAE mean:0.4294280869781419
2024-04-04 11:01:02,190 - /root/PycharmProjects/paper/Logger.py[line:40] - INFO: Base method ate diff RMSE mean:0.4319103122413372
2024-04-04 11:01:02,190 - /root/PycharmProjects/paper/Logger.py[line:40] - INFO: Base method total_p_value_mean_random:0.5249999999999999
2024-04-04 11:59:51,685 - /root/PycharmProjects/paper/Logger.py[line:40] - INFO: rewards random_add_unobserved_common_cause:0.19999999999999996
2024-04-04 11:59:51,686 - /root/PycharmProjects/paper/Logger.py[line:40] - INFO: real ate:0.47330272
2024-04-04 11:59:51,686 - /root/PycharmProjects/paper/Logger.py[line:40] - INFO: Base method ate:0.031610635424882585
2024-04-04 12:01:17,917 - /root/PycharmProjects/paper/Logger.py[line:40] - INFO: rewards random_add_unobserved_common_cause:0.19999999999999996
2024-04-04 12:01:17,917 - /root/PycharmProjects/paper/Logger.py[line:40] - INFO: real ate:0.4455781
2024-04-04 12:01:17,917 - /root/PycharmProjects/paper/Logger.py[line:40] - INFO: Base method ate:0.010549291938307353
2024-04-04 12:02:42,997 - /root/PycharmProjects/paper/Logger.py[line:40] - INFO: rewards random_add_unobserved_common_cause:1.0
2024-04-04 12:02:42,998 - /root/PycharmProjects/paper/Logger.py[line:40] - INFO: real ate:0.4636904
2024-04-04 12:02:42,998 - /root/PycharmProjects/paper/Logger.py[line:40] - INFO: Base method ate:0.09770605580734813
2024-04-04 12:04:09,242 - /root/PycharmProjects/paper/Logger.py[line:40] - INFO: rewards random_add_unobserved_common_cause:0.19999999999999996
2024-04-04 12:04:09,242 - /root/PycharmProjects/paper/Logger.py[line:40] - INFO: real ate:0.4579382
2024-04-04 12:04:09,242 - /root/PycharmProjects/paper/Logger.py[line:40] - INFO: Base method ate:0.0204180295607461
2024-04-04 12:05:34,464 - /root/PycharmProjects/paper/Logger.py[line:40] - INFO: rewards random_add_unobserved_common_cause:0.96
2024-04-04 12:05:34,465 - /root/PycharmProjects/paper/Logger.py[line:40] - INFO: real ate:0.44600928
2024-04-04 12:05:34,465 - /root/PycharmProjects/paper/Logger.py[line:40] - INFO: Base method ate:0.006920530809391052
2024-04-04 12:07:01,158 - /root/PycharmProjects/paper/Logger.py[line:40] - INFO: rewards random_add_unobserved_common_cause:1.0
2024-04-04 12:07:01,158 - /root/PycharmProjects/paper/Logger.py[line:40] - INFO: real ate:0.42234898
2024-04-04 12:07:01,158 - /root/PycharmProjects/paper/Logger.py[line:40] - INFO: Base method ate:0.06704445346122284
2024-04-04 12:08:26,686 - /root/PycharmProjects/paper/Logger.py[line:40] - INFO: rewards random_add_unobserved_common_cause:1.0
2024-04-04 12:08:26,687 - /root/PycharmProjects/paper/Logger.py[line:40] - INFO: real ate:0.454273
2024-04-04 12:08:26,687 - /root/PycharmProjects/paper/Logger.py[line:40] - INFO: Base method ate:0.04961149677408725
2024-04-04 12:09:53,011 - /root/PycharmProjects/paper/Logger.py[line:40] - INFO: rewards random_add_unobserved_common_cause:0.19999999999999996
2024-04-04 12:09:53,011 - /root/PycharmProjects/paper/Logger.py[line:40] - INFO: real ate:0.44385695
2024-04-04 12:09:53,011 - /root/PycharmProjects/paper/Logger.py[line:40] - INFO: Base method ate:0.04423375831944452
2024-04-04 12:11:18,909 - /root/PycharmProjects/paper/Logger.py[line:40] - INFO: rewards random_add_unobserved_common_cause:0.8200000000000001
2024-04-04 12:11:18,909 - /root/PycharmProjects/paper/Logger.py[line:40] - INFO: real ate:0.41958737
2024-04-04 12:11:18,909 - /root/PycharmProjects/paper/Logger.py[line:40] - INFO: Base method ate:-0.0005346816822979781
2024-04-04 12:12:45,777 - /root/PycharmProjects/paper/Logger.py[line:40] - INFO: rewards random_add_unobserved_common_cause:0.3799999999999999
2024-04-04 12:12:45,778 - /root/PycharmProjects/paper/Logger.py[line:40] - INFO: real ate:0.49218094
2024-04-04 12:12:45,778 - /root/PycharmProjects/paper/Logger.py[line:40] - INFO: Base method ate:-0.04592245477115515
2024-04-04 12:14:12,697 - /root/PycharmProjects/paper/Logger.py[line:40] - INFO: rewards random_add_unobserved_common_cause:0.020000000000000018
2024-04-04 12:14:12,698 - /root/PycharmProjects/paper/Logger.py[line:40] - INFO: real ate:0.46048498
2024-04-04 12:14:12,698 - /root/PycharmProjects/paper/Logger.py[line:40] - INFO: Base method ate:-0.01685168200334223
2024-04-04 12:15:39,645 - /root/PycharmProjects/paper/Logger.py[line:40] - INFO: rewards random_add_unobserved_common_cause:0.19999999999999996
2024-04-04 12:15:39,646 - /root/PycharmProjects/paper/Logger.py[line:40] - INFO: real ate:0.48948097
2024-04-04 12:15:39,646 - /root/PycharmProjects/paper/Logger.py[line:40] - INFO: Base method ate:0.049993665236197644
2024-04-04 12:15:39,646 - /root/PycharmProjects/paper/Logger.py[line:40] - INFO: Base method ate diff MSE mean:0.18660478666673183
2024-04-04 12:15:39,646 - /root/PycharmProjects/paper/Logger.py[line:40] - INFO: Base method ate diff MAE mean:0.4294960651094297
2024-04-04 12:15:39,646 - /root/PycharmProjects/paper/Logger.py[line:40] - INFO: Base method ate diff RMSE mean:0.43197776177337166
2024-04-04 12:15:39,646 - /root/PycharmProjects/paper/Logger.py[line:40] - INFO: Base method total_p_value_mean_random:0.515
2024-04-04 13:14:15,868 - /root/PycharmProjects/paper/Logger.py[line:40] - INFO: rewards random_add_unobserved_common_cause:0.19999999999999996
2024-04-04 13:14:15,868 - /root/PycharmProjects/paper/Logger.py[line:40] - INFO: real ate:0.47330272
2024-04-04 13:14:15,868 - /root/PycharmProjects/paper/Logger.py[line:40] - INFO: Base method ate:0.03161063542488259
2024-04-04 13:15:41,465 - /root/PycharmProjects/paper/Logger.py[line:40] - INFO: rewards random_add_unobserved_common_cause:0.19999999999999996
2024-04-04 13:15:41,465 - /root/PycharmProjects/paper/Logger.py[line:40] - INFO: real ate:0.4455781
2024-04-04 13:15:41,465 - /root/PycharmProjects/paper/Logger.py[line:40] - INFO: Base method ate:0.010320000423614957
2024-04-04 13:17:06,525 - /root/PycharmProjects/paper/Logger.py[line:40] - INFO: rewards random_add_unobserved_common_cause:1.0
2024-04-04 13:17:06,526 - /root/PycharmProjects/paper/Logger.py[line:40] - INFO: real ate:0.4636904
2024-04-04 13:17:06,526 - /root/PycharmProjects/paper/Logger.py[line:40] - INFO: Base method ate:0.09772691743874623
2024-04-04 13:18:31,958 - /root/PycharmProjects/paper/Logger.py[line:40] - INFO: rewards random_add_unobserved_common_cause:0.19999999999999996
2024-04-04 13:18:31,958 - /root/PycharmProjects/paper/Logger.py[line:40] - INFO: real ate:0.4579382
2024-04-04 13:18:31,958 - /root/PycharmProjects/paper/Logger.py[line:40] - INFO: Base method ate:0.019645829251520204
2024-04-04 13:19:57,363 - /root/PycharmProjects/paper/Logger.py[line:40] - INFO: rewards random_add_unobserved_common_cause:0.8999999999999999
2024-04-04 13:19:57,363 - /root/PycharmProjects/paper/Logger.py[line:40] - INFO: real ate:0.44600928
2024-04-04 13:19:57,363 - /root/PycharmProjects/paper/Logger.py[line:40] - INFO: Base method ate:0.006955389330707381
2024-04-04 13:21:22,243 - /root/PycharmProjects/paper/Logger.py[line:40] - INFO: rewards random_add_unobserved_common_cause:1.0
2024-04-04 13:21:22,243 - /root/PycharmProjects/paper/Logger.py[line:40] - INFO: real ate:0.42234898
2024-04-04 13:21:22,243 - /root/PycharmProjects/paper/Logger.py[line:40] - INFO: Base method ate:0.06702872079479198
2024-04-04 13:22:47,925 - /root/PycharmProjects/paper/Logger.py[line:40] - INFO: rewards random_add_unobserved_common_cause:1.0
2024-04-04 13:22:47,925 - /root/PycharmProjects/paper/Logger.py[line:40] - INFO: real ate:0.454273
2024-04-04 13:22:47,925 - /root/PycharmProjects/paper/Logger.py[line:40] - INFO: Base method ate:0.05016893486600198
2024-04-04 13:24:13,288 - /root/PycharmProjects/paper/Logger.py[line:40] - INFO: rewards random_add_unobserved_common_cause:0.19999999999999996
2024-04-04 13:24:13,288 - /root/PycharmProjects/paper/Logger.py[line:40] - INFO: real ate:0.44385695
2024-04-04 13:24:13,288 - /root/PycharmProjects/paper/Logger.py[line:40] - INFO: Base method ate:0.04423353839721359
2024-04-04 13:25:39,135 - /root/PycharmProjects/paper/Logger.py[line:40] - INFO: rewards random_add_unobserved_common_cause:0.6799999999999999
2024-04-04 13:25:39,136 - /root/PycharmProjects/paper/Logger.py[line:40] - INFO: real ate:0.41958737
2024-04-04 13:25:39,136 - /root/PycharmProjects/paper/Logger.py[line:40] - INFO: Base method ate:-0.0005365645261492272
2024-04-04 13:27:05,770 - /root/PycharmProjects/paper/Logger.py[line:40] - INFO: rewards random_add_unobserved_common_cause:0.3999999999999999
2024-04-04 13:27:05,770 - /root/PycharmProjects/paper/Logger.py[line:40] - INFO: real ate:0.49218094
2024-04-04 13:27:05,770 - /root/PycharmProjects/paper/Logger.py[line:40] - INFO: Base method ate:-0.045910966625259016
2024-04-04 13:28:30,881 - /root/PycharmProjects/paper/Logger.py[line:40] - INFO: rewards random_add_unobserved_common_cause:0.07999999999999996
2024-04-04 13:28:30,881 - /root/PycharmProjects/paper/Logger.py[line:40] - INFO: real ate:0.46048498
2024-04-04 13:28:30,881 - /root/PycharmProjects/paper/Logger.py[line:40] - INFO: Base method ate:-0.017270422400111608
2024-04-04 13:29:55,516 - /root/PycharmProjects/paper/Logger.py[line:40] - INFO: rewards random_add_unobserved_common_cause:0.19999999999999996
2024-04-04 13:29:55,517 - /root/PycharmProjects/paper/Logger.py[line:40] - INFO: real ate:0.48948097
2024-04-04 13:29:55,517 - /root/PycharmProjects/paper/Logger.py[line:40] - INFO: Base method ate:0.0501148912159364
2024-04-04 13:29:55,517 - /root/PycharmProjects/paper/Logger.py[line:40] - INFO: Base method ate diff MSE mean:0.1866608787614329
2024-04-04 13:29:55,517 - /root/PycharmProjects/paper/Logger.py[line:40] - INFO: Base method ate diff MAE mean:0.42955374804967444
2024-04-04 13:29:55,517 - /root/PycharmProjects/paper/Logger.py[line:40] - INFO: Base method ate diff RMSE mean:0.43204268164318316
2024-04-04 13:29:55,517 - /root/PycharmProjects/paper/Logger.py[line:40] - INFO: Base method total_p_value_mean_random:0.505
2024-04-04 14:28:48,445 - /root/PycharmProjects/paper/Logger.py[line:40] - INFO: rewards random_add_unobserved_common_cause:0.19999999999999996
2024-04-04 14:28:48,446 - /root/PycharmProjects/paper/Logger.py[line:40] - INFO: real ate:0.47330272
2024-04-04 14:28:48,446 - /root/PycharmProjects/paper/Logger.py[line:40] - INFO: Base method ate:0.0316106354248826
2024-04-04 14:30:15,429 - /root/PycharmProjects/paper/Logger.py[line:40] - INFO: rewards random_add_unobserved_common_cause:0.19999999999999996
2024-04-04 14:30:15,429 - /root/PycharmProjects/paper/Logger.py[line:40] - INFO: real ate:0.4455781
2024-04-04 14:30:15,429 - /root/PycharmProjects/paper/Logger.py[line:40] - INFO: Base method ate:0.010365461070053664
2024-04-04 14:31:41,350 - /root/PycharmProjects/paper/Logger.py[line:40] - INFO: rewards random_add_unobserved_common_cause:1.0
2024-04-04 14:31:41,350 - /root/PycharmProjects/paper/Logger.py[line:40] - INFO: real ate:0.4636904
2024-04-04 14:31:41,350 - /root/PycharmProjects/paper/Logger.py[line:40] - INFO: Base method ate:0.09773360993610068
2024-04-04 14:33:07,342 - /root/PycharmProjects/paper/Logger.py[line:40] - INFO: rewards random_add_unobserved_common_cause:0.19999999999999996
2024-04-04 14:33:07,343 - /root/PycharmProjects/paper/Logger.py[line:40] - INFO: real ate:0.4579382
2024-04-04 14:33:07,343 - /root/PycharmProjects/paper/Logger.py[line:40] - INFO: Base method ate:0.020429694970692296
2024-04-04 14:34:32,719 - /root/PycharmProjects/paper/Logger.py[line:40] - INFO: rewards random_add_unobserved_common_cause:0.98
2024-04-04 14:34:32,719 - /root/PycharmProjects/paper/Logger.py[line:40] - INFO: real ate:0.44600928
2024-04-04 14:34:32,719 - /root/PycharmProjects/paper/Logger.py[line:40] - INFO: Base method ate:0.006935042859838128
2024-04-04 14:35:58,858 - /root/PycharmProjects/paper/Logger.py[line:40] - INFO: rewards random_add_unobserved_common_cause:1.0
2024-04-04 14:35:58,858 - /root/PycharmProjects/paper/Logger.py[line:40] - INFO: real ate:0.42234898
2024-04-04 14:35:58,858 - /root/PycharmProjects/paper/Logger.py[line:40] - INFO: Base method ate:0.06704730929711206
2024-04-04 14:37:24,375 - /root/PycharmProjects/paper/Logger.py[line:40] - INFO: rewards random_add_unobserved_common_cause:1.0
2024-04-04 14:37:24,375 - /root/PycharmProjects/paper/Logger.py[line:40] - INFO: real ate:0.454273
2024-04-04 14:37:24,375 - /root/PycharmProjects/paper/Logger.py[line:40] - INFO: Base method ate:0.04949243863658104
2024-04-04 14:38:49,270 - /root/PycharmProjects/paper/Logger.py[line:40] - INFO: rewards random_add_unobserved_common_cause:0.19999999999999996
2024-04-04 14:38:49,270 - /root/PycharmProjects/paper/Logger.py[line:40] - INFO: real ate:0.44385695
2024-04-04 14:38:49,270 - /root/PycharmProjects/paper/Logger.py[line:40] - INFO: Base method ate:0.04423116649953966
2024-04-04 14:40:14,224 - /root/PycharmProjects/paper/Logger.py[line:40] - INFO: rewards random_add_unobserved_common_cause:0.7
2024-04-04 14:40:14,225 - /root/PycharmProjects/paper/Logger.py[line:40] - INFO: real ate:0.41958737
2024-04-04 14:40:14,225 - /root/PycharmProjects/paper/Logger.py[line:40] - INFO: Base method ate:-0.0005592438401761699
2024-04-04 14:41:38,715 - /root/PycharmProjects/paper/Logger.py[line:40] - INFO: rewards random_add_unobserved_common_cause:0.52
2024-04-04 14:41:38,715 - /root/PycharmProjects/paper/Logger.py[line:40] - INFO: real ate:0.49218094
2024-04-04 14:41:38,715 - /root/PycharmProjects/paper/Logger.py[line:40] - INFO: Base method ate:-0.045918532244312804
2024-04-04 14:43:03,819 - /root/PycharmProjects/paper/Logger.py[line:40] - INFO: rewards random_add_unobserved_common_cause:0.19999999999999996
2024-04-04 14:43:03,819 - /root/PycharmProjects/paper/Logger.py[line:40] - INFO: real ate:0.46048498
2024-04-04 14:43:03,819 - /root/PycharmProjects/paper/Logger.py[line:40] - INFO: Base method ate:-0.01590871001910255
2024-04-04 14:44:29,169 - /root/PycharmProjects/paper/Logger.py[line:40] - INFO: rewards random_add_unobserved_common_cause:0.19999999999999996
2024-04-04 14:44:29,169 - /root/PycharmProjects/paper/Logger.py[line:40] - INFO: real ate:0.48948097
2024-04-04 14:44:29,169 - /root/PycharmProjects/paper/Logger.py[line:40] - INFO: Base method ate:0.049994436833334356
2024-04-04 14:44:29,169 - /root/PycharmProjects/paper/Logger.py[line:40] - INFO: Base method ate diff MSE mean:0.18654892572342516
2024-04-04 14:44:29,169 - /root/PycharmProjects/paper/Logger.py[line:40] - INFO: Base method ate diff MAE mean:0.42943988089695373
2024-04-04 14:44:29,169 - /root/PycharmProjects/paper/Logger.py[line:40] - INFO: Base method ate diff RMSE mean:0.431913099735844
2024-04-04 14:44:29,169 - /root/PycharmProjects/paper/Logger.py[line:40] - INFO: Base method total_p_value_mean_random:0.5333333333333333
2024-04-04 15:42:48,686 - /root/PycharmProjects/paper/Logger.py[line:40] - INFO: rewards random_add_unobserved_common_cause:0.19999999999999996
2024-04-04 15:42:48,687 - /root/PycharmProjects/paper/Logger.py[line:40] - INFO: real ate:0.47330272
2024-04-04 15:42:48,687 - /root/PycharmProjects/paper/Logger.py[line:40] - INFO: Base method ate:0.03161063542488259
2024-04-04 15:44:14,771 - /root/PycharmProjects/paper/Logger.py[line:40] - INFO: rewards random_add_unobserved_common_cause:0.19999999999999996
2024-04-04 15:44:14,771 - /root/PycharmProjects/paper/Logger.py[line:40] - INFO: real ate:0.4455781
2024-04-04 15:44:14,771 - /root/PycharmProjects/paper/Logger.py[line:40] - INFO: Base method ate:0.010345245969836932
2024-04-04 15:45:40,771 - /root/PycharmProjects/paper/Logger.py[line:40] - INFO: rewards random_add_unobserved_common_cause:1.0
2024-04-04 15:45:40,772 - /root/PycharmProjects/paper/Logger.py[line:40] - INFO: real ate:0.4636904
2024-04-04 15:45:40,772 - /root/PycharmProjects/paper/Logger.py[line:40] - INFO: Base method ate:0.09777018853990628
2024-04-04 15:47:05,784 - /root/PycharmProjects/paper/Logger.py[line:40] - INFO: rewards random_add_unobserved_common_cause:0.19999999999999996
2024-04-04 15:47:05,784 - /root/PycharmProjects/paper/Logger.py[line:40] - INFO: real ate:0.4579382
2024-04-04 15:47:05,784 - /root/PycharmProjects/paper/Logger.py[line:40] - INFO: Base method ate:0.01977064023218882
2024-04-04 15:48:30,935 - /root/PycharmProjects/paper/Logger.py[line:40] - INFO: rewards random_add_unobserved_common_cause:0.96
2024-04-04 15:48:30,935 - /root/PycharmProjects/paper/Logger.py[line:40] - INFO: real ate:0.44600928
2024-04-04 15:48:30,935 - /root/PycharmProjects/paper/Logger.py[line:40] - INFO: Base method ate:0.006963128168484601
2024-04-04 15:49:55,907 - /root/PycharmProjects/paper/Logger.py[line:40] - INFO: rewards random_add_unobserved_common_cause:1.0
2024-04-04 15:49:55,907 - /root/PycharmProjects/paper/Logger.py[line:40] - INFO: real ate:0.42234898
2024-04-04 15:49:55,907 - /root/PycharmProjects/paper/Logger.py[line:40] - INFO: Base method ate:0.06702071929712404
2024-04-04 15:51:21,287 - /root/PycharmProjects/paper/Logger.py[line:40] - INFO: rewards random_add_unobserved_common_cause:1.0
2024-04-04 15:51:21,288 - /root/PycharmProjects/paper/Logger.py[line:40] - INFO: real ate:0.454273
2024-04-04 15:51:21,288 - /root/PycharmProjects/paper/Logger.py[line:40] - INFO: Base method ate:0.04954236875593345
2024-04-04 15:52:46,373 - /root/PycharmProjects/paper/Logger.py[line:40] - INFO: rewards random_add_unobserved_common_cause:0.19999999999999996
2024-04-04 15:52:46,373 - /root/PycharmProjects/paper/Logger.py[line:40] - INFO: real ate:0.44385695
2024-04-04 15:52:46,373 - /root/PycharmProjects/paper/Logger.py[line:40] - INFO: Base method ate:0.04423203877828881
2024-04-04 15:54:11,348 - /root/PycharmProjects/paper/Logger.py[line:40] - INFO: rewards random_add_unobserved_common_cause:0.76
2024-04-04 15:54:11,348 - /root/PycharmProjects/paper/Logger.py[line:40] - INFO: real ate:0.41958737
2024-04-04 15:54:11,348 - /root/PycharmProjects/paper/Logger.py[line:40] - INFO: Base method ate:-0.0005404595341500265
2024-04-04 15:55:37,357 - /root/PycharmProjects/paper/Logger.py[line:40] - INFO: rewards random_add_unobserved_common_cause:0.45999999999999996
2024-04-04 15:55:37,357 - /root/PycharmProjects/paper/Logger.py[line:40] - INFO: real ate:0.49218094
2024-04-04 15:55:37,357 - /root/PycharmProjects/paper/Logger.py[line:40] - INFO: Base method ate:-0.045921745601474336
2024-04-04 15:57:02,725 - /root/PycharmProjects/paper/Logger.py[line:40] - INFO: rewards random_add_unobserved_common_cause:0.040000000000000036
2024-04-04 15:57:02,725 - /root/PycharmProjects/paper/Logger.py[line:40] - INFO: real ate:0.46048498
2024-04-04 15:57:02,725 - /root/PycharmProjects/paper/Logger.py[line:40] - INFO: Base method ate:-0.01653288012165253
2024-04-04 15:58:28,780 - /root/PycharmProjects/paper/Logger.py[line:40] - INFO: rewards random_add_unobserved_common_cause:0.19999999999999996
2024-04-04 15:58:28,780 - /root/PycharmProjects/paper/Logger.py[line:40] - INFO: real ate:0.48948097
2024-04-04 15:58:28,780 - /root/PycharmProjects/paper/Logger.py[line:40] - INFO: Base method ate:0.05004006617393989
2024-04-04 15:58:28,780 - /root/PycharmProjects/paper/Logger.py[line:40] - INFO: Base method ate diff MSE mean:0.18663756915028426
2024-04-04 15:58:28,780 - /root/PycharmProjects/paper/Logger.py[line:40] - INFO: Base method ate diff MAE mean:0.4295359945087234
2024-04-04 15:58:28,780 - /root/PycharmProjects/paper/Logger.py[line:40] - INFO: Base method ate diff RMSE mean:0.4320157047495892
2024-04-04 15:58:28,780 - /root/PycharmProjects/paper/Logger.py[line:40] - INFO: Base method total_p_value_mean_random:0.5183333333333333
